# JRE version: OpenJDK Runtime Environment (8.0_242-b01) (build 1.8.0_242-release-1644-b01)
# Java VM: OpenJDK 64-Bit Server VM (25.242-b01 mixed mode windows-amd64 compressed oops)
Heap:
 PSYoungGen      total 365568K, used 73177K [0x00000000e0000000, 0x00000000f9a00000, 0x0000000100000000)
  eden space 338944K, 16% used [0x00000000e0000000,0x00000000e36b6008,0x00000000f4b00000)
  from space 26624K, 64% used [0x00000000f8000000,0x00000000f90d6140,0x00000000f9a00000)
  to   space 40448K, 0% used [0x00000000f4b00000,0x00000000f4b00000,0x00000000f7280000)
 ParOldGen       total 266752K, used 86692K [0x00000000a0000000, 0x00000000b0480000, 0x00000000e0000000)
  object space 266752K, 32% used [0x00000000a0000000,0x00000000a54a9128,0x00000000b0480000)
 Metaspace       used 105755K, capacity 111578K, committed 111912K, reserved 1146880K
  class space    used 13637K, capacity 14717K, committed 14896K, reserved 1048576K
GC Heap History (10 events):
Event: 88.804 GC heap before
{Heap before GC invocations=22 (full 4):
 PSYoungGen      total 321024K, used 286928K [0x00000000e0000000, 0x00000000f9200000, 0x0000000100000000)
  eden space 281088K, 100% used [0x00000000e0000000,0x00000000f1280000,0x00000000f1280000)
  from space 39936K, 14% used [0x00000000f1280000,0x00000000f18341b8,0x00000000f3980000)
  to   space 39936K, 0% used [0x00000000f6b00000,0x00000000f6b00000,0x00000000f9200000)
 ParOldGen       total 266752K, used 86652K [0x00000000a0000000, 0x00000000b0480000, 0x00000000e0000000)
  object space 266752K, 32% used [0x00000000a0000000,0x00000000a549f128,0x00000000b0480000)
 Metaspace       used 101833K, capacity 106498K, committed 108200K, reserved 1142784K
  class space    used 13378K, capacity 14315K, committed 14768K, reserved 1048576K
Event: 88.822 GC heap after
Heap after GC invocations=22 (full 4):
 PSYoungGen      total 358400K, used 13432K [0x00000000e0000000, 0x00000000f8a00000, 0x0000000100000000)
  eden space 326656K, 0% used [0x00000000e0000000,0x00000000e0000000,0x00000000f3f00000)
  from space 31744K, 42% used [0x00000000f6b00000,0x00000000f781e3d8,0x00000000f8a00000)
  to   space 38400K, 0% used [0x00000000f3f00000,0x00000000f3f00000,0x00000000f6480000)
 ParOldGen       total 266752K, used 86660K [0x00000000a0000000, 0x00000000b0480000, 0x00000000e0000000)
  object space 266752K, 32% used [0x00000000a0000000,0x00000000a54a1128,0x00000000b0480000)
 Metaspace       used 101833K, capacity 106498K, committed 108200K, reserved 1142784K
  class space    used 13378K, capacity 14315K, committed 14768K, reserved 1048576K
}
Event: 238.191 GC heap before
{Heap before GC invocations=23 (full 4):
 PSYoungGen      total 358400K, used 340088K [0x00000000e0000000, 0x00000000f8a00000, 0x0000000100000000)
  eden space 326656K, 100% used [0x00000000e0000000,0x00000000f3f00000,0x00000000f3f00000)
  from space 31744K, 42% used [0x00000000f6b00000,0x00000000f781e3d8,0x00000000f8a00000)
  to   space 38400K, 0% used [0x00000000f3f00000,0x00000000f3f00000,0x00000000f6480000)
 ParOldGen       total 266752K, used 86660K [0x00000000a0000000, 0x00000000b0480000, 0x00000000e0000000)
  object space 266752K, 32% used [0x00000000a0000000,0x00000000a54a1128,0x00000000b0480000)
 Metaspace       used 103590K, capacity 108646K, committed 109608K, reserved 1144832K
  class space    used 13491K, capacity 14495K, committed 14896K, reserved 1048576K
Event: 238.215 GC heap after
Heap after GC invocations=23 (full 4):
 PSYoungGen      total 365056K, used 32629K [0x00000000e0000000, 0x00000000fbc00000, 0x0000000100000000)
  eden space 326656K, 0% used [0x00000000e0000000,0x00000000e0000000,0x00000000f3f00000)
  from space 38400K, 84% used [0x00000000f3f00000,0x00000000f5edd6d8,0x00000000f6480000)
  to   space 41984K, 0% used [0x00000000f9300000,0x00000000f9300000,0x00000000fbc00000)
 ParOldGen       total 266752K, used 86668K [0x00000000a0000000, 0x00000000b0480000, 0x00000000e0000000)
  object space 266752K, 32% used [0x00000000a0000000,0x00000000a54a3128,0x00000000b0480000)
 Metaspace       used 103590K, capacity 108646K, committed 109608K, reserved 1144832K
  class space    used 13491K, capacity 14495K, committed 14896K, reserved 1048576K
}
Event: 512.420 GC heap before
{Heap before GC invocations=24 (full 4):
 PSYoungGen      total 365056K, used 359285K [0x00000000e0000000, 0x00000000fbc00000, 0x0000000100000000)
  eden space 326656K, 100% used [0x00000000e0000000,0x00000000f3f00000,0x00000000f3f00000)
  from space 38400K, 84% used [0x00000000f3f00000,0x00000000f5edd6d8,0x00000000f6480000)
  to   space 41984K, 0% used [0x00000000f9300000,0x00000000f9300000,0x00000000fbc00000)
 ParOldGen       total 266752K, used 86668K [0x00000000a0000000, 0x00000000b0480000, 0x00000000e0000000)
  object space 266752K, 32% used [0x00000000a0000000,0x00000000a54a3128,0x00000000b0480000)
 Metaspace       used 104277K, capacity 109508K, committed 110120K, reserved 1144832K
  class space    used 13535K, capacity 14568K, committed 14896K, reserved 1048576K
Event: 512.464 GC heap after
Heap after GC invocations=24 (full 4):
 PSYoungGen      total 402432K, used 31795K [0x00000000e0000000, 0x00000000fb980000, 0x0000000100000000)
  eden space 363008K, 0% used [0x00000000e0000000,0x00000000e0000000,0x00000000f6280000)
  from space 39424K, 80% used [0x00000000f9300000,0x00000000fb20cca8,0x00000000fb980000)
  to   space 44544K, 0% used [0x00000000f6280000,0x00000000f6280000,0x00000000f8e00000)
 ParOldGen       total 266752K, used 86676K [0x00000000a0000000, 0x00000000b0480000, 0x00000000e0000000)
  object space 266752K, 32% used [0x00000000a0000000,0x00000000a54a5128,0x00000000b0480000)
 Metaspace       used 104277K, capacity 109508K, committed 110120K, reserved 1144832K
  class space    used 13535K, capacity 14568K, committed 14896K, reserved 1048576K
}
Event: 2334.832 GC heap before
{Heap before GC invocations=25 (full 4):
 PSYoungGen      total 402432K, used 394803K [0x00000000e0000000, 0x00000000fb980000, 0x0000000100000000)
  eden space 363008K, 100% used [0x00000000e0000000,0x00000000f6280000,0x00000000f6280000)
  from space 39424K, 80% used [0x00000000f9300000,0x00000000fb20cca8,0x00000000fb980000)
  to   space 44544K, 0% used [0x00000000f6280000,0x00000000f6280000,0x00000000f8e00000)
 ParOldGen       total 266752K, used 86676K [0x00000000a0000000, 0x00000000b0480000, 0x00000000e0000000)
  object space 266752K, 32% used [0x00000000a0000000,0x00000000a54a5128,0x00000000b0480000)
 Metaspace       used 105276K, capacity 110970K, committed 111400K, reserved 1146880K
  class space    used 13611K, capacity 14669K, committed 14896K, reserved 1048576K
Event: 2334.849 GC heap after
Heap after GC invocations=25 (full 4):
 PSYoungGen      total 370688K, used 19836K [0x00000000e0000000, 0x00000000fa980000, 0x0000000100000000)
  eden space 350720K, 0% used [0x00000000e0000000,0x00000000e0000000,0x00000000f5680000)
  from space 19968K, 99% used [0x00000000f6280000,0x00000000f75df190,0x00000000f7600000)
  to   space 42496K, 0% used [0x00000000f8000000,0x00000000f8000000,0x00000000fa980000)
 ParOldGen       total 266752K, used 86684K [0x00000000a0000000, 0x00000000b0480000, 0x00000000e0000000)
  object space 266752K, 32% used [0x00000000a0000000,0x00000000a54a7128,0x00000000b0480000)
 Metaspace       used 105276K, capacity 110970K, committed 111400K, reserved 1146880K
  class space    used 13611K, capacity 14669K, committed 14896K, reserved 1048576K
}
Event: 2497.837 GC heap before
{Heap before GC invocations=26 (full 4):
 PSYoungGen      total 370688K, used 370556K [0x00000000e0000000, 0x00000000fa980000, 0x0000000100000000)
  eden space 350720K, 100% used [0x00000000e0000000,0x00000000f5680000,0x00000000f5680000)
  from space 19968K, 99% used [0x00000000f6280000,0x00000000f75df190,0x00000000f7600000)
  to   space 42496K, 0% used [0x00000000f8000000,0x00000000f8000000,0x00000000fa980000)
 ParOldGen       total 266752K, used 86684K [0x00000000a0000000, 0x00000000b0480000, 0x00000000e0000000)
  object space 266752K, 32% used [0x00000000a0000000,0x00000000a54a7128,0x00000000b0480000)
 Metaspace       used 105714K, capacity 111514K, committed 111912K, reserved 1146880K
  class space    used 13637K, capacity 14717K, committed 14896K, reserved 1048576K
Event: 2497.854 GC heap after
Heap after GC invocations=26 (full 4):
 PSYoungGen      total 365568K, used 17240K [0x00000000e0000000, 0x00000000f9a00000, 0x0000000100000000)
  eden space 338944K, 0% used [0x00000000e0000000,0x00000000e0000000,0x00000000f4b00000)
  from space 26624K, 64% used [0x00000000f8000000,0x00000000f90d6140,0x00000000f9a00000)
  to   space 40448K, 0% used [0x00000000f4b00000,0x00000000f4b00000,0x00000000f7280000)
 ParOldGen       total 266752K, used 86692K [0x00000000a0000000, 0x00000000b0480000, 0x00000000e0000000)
  object space 266752K, 32% used [0x00000000a0000000,0x00000000a54a9128,0x00000000b0480000)
 Metaspace       used 105714K, capacity 111514K, committed 111912K, reserved 1146880K
  class space    used 13637K, capacity 14717K, committed 14896K, reserved 1048576K
}

