# JRE version: OpenJDK Runtime Environment (8.0_242-b01) (build 1.8.0_242-release-1644-b01)
# Java VM: OpenJDK 64-Bit Server VM (25.242-b01 mixed mode windows-amd64 compressed oops)
Heap:
 PSYoungGen      total 322560K, used 86553K [0x00000000e0000000, 0x00000000f8e80000, 0x0000000100000000)
  eden space 287744K, 18% used [0x00000000e0000000,0x00000000e34317a8,0x00000000f1900000)
  from space 34816K, 95% used [0x00000000f1900000,0x00000000f3954d98,0x00000000f3b00000)
  to   space 39424K, 88% used [0x00000000f6800000,0x00000000f8a13a88,0x00000000f8e80000)
 ParOldGen       total 516096K, used 420872K [0x00000000a0000000, 0x00000000bf800000, 0x00000000e0000000)
  object space 516096K, 81% used [0x00000000a0000000,0x00000000b9b02300,0x00000000bf800000)
 Metaspace       used 94122K, capacity 98530K, committed 98584K, reserved 1134592K
  class space    used 12345K, capacity 13306K, committed 13360K, reserved 1048576K
GC Heap History (10 events):
Event: 18.793 GC heap after
Heap after GC invocations=14 (full 3):
 PSYoungGen      total 235008K, used 16576K [0x00000000e0000000, 0x00000000f2300000, 0x0000000100000000)
  eden space 214016K, 0% used [0x00000000e0000000,0x00000000e0000000,0x00000000ed100000)
  from space 20992K, 78% used [0x00000000ed100000,0x00000000ee1303d0,0x00000000ee580000)
  to   space 22528K, 0% used [0x00000000f0d00000,0x00000000f0d00000,0x00000000f2300000)
 ParOldGen       total 160256K, used 38815K [0x00000000a0000000, 0x00000000a9c80000, 0x00000000e0000000)
  object space 160256K, 24% used [0x00000000a0000000,0x00000000a25e7e20,0x00000000a9c80000)
 Metaspace       used 65093K, capacity 67772K, committed 67864K, reserved 1107968K
  class space    used 8907K, capacity 9502K, committed 9520K, reserved 1048576K
}
Event: 20.206 GC heap before
{Heap before GC invocations=15 (full 3):
 PSYoungGen      total 235008K, used 230592K [0x00000000e0000000, 0x00000000f2300000, 0x0000000100000000)
  eden space 214016K, 100% used [0x00000000e0000000,0x00000000ed100000,0x00000000ed100000)
  from space 20992K, 78% used [0x00000000ed100000,0x00000000ee1303d0,0x00000000ee580000)
  to   space 22528K, 0% used [0x00000000f0d00000,0x00000000f0d00000,0x00000000f2300000)
 ParOldGen       total 160256K, used 38815K [0x00000000a0000000, 0x00000000a9c80000, 0x00000000e0000000)
  object space 160256K, 24% used [0x00000000a0000000,0x00000000a25e7e20,0x00000000a9c80000)
 Metaspace       used 73309K, capacity 76438K, committed 76696K, reserved 1116160K
  class space    used 9982K, capacity 10637K, committed 10672K, reserved 1048576K
Event: 20.250 GC heap after
Heap after GC invocations=15 (full 3):
 PSYoungGen      total 270336K, used 22496K [0x00000000e0000000, 0x00000000f3400000, 0x0000000100000000)
  eden space 247808K, 0% used [0x00000000e0000000,0x00000000e0000000,0x00000000ef200000)
  from space 22528K, 99% used [0x00000000f0d00000,0x00000000f22f8180,0x00000000f2300000)
  to   space 27648K, 0% used [0x00000000ef200000,0x00000000ef200000,0x00000000f0d00000)
 ParOldGen       total 160256K, used 45004K [0x00000000a0000000, 0x00000000a9c80000, 0x00000000e0000000)
  object space 160256K, 28% used [0x00000000a0000000,0x00000000a2bf3108,0x00000000a9c80000)
 Metaspace       used 73309K, capacity 76438K, committed 76696K, reserved 1116160K
  class space    used 9982K, capacity 10637K, committed 10672K, reserved 1048576K
}
Event: 1211.903 GC heap before
{Heap before GC invocations=16 (full 3):
 PSYoungGen      total 270336K, used 270304K [0x00000000e0000000, 0x00000000f3400000, 0x0000000100000000)
  eden space 247808K, 100% used [0x00000000e0000000,0x00000000ef200000,0x00000000ef200000)
  from space 22528K, 99% used [0x00000000f0d00000,0x00000000f22f8180,0x00000000f2300000)
  to   space 27648K, 0% used [0x00000000ef200000,0x00000000ef200000,0x00000000f0d00000)
 ParOldGen       total 160256K, used 45004K [0x00000000a0000000, 0x00000000a9c80000, 0x00000000e0000000)
  object space 160256K, 28% used [0x00000000a0000000,0x00000000a2bf3108,0x00000000a9c80000)
 Metaspace       used 85470K, capacity 89278K, committed 89496K, reserved 1126400K
  class space    used 11295K, capacity 12130K, committed 12208K, reserved 1048576K
Event: 1211.954 GC heap after
Heap after GC invocations=16 (full 3):
 PSYoungGen      total 275456K, used 24872K [0x00000000e0000000, 0x00000000f5900000, 0x0000000100000000)
  eden space 247808K, 0% used [0x00000000e0000000,0x00000000e0000000,0x00000000ef200000)
  from space 27648K, 89% used [0x00000000ef200000,0x00000000f0a4a2a0,0x00000000f0d00000)
  to   space 30720K, 0% used [0x00000000f3b00000,0x00000000f3b00000,0x00000000f5900000)
 ParOldGen       total 160256K, used 65325K [0x00000000a0000000, 0x00000000a9c80000, 0x00000000e0000000)
  object space 160256K, 40% used [0x00000000a0000000,0x00000000a3fcb6f0,0x00000000a9c80000)
 Metaspace       used 85470K, capacity 89278K, committed 89496K, reserved 1126400K
  class space    used 11295K, capacity 12130K, committed 12208K, reserved 1048576K
}
Event: 1213.816 GC heap before
{Heap before GC invocations=17 (full 3):
 PSYoungGen      total 275456K, used 272680K [0x00000000e0000000, 0x00000000f5900000, 0x0000000100000000)
  eden space 247808K, 100% used [0x00000000e0000000,0x00000000ef200000,0x00000000ef200000)
  from space 27648K, 89% used [0x00000000ef200000,0x00000000f0a4a2a0,0x00000000f0d00000)
  to   space 30720K, 0% used [0x00000000f3b00000,0x00000000f3b00000,0x00000000f5900000)
 ParOldGen       total 160256K, used 65325K [0x00000000a0000000, 0x00000000a9c80000, 0x00000000e0000000)
  object space 160256K, 40% used [0x00000000a0000000,0x00000000a3fcb6f0,0x00000000a9c80000)
 Metaspace       used 88828K, capacity 92862K, committed 93080K, reserved 1130496K
  class space    used 11722K, capacity 12616K, committed 12720K, reserved 1048576K
Event: 1213.840 GC heap after
Heap after GC invocations=17 (full 3):
 PSYoungGen      total 318464K, used 28932K [0x00000000e0000000, 0x00000000f6080000, 0x0000000100000000)
  eden space 287744K, 0% used [0x00000000e0000000,0x00000000e0000000,0x00000000f1900000)
  from space 30720K, 94% used [0x00000000f3b00000,0x00000000f5741040,0x00000000f5900000)
  to   space 34816K, 0% used [0x00000000f1900000,0x00000000f1900000,0x00000000f3b00000)
 ParOldGen       total 160256K, used 65333K [0x00000000a0000000, 0x00000000a9c80000, 0x00000000e0000000)
  object space 160256K, 40% used [0x00000000a0000000,0x00000000a3fcd6f0,0x00000000a9c80000)
 Metaspace       used 88828K, capacity 92862K, committed 93080K, reserved 1130496K
  class space    used 11722K, capacity 12616K, committed 12720K, reserved 1048576K
}
Event: 1306.294 GC heap before
{Heap before GC invocations=18 (full 3):
 PSYoungGen      total 318464K, used 316676K [0x00000000e0000000, 0x00000000f6080000, 0x0000000100000000)
  eden space 287744K, 100% used [0x00000000e0000000,0x00000000f1900000,0x00000000f1900000)
  from space 30720K, 94% used [0x00000000f3b00000,0x00000000f5741040,0x00000000f5900000)
  to   space 34816K, 0% used [0x00000000f1900000,0x00000000f1900000,0x00000000f3b00000)
 ParOldGen       total 160256K, used 65333K [0x00000000a0000000, 0x00000000a9c80000, 0x00000000e0000000)
  object space 160256K, 40% used [0x00000000a0000000,0x00000000a3fcd6f0,0x00000000a9c80000)
 Metaspace       used 93216K, capacity 97562K, committed 97688K, reserved 1134592K
  class space    used 12228K, capacity 13174K, committed 13232K, reserved 1048576K
Event: 1306.320 GC heap after
Heap after GC invocations=18 (full 3):
 PSYoungGen      total 322560K, used 33107K [0x00000000e0000000, 0x00000000f8e80000, 0x0000000100000000)
  eden space 287744K, 0% used [0x00000000e0000000,0x00000000e0000000,0x00000000f1900000)
  from space 34816K, 95% used [0x00000000f1900000,0x00000000f3954d98,0x00000000f3b00000)
  to   space 39424K, 0% used [0x00000000f6800000,0x00000000f6800000,0x00000000f8e80000)
 ParOldGen       total 160256K, used 65341K [0x00000000a0000000, 0x00000000a9c80000, 0x00000000e0000000)
  object space 160256K, 40% used [0x00000000a0000000,0x00000000a3fcf6f0,0x00000000a9c80000)
 Metaspace       used 93216K, capacity 97562K, committed 97688K, reserved 1134592K
  class space    used 12228K, capacity 13174K, committed 13232K, reserved 1048576K
}
Event: 1306.816 GC heap before
{Heap before GC invocations=19 (full 3):
 PSYoungGen      total 322560K, used 86553K [0x00000000e0000000, 0x00000000f8e80000, 0x0000000100000000)
  eden space 287744K, 18% used [0x00000000e0000000,0x00000000e34317a8,0x00000000f1900000)
  from space 34816K, 95% used [0x00000000f1900000,0x00000000f3954d98,0x00000000f3b00000)
  to   space 39424K, 0% used [0x00000000f6800000,0x00000000f6800000,0x00000000f8e80000)
 ParOldGen       total 160256K, used 65341K [0x00000000a0000000, 0x00000000a9c80000, 0x00000000e0000000)
  object space 160256K, 40% used [0x00000000a0000000,0x00000000a3fcf6f0,0x00000000a9c80000)
 Metaspace       used 94122K, capacity 98530K, committed 98584K, reserved 1134592K
  class space    used 12345K, capacity 13306K, committed 13360K, reserved 1048576K

