# JRE version: OpenJDK Runtime Environment (8.0_242-b01) (build 1.8.0_242-release-1644-b01)
# Java VM: OpenJDK 64-Bit Server VM (25.242-b01 mixed mode windows-amd64 compressed oops)
Heap:
 PSYoungGen      total 106496K, used 21863K [0x00000000e0000000, 0x00000000ebe80000, 0x0000000100000000)
  eden space 98304K, 13% used [0x00000000e0000000,0x00000000e0d5f900,0x00000000e6000000)
  from space 8192K, 99% used [0x00000000e6000000,0x00000000e67fa4c8,0x00000000e6800000)
  to   space 14336K, 0% used [0x00000000eb080000,0x00000000eb080000,0x00000000ebe80000)
 ParOldGen       total 77824K, used 13881K [0x00000000a0000000, 0x00000000a4c00000, 0x00000000e0000000)
  object space 77824K, 17% used [0x00000000a0000000,0x00000000a0d8e458,0x00000000a4c00000)
 Metaspace       used 31685K, capacity 32396K, committed 32560K, reserved 1077248K
  class space    used 4309K, capacity 4542K, committed 4656K, reserved 1048576K
GC Heap History (10 events):
Event: 1.836 GC heap before
{Heap before GC invocations=2 (full 0):
 PSYoungGen      total 57344K, used 53890K [0x00000000e0000000, 0x00000000e7000000, 0x0000000100000000)
  eden space 49152K, 100% used [0x00000000e0000000,0x00000000e3000000,0x00000000e3000000)
  from space 8192K, 57% used [0x00000000e3000000,0x00000000e34a08b0,0x00000000e3800000)
  to   space 8192K, 0% used [0x00000000e6800000,0x00000000e6800000,0x00000000e7000000)
 ParOldGen       total 131072K, used 16K [0x00000000a0000000, 0x00000000a8000000, 0x00000000e0000000)
  object space 131072K, 0% used [0x00000000a0000000,0x00000000a0004000,0x00000000a8000000)
 Metaspace       used 11933K, capacity 12196K, committed 12544K, reserved 1060864K
  class space    used 1583K, capacity 1698K, committed 1792K, reserved 1048576K
Event: 1.842 GC heap after
Heap after GC invocations=2 (full 0):
 PSYoungGen      total 55808K, used 6625K [0x00000000e0000000, 0x00000000e6e80000, 0x0000000100000000)
  eden space 49152K, 0% used [0x00000000e0000000,0x00000000e0000000,0x00000000e3000000)
  from space 6656K, 99% used [0x00000000e6800000,0x00000000e6e78578,0x00000000e6e80000)
  to   space 8192K, 0% used [0x00000000e5e80000,0x00000000e5e80000,0x00000000e6680000)
 ParOldGen       total 131072K, used 24K [0x00000000a0000000, 0x00000000a8000000, 0x00000000e0000000)
  object space 131072K, 0% used [0x00000000a0000000,0x00000000a0006000,0x00000000a8000000)
 Metaspace       used 11933K, capacity 12196K, committed 12544K, reserved 1060864K
  class space    used 1583K, capacity 1698K, committed 1792K, reserved 1048576K
}
Event: 2.213 GC heap before
{Heap before GC invocations=3 (full 0):
 PSYoungGen      total 55808K, used 55777K [0x00000000e0000000, 0x00000000e6e80000, 0x0000000100000000)
  eden space 49152K, 100% used [0x00000000e0000000,0x00000000e3000000,0x00000000e3000000)
  from space 6656K, 99% used [0x00000000e6800000,0x00000000e6e78578,0x00000000e6e80000)
  to   space 8192K, 0% used [0x00000000e5e80000,0x00000000e5e80000,0x00000000e6680000)
 ParOldGen       total 131072K, used 24K [0x00000000a0000000, 0x00000000a8000000, 0x00000000e0000000)
  object space 131072K, 0% used [0x00000000a0000000,0x00000000a0006000,0x00000000a8000000)
 Metaspace       used 15714K, capacity 16178K, committed 16512K, reserved 1062912K
  class space    used 2134K, capacity 2317K, committed 2432K, reserved 1048576K
Event: 2.238 GC heap after
Heap after GC invocations=3 (full 0):
 PSYoungGen      total 104960K, used 8165K [0x00000000e0000000, 0x00000000e7000000, 0x0000000100000000)
  eden space 96768K, 0% used [0x00000000e0000000,0x00000000e0000000,0x00000000e5e80000)
  from space 8192K, 99% used [0x00000000e5e80000,0x00000000e6679680,0x00000000e6680000)
  to   space 8192K, 0% used [0x00000000e6800000,0x00000000e6800000,0x00000000e7000000)
 ParOldGen       total 131072K, used 607K [0x00000000a0000000, 0x00000000a8000000, 0x00000000e0000000)
  object space 131072K, 0% used [0x00000000a0000000,0x00000000a0097c10,0x00000000a8000000)
 Metaspace       used 15714K, capacity 16178K, committed 16512K, reserved 1062912K
  class space    used 2134K, capacity 2317K, committed 2432K, reserved 1048576K
}
Event: 2.885 GC heap before
{Heap before GC invocations=4 (full 0):
 PSYoungGen      total 104960K, used 63449K [0x00000000e0000000, 0x00000000e7000000, 0x0000000100000000)
  eden space 96768K, 57% used [0x00000000e0000000,0x00000000e35fcff8,0x00000000e5e80000)
  from space 8192K, 99% used [0x00000000e5e80000,0x00000000e6679680,0x00000000e6680000)
  to   space 8192K, 0% used [0x00000000e6800000,0x00000000e6800000,0x00000000e7000000)
 ParOldGen       total 131072K, used 607K [0x00000000a0000000, 0x00000000a8000000, 0x00000000e0000000)
  object space 131072K, 0% used [0x00000000a0000000,0x00000000a0097c10,0x00000000a8000000)
 Metaspace       used 20701K, capacity 21260K, committed 21296K, reserved 1067008K
  class space    used 2905K, capacity 3116K, committed 3120K, reserved 1048576K
Event: 2.906 GC heap after
Heap after GC invocations=4 (full 0):
 PSYoungGen      total 106496K, used 8181K [0x00000000e0000000, 0x00000000ecd00000, 0x0000000100000000)
  eden space 98304K, 0% used [0x00000000e0000000,0x00000000e0000000,0x00000000e6000000)
  from space 8192K, 99% used [0x00000000e6800000,0x00000000e6ffd780,0x00000000e7000000)
  to   space 8192K, 0% used [0x00000000e6000000,0x00000000e6000000,0x00000000e6800000)
 ParOldGen       total 131072K, used 3936K [0x00000000a0000000, 0x00000000a8000000, 0x00000000e0000000)
  object space 131072K, 3% used [0x00000000a0000000,0x00000000a03d8070,0x00000000a8000000)
 Metaspace       used 20701K, capacity 21260K, committed 21296K, reserved 1067008K
  class space    used 2905K, capacity 3116K, committed 3120K, reserved 1048576K
}
Event: 2.906 GC heap before
{Heap before GC invocations=5 (full 1):
 PSYoungGen      total 106496K, used 8181K [0x00000000e0000000, 0x00000000ecd00000, 0x0000000100000000)
  eden space 98304K, 0% used [0x00000000e0000000,0x00000000e0000000,0x00000000e6000000)
  from space 8192K, 99% used [0x00000000e6800000,0x00000000e6ffd780,0x00000000e7000000)
  to   space 8192K, 0% used [0x00000000e6000000,0x00000000e6000000,0x00000000e6800000)
 ParOldGen       total 131072K, used 3936K [0x00000000a0000000, 0x00000000a8000000, 0x00000000e0000000)
  object space 131072K, 3% used [0x00000000a0000000,0x00000000a03d8070,0x00000000a8000000)
 Metaspace       used 20701K, capacity 21260K, committed 21296K, reserved 1067008K
  class space    used 2905K, capacity 3116K, committed 3120K, reserved 1048576K
Event: 2.940 GC heap after
Heap after GC invocations=5 (full 1):
 PSYoungGen      total 106496K, used 0K [0x00000000e0000000, 0x00000000ecd00000, 0x0000000100000000)
  eden space 98304K, 0% used [0x00000000e0000000,0x00000000e0000000,0x00000000e6000000)
  from space 8192K, 0% used [0x00000000e6800000,0x00000000e6800000,0x00000000e7000000)
  to   space 8192K, 0% used [0x00000000e6000000,0x00000000e6000000,0x00000000e6800000)
 ParOldGen       total 77824K, used 11076K [0x00000000a0000000, 0x00000000a4c00000, 0x00000000e0000000)
  object space 77824K, 14% used [0x00000000a0000000,0x00000000a0ad1118,0x00000000a4c00000)
 Metaspace       used 20701K, capacity 21260K, committed 21296K, reserved 1067008K
  class space    used 2905K, capacity 3116K, committed 3120K, reserved 1048576K
}
Event: 3.890 GC heap before
{Heap before GC invocations=6 (full 1):
 PSYoungGen      total 106496K, used 98304K [0x00000000e0000000, 0x00000000ecd00000, 0x0000000100000000)
  eden space 98304K, 100% used [0x00000000e0000000,0x00000000e6000000,0x00000000e6000000)
  from space 8192K, 0% used [0x00000000e6800000,0x00000000e6800000,0x00000000e7000000)
  to   space 8192K, 0% used [0x00000000e6000000,0x00000000e6000000,0x00000000e6800000)
 ParOldGen       total 77824K, used 11076K [0x00000000a0000000, 0x00000000a4c00000, 0x00000000e0000000)
  object space 77824K, 14% used [0x00000000a0000000,0x00000000a0ad1118,0x00000000a4c00000)
 Metaspace       used 31056K, capacity 31790K, committed 31920K, reserved 1077248K
  class space    used 4231K, capacity 4468K, committed 4528K, reserved 1048576K
Event: 3.908 GC heap after
Heap after GC invocations=6 (full 1):
 PSYoungGen      total 106496K, used 8169K [0x00000000e0000000, 0x00000000ebe80000, 0x0000000100000000)
  eden space 98304K, 0% used [0x00000000e0000000,0x00000000e0000000,0x00000000e6000000)
  from space 8192K, 99% used [0x00000000e6000000,0x00000000e67fa4c8,0x00000000e6800000)
  to   space 14336K, 0% used [0x00000000eb080000,0x00000000eb080000,0x00000000ebe80000)
 ParOldGen       total 77824K, used 13881K [0x00000000a0000000, 0x00000000a4c00000, 0x00000000e0000000)
  object space 77824K, 17% used [0x00000000a0000000,0x00000000a0d8e458,0x00000000a4c00000)
 Metaspace       used 31056K, capacity 31790K, committed 31920K, reserved 1077248K
  class space    used 4231K, capacity 4468K, committed 4528K, reserved 1048576K
}

