# JRE version: OpenJDK Runtime Environment (8.0_242-b01) (build 1.8.0_242-release-1644-b01)
# Java VM: OpenJDK 64-Bit Server VM (25.242-b01 mixed mode windows-amd64 compressed oops)
Heap:
 PSYoungGen      total 145408K, used 93967K [0x0000000780a00000, 0x0000000790e00000, 0x00000007c0000000)
  eden space 137216K, 62% used [0x0000000780a00000,0x0000000785dc4f68,0x0000000789000000)
  from space 8192K, 99% used [0x0000000789000000,0x00000007897feda8,0x0000000789800000)
  to   space 34816K, 0% used [0x000000078ec00000,0x000000078ec00000,0x0000000790e00000)
 ParOldGen       total 154624K, used 41660K [0x0000000701e00000, 0x000000070b500000, 0x0000000780a00000)
  object space 154624K, 26% used [0x0000000701e00000,0x00000007046af398,0x000000070b500000)
 Metaspace       used 50585K, capacity 51455K, committed 51632K, reserved 1093632K
  class space    used 6257K, capacity 6493K, committed 6576K, reserved 1048576K
GC Heap History (10 events):
Event: 1.120 GC heap before
{Heap before GC invocations=3 (full 1):
 PSYoungGen      total 106496K, used 8161K [0x0000000780a00000, 0x0000000787a00000, 0x00000007c0000000)
  eden space 98304K, 0% used [0x0000000780a00000,0x0000000780a00000,0x0000000786a00000)
  from space 8192K, 99% used [0x0000000787200000,0x00000007879f8728,0x0000000787a00000)
  to   space 8192K, 0% used [0x0000000786a00000,0x0000000786a00000,0x0000000787200000)
 ParOldGen       total 131072K, used 8114K [0x0000000701e00000, 0x0000000709e00000, 0x0000000780a00000)
  object space 131072K, 6% used [0x0000000701e00000,0x00000007025ecbf0,0x0000000709e00000)
 Metaspace       used 20752K, capacity 21164K, committed 21296K, reserved 1069056K
  class space    used 2465K, capacity 2590K, committed 2608K, reserved 1048576K
Event: 1.145 GC heap after
Heap after GC invocations=3 (full 1):
 PSYoungGen      total 106496K, used 0K [0x0000000780a00000, 0x0000000787a00000, 0x00000007c0000000)
  eden space 98304K, 0% used [0x0000000780a00000,0x0000000780a00000,0x0000000786a00000)
  from space 8192K, 0% used [0x0000000787200000,0x0000000787200000,0x0000000787a00000)
  to   space 8192K, 0% used [0x0000000786a00000,0x0000000786a00000,0x0000000787200000)
 ParOldGen       total 96256K, used 12537K [0x0000000701e00000, 0x0000000707c00000, 0x0000000780a00000)
  object space 96256K, 13% used [0x0000000701e00000,0x0000000702a3e650,0x0000000707c00000)
 Metaspace       used 20752K, capacity 21164K, committed 21296K, reserved 1069056K
  class space    used 2465K, capacity 2590K, committed 2608K, reserved 1048576K
}
Event: 2.360 GC heap before
{Heap before GC invocations=4 (full 1):
 PSYoungGen      total 106496K, used 98304K [0x0000000780a00000, 0x0000000787a00000, 0x00000007c0000000)
  eden space 98304K, 100% used [0x0000000780a00000,0x0000000786a00000,0x0000000786a00000)
  from space 8192K, 0% used [0x0000000787200000,0x0000000787200000,0x0000000787a00000)
  to   space 8192K, 0% used [0x0000000786a00000,0x0000000786a00000,0x0000000787200000)
 ParOldGen       total 96256K, used 12537K [0x0000000701e00000, 0x0000000707c00000, 0x0000000780a00000)
  object space 96256K, 13% used [0x0000000701e00000,0x0000000702a3e650,0x0000000707c00000)
 Metaspace       used 34618K, capacity 35175K, committed 35376K, reserved 1079296K
  class space    used 4381K, capacity 4545K, committed 4656K, reserved 1048576K
Event: 2.375 GC heap after
Heap after GC invocations=4 (full 1):
 PSYoungGen      total 106496K, used 8189K [0x0000000780a00000, 0x000000078a000000, 0x00000007c0000000)
  eden space 98304K, 0% used [0x0000000780a00000,0x0000000780a00000,0x0000000786a00000)
  from space 8192K, 99% used [0x0000000786a00000,0x00000007871ff490,0x0000000787200000)
  to   space 8192K, 0% used [0x0000000789800000,0x0000000789800000,0x000000078a000000)
 ParOldGen       total 96256K, used 28400K [0x0000000701e00000, 0x0000000707c00000, 0x0000000780a00000)
  object space 96256K, 29% used [0x0000000701e00000,0x00000007039bc330,0x0000000707c00000)
 Metaspace       used 34618K, capacity 35175K, committed 35376K, reserved 1079296K
  class space    used 4381K, capacity 4545K, committed 4656K, reserved 1048576K
}
Event: 2.445 GC heap before
{Heap before GC invocations=5 (full 1):
 PSYoungGen      total 106496K, used 17312K [0x0000000780a00000, 0x000000078a000000, 0x00000007c0000000)
  eden space 98304K, 9% used [0x0000000780a00000,0x00000007812e8d90,0x0000000786a00000)
  from space 8192K, 99% used [0x0000000786a00000,0x00000007871ff490,0x0000000787200000)
  to   space 8192K, 0% used [0x0000000789800000,0x0000000789800000,0x000000078a000000)
 ParOldGen       total 96256K, used 28400K [0x0000000701e00000, 0x0000000707c00000, 0x0000000780a00000)
  object space 96256K, 29% used [0x0000000701e00000,0x00000007039bc330,0x0000000707c00000)
 Metaspace       used 34754K, capacity 35251K, committed 35496K, reserved 1081344K
  class space    used 4384K, capacity 4545K, committed 4656K, reserved 1048576K
Event: 2.451 GC heap after
Heap after GC invocations=5 (full 1):
 PSYoungGen      total 145408K, used 8189K [0x0000000780a00000, 0x000000078b280000, 0x00000007c0000000)
  eden space 137216K, 0% used [0x0000000780a00000,0x0000000780a00000,0x0000000789000000)
  from space 8192K, 99% used [0x0000000789800000,0x0000000789fff490,0x000000078a000000)
  to   space 8192K, 0% used [0x0000000789000000,0x0000000789000000,0x0000000789800000)
 ParOldGen       total 96256K, used 29344K [0x0000000701e00000, 0x0000000707c00000, 0x0000000780a00000)
  object space 96256K, 30% used [0x0000000701e00000,0x0000000703aa82b0,0x0000000707c00000)
 Metaspace       used 34754K, capacity 35251K, committed 35496K, reserved 1081344K
  class space    used 4384K, capacity 4545K, committed 4656K, reserved 1048576K
}
Event: 2.451 GC heap before
{Heap before GC invocations=6 (full 2):
 PSYoungGen      total 145408K, used 8189K [0x0000000780a00000, 0x000000078b280000, 0x00000007c0000000)
  eden space 137216K, 0% used [0x0000000780a00000,0x0000000780a00000,0x0000000789000000)
  from space 8192K, 99% used [0x0000000789800000,0x0000000789fff490,0x000000078a000000)
  to   space 8192K, 0% used [0x0000000789000000,0x0000000789000000,0x0000000789800000)
 ParOldGen       total 96256K, used 29344K [0x0000000701e00000, 0x0000000707c00000, 0x0000000780a00000)
  object space 96256K, 30% used [0x0000000701e00000,0x0000000703aa82b0,0x0000000707c00000)
 Metaspace       used 34754K, capacity 35251K, committed 35496K, reserved 1081344K
  class space    used 4384K, capacity 4545K, committed 4656K, reserved 1048576K
Event: 2.514 GC heap after
Heap after GC invocations=6 (full 2):
 PSYoungGen      total 145408K, used 0K [0x0000000780a00000, 0x000000078b280000, 0x00000007c0000000)
  eden space 137216K, 0% used [0x0000000780a00000,0x0000000780a00000,0x0000000789000000)
  from space 8192K, 0% used [0x0000000789800000,0x0000000789800000,0x000000078a000000)
  to   space 8192K, 0% used [0x0000000789000000,0x0000000789000000,0x0000000789800000)
 ParOldGen       total 154624K, used 17975K [0x0000000701e00000, 0x000000070b500000, 0x0000000780a00000)
  object space 154624K, 11% used [0x0000000701e00000,0x0000000702f8ded0,0x000000070b500000)
 Metaspace       used 34754K, capacity 35251K, committed 35496K, reserved 1081344K
  class space    used 4384K, capacity 4545K, committed 4656K, reserved 1048576K
}
Event: 4.245 GC heap before
{Heap before GC invocations=7 (full 2):
 PSYoungGen      total 145408K, used 137216K [0x0000000780a00000, 0x000000078b280000, 0x00000007c0000000)
  eden space 137216K, 100% used [0x0000000780a00000,0x0000000789000000,0x0000000789000000)
  from space 8192K, 0% used [0x0000000789800000,0x0000000789800000,0x000000078a000000)
  to   space 8192K, 0% used [0x0000000789000000,0x0000000789000000,0x0000000789800000)
 ParOldGen       total 154624K, used 17975K [0x0000000701e00000, 0x000000070b500000, 0x0000000780a00000)
  object space 154624K, 11% used [0x0000000701e00000,0x0000000702f8ded0,0x000000070b500000)
 Metaspace       used 45822K, capacity 46575K, committed 46896K, reserved 1089536K
  class space    used 5644K, capacity 5861K, committed 5936K, reserved 1048576K
Event: 4.265 GC heap after
Heap after GC invocations=7 (full 2):
 PSYoungGen      total 145408K, used 8187K [0x0000000780a00000, 0x0000000790e00000, 0x00000007c0000000)
  eden space 137216K, 0% used [0x0000000780a00000,0x0000000780a00000,0x0000000789000000)
  from space 8192K, 99% used [0x0000000789000000,0x00000007897feda8,0x0000000789800000)
  to   space 34816K, 0% used [0x000000078ec00000,0x000000078ec00000,0x0000000790e00000)
 ParOldGen       total 154624K, used 41660K [0x0000000701e00000, 0x000000070b500000, 0x0000000780a00000)
  object space 154624K, 26% used [0x0000000701e00000,0x00000007046af398,0x000000070b500000)
 Metaspace       used 45822K, capacity 46575K, committed 46896K, reserved 1089536K
  class space    used 5644K, capacity 5861K, committed 5936K, reserved 1048576K
}

