# JRE version: OpenJDK Runtime Environment (8.0_242-b01) (build 1.8.0_242-release-1644-b01)
# Java VM: OpenJDK 64-Bit Server VM (25.242-b01 mixed mode windows-amd64 compressed oops)
Heap:
 PSYoungGen      total 340480K, used 259488K [0x00000000e0000000, 0x00000000f9480000, 0x0000000100000000)
  eden space 314368K, 74% used [0x00000000e0000000,0x00000000ee4f3028,0x00000000f3300000)
  from space 26112K, 95% used [0x00000000f3300000,0x00000000f4b75038,0x00000000f4c80000)
  to   space 29696K, 0% used [0x00000000f7780000,0x00000000f7780000,0x00000000f9480000)
 ParOldGen       total 178688K, used 50773K [0x00000000a0000000, 0x00000000aae80000, 0x00000000e0000000)
  object space 178688K, 28% used [0x00000000a0000000,0x00000000a3195760,0x00000000aae80000)
 Metaspace       used 75524K, capacity 79576K, committed 79784K, reserved 1118208K
  class space    used 10041K, capacity 10861K, committed 10928K, reserved 1048576K
GC Heap History (10 events):
Event: 6.499 GC heap before
{Heap before GC invocations=10 (full 2):
 PSYoungGen      total 206336K, used 193024K [0x00000000e0000000, 0x00000000f3b00000, 0x0000000100000000)
  eden space 193024K, 100% used [0x00000000e0000000,0x00000000ebc80000,0x00000000ebc80000)
  from space 13312K, 0% used [0x00000000ebc80000,0x00000000ebc80000,0x00000000ec980000)
  to   space 13312K, 0% used [0x00000000f2e00000,0x00000000f2e00000,0x00000000f3b00000)
 ParOldGen       total 115712K, used 16858K [0x00000000a0000000, 0x00000000a7100000, 0x00000000e0000000)
  object space 115712K, 14% used [0x00000000a0000000,0x00000000a1076b20,0x00000000a7100000)
 Metaspace       used 50537K, capacity 52402K, committed 52520K, reserved 1095680K
  class space    used 6737K, capacity 7216K, committed 7216K, reserved 1048576K
Event: 6.515 GC heap after
Heap after GC invocations=10 (full 2):
 PSYoungGen      total 276480K, used 13295K [0x00000000e0000000, 0x00000000f3b00000, 0x0000000100000000)
  eden space 263168K, 0% used [0x00000000e0000000,0x00000000e0000000,0x00000000f0100000)
  from space 13312K, 99% used [0x00000000f2e00000,0x00000000f3afbc00,0x00000000f3b00000)
  to   space 19456K, 0% used [0x00000000f1500000,0x00000000f1500000,0x00000000f2800000)
 ParOldGen       total 115712K, used 26674K [0x00000000a0000000, 0x00000000a7100000, 0x00000000e0000000)
  object space 115712K, 23% used [0x00000000a0000000,0x00000000a1a0cb20,0x00000000a7100000)
 Metaspace       used 50537K, capacity 52402K, committed 52520K, reserved 1095680K
  class space    used 6737K, capacity 7216K, committed 7216K, reserved 1048576K
}
Event: 7.581 GC heap before
{Heap before GC invocations=11 (full 2):
 PSYoungGen      total 276480K, used 109495K [0x00000000e0000000, 0x00000000f3b00000, 0x0000000100000000)
  eden space 263168K, 36% used [0x00000000e0000000,0x00000000e5df2358,0x00000000f0100000)
  from space 13312K, 99% used [0x00000000f2e00000,0x00000000f3afbc00,0x00000000f3b00000)
  to   space 19456K, 0% used [0x00000000f1500000,0x00000000f1500000,0x00000000f2800000)
 ParOldGen       total 115712K, used 26674K [0x00000000a0000000, 0x00000000a7100000, 0x00000000e0000000)
  object space 115712K, 23% used [0x00000000a0000000,0x00000000a1a0cb20,0x00000000a7100000)
 Metaspace       used 56898K, capacity 58992K, committed 59160K, reserved 1099776K
  class space    used 7724K, capacity 8258K, committed 8368K, reserved 1048576K
Event: 7.599 GC heap after
Heap after GC invocations=11 (full 2):
 PSYoungGen      total 303104K, used 19430K [0x00000000e0000000, 0x00000000f6300000, 0x0000000100000000)
  eden space 283648K, 0% used [0x00000000e0000000,0x00000000e0000000,0x00000000f1500000)
  from space 19456K, 99% used [0x00000000f1500000,0x00000000f27f9a48,0x00000000f2800000)
  to   space 23040K, 0% used [0x00000000f4c80000,0x00000000f4c80000,0x00000000f6300000)
 ParOldGen       total 115712K, used 29406K [0x00000000a0000000, 0x00000000a7100000, 0x00000000e0000000)
  object space 115712K, 25% used [0x00000000a0000000,0x00000000a1cb79d0,0x00000000a7100000)
 Metaspace       used 56898K, capacity 58992K, committed 59160K, reserved 1099776K
  class space    used 7724K, capacity 8258K, committed 8368K, reserved 1048576K
}
Event: 7.599 GC heap before
{Heap before GC invocations=12 (full 3):
 PSYoungGen      total 303104K, used 19430K [0x00000000e0000000, 0x00000000f6300000, 0x0000000100000000)
  eden space 283648K, 0% used [0x00000000e0000000,0x00000000e0000000,0x00000000f1500000)
  from space 19456K, 99% used [0x00000000f1500000,0x00000000f27f9a48,0x00000000f2800000)
  to   space 23040K, 0% used [0x00000000f4c80000,0x00000000f4c80000,0x00000000f6300000)
 ParOldGen       total 115712K, used 29406K [0x00000000a0000000, 0x00000000a7100000, 0x00000000e0000000)
  object space 115712K, 25% used [0x00000000a0000000,0x00000000a1cb79d0,0x00000000a7100000)
 Metaspace       used 56898K, capacity 58992K, committed 59160K, reserved 1099776K
  class space    used 7724K, capacity 8258K, committed 8368K, reserved 1048576K
Event: 7.884 GC heap after
Heap after GC invocations=12 (full 3):
 PSYoungGen      total 303104K, used 0K [0x00000000e0000000, 0x00000000f6300000, 0x0000000100000000)
  eden space 283648K, 0% used [0x00000000e0000000,0x00000000e0000000,0x00000000f1500000)
  from space 19456K, 0% used [0x00000000f1500000,0x00000000f1500000,0x00000000f2800000)
  to   space 23040K, 0% used [0x00000000f4c80000,0x00000000f4c80000,0x00000000f6300000)
 ParOldGen       total 178688K, used 34638K [0x00000000a0000000, 0x00000000aae80000, 0x00000000e0000000)
  object space 178688K, 19% used [0x00000000a0000000,0x00000000a21d3a70,0x00000000aae80000)
 Metaspace       used 56870K, capacity 58896K, committed 59160K, reserved 1099776K
  class space    used 7715K, capacity 8242K, committed 8368K, reserved 1048576K
}
Event: 10.149 GC heap before
{Heap before GC invocations=13 (full 3):
 PSYoungGen      total 303104K, used 283648K [0x00000000e0000000, 0x00000000f6300000, 0x0000000100000000)
  eden space 283648K, 100% used [0x00000000e0000000,0x00000000f1500000,0x00000000f1500000)
  from space 19456K, 0% used [0x00000000f1500000,0x00000000f1500000,0x00000000f2800000)
  to   space 23040K, 0% used [0x00000000f4c80000,0x00000000f4c80000,0x00000000f6300000)
 ParOldGen       total 178688K, used 34638K [0x00000000a0000000, 0x00000000aae80000, 0x00000000e0000000)
  object space 178688K, 19% used [0x00000000a0000000,0x00000000a21d3a70,0x00000000aae80000)
 Metaspace       used 64343K, capacity 67928K, committed 68264K, reserved 1107968K
  class space    used 8820K, capacity 9542K, committed 9648K, reserved 1048576K
Event: 10.178 GC heap after
Heap after GC invocations=13 (full 3):
 PSYoungGen      total 337408K, used 23016K [0x00000000e0000000, 0x00000000f7400000, 0x0000000100000000)
  eden space 314368K, 0% used [0x00000000e0000000,0x00000000e0000000,0x00000000f3300000)
  from space 23040K, 99% used [0x00000000f4c80000,0x00000000f62fa240,0x00000000f6300000)
  to   space 26112K, 0% used [0x00000000f3300000,0x00000000f3300000,0x00000000f4c80000)
 ParOldGen       total 178688K, used 34654K [0x00000000a0000000, 0x00000000aae80000, 0x00000000e0000000)
  object space 178688K, 19% used [0x00000000a0000000,0x00000000a21d7a70,0x00000000aae80000)
 Metaspace       used 64343K, capacity 67928K, committed 68264K, reserved 1107968K
  class space    used 8820K, capacity 9542K, committed 9648K, reserved 1048576K
}
Event: 61.372 GC heap before
{Heap before GC invocations=14 (full 3):
 PSYoungGen      total 337408K, used 337384K [0x00000000e0000000, 0x00000000f7400000, 0x0000000100000000)
  eden space 314368K, 100% used [0x00000000e0000000,0x00000000f3300000,0x00000000f3300000)
  from space 23040K, 99% used [0x00000000f4c80000,0x00000000f62fa240,0x00000000f6300000)
  to   space 26112K, 0% used [0x00000000f3300000,0x00000000f3300000,0x00000000f4c80000)
 ParOldGen       total 178688K, used 34654K [0x00000000a0000000, 0x00000000aae80000, 0x00000000e0000000)
  object space 178688K, 19% used [0x00000000a0000000,0x00000000a21d7a70,0x00000000aae80000)
 Metaspace       used 74946K, capacity 79010K, committed 79272K, reserved 1118208K
  class space    used 10028K, capacity 10842K, committed 10928K, reserved 1048576K
Event: 61.410 GC heap after
Heap after GC invocations=14 (full 3):
 PSYoungGen      total 340480K, used 25044K [0x00000000e0000000, 0x00000000f9480000, 0x0000000100000000)
  eden space 314368K, 0% used [0x00000000e0000000,0x00000000e0000000,0x00000000f3300000)
  from space 26112K, 95% used [0x00000000f3300000,0x00000000f4b75038,0x00000000f4c80000)
  to   space 29696K, 0% used [0x00000000f7780000,0x00000000f7780000,0x00000000f9480000)
 ParOldGen       total 178688K, used 50773K [0x00000000a0000000, 0x00000000aae80000, 0x00000000e0000000)
  object space 178688K, 28% used [0x00000000a0000000,0x00000000a3195760,0x00000000aae80000)
 Metaspace       used 74946K, capacity 79010K, committed 79272K, reserved 1118208K
  class space    used 10028K, capacity 10842K, committed 10928K, reserved 1048576K
}

