# JRE version: OpenJDK Runtime Environment (8.0_212-b04) (build 1.8.0_212-release-1586-b04)
# Java VM: OpenJDK 64-Bit Server VM (25.212-b04 mixed mode windows-amd64 compressed oops)
Heap:
 PSYoungGen      total 133120K, used 38840K [0x0000000780a00000, 0x0000000789f80000, 0x00000007c0000000)
  eden space 124928K, 24% used [0x0000000780a00000,0x00000007827f4040,0x0000000788400000)
  from space 8192K, 99% used [0x0000000789780000,0x0000000789f7a090,0x0000000789f80000)
  to   space 8192K, 0% used [0x0000000788f80000,0x0000000788f80000,0x0000000789780000)
 ParOldGen       total 175104K, used 37077K [0x0000000701e00000, 0x000000070c900000, 0x0000000780a00000)
  object space 175104K, 21% used [0x0000000701e00000,0x00000007042354c0,0x000000070c900000)
 Metaspace       used 45945K, capacity 46575K, committed 47152K, reserved 1091584K
  class space    used 5668K, capacity 5827K, committed 5936K, reserved 1048576K
GC Heap History (10 events):
Event: 1.277 GC heap before
{Heap before GC invocations=2 (full 0):
 PSYoungGen      total 57344K, used 43061K [0x0000000780a00000, 0x0000000787a00000, 0x00000007c0000000)
  eden space 49152K, 70% used [0x0000000780a00000,0x0000000782c0f628,0x0000000783a00000)
  from space 8192K, 99% used [0x0000000783a00000,0x00000007841fdfb8,0x0000000784200000)
  to   space 8192K, 0% used [0x0000000787200000,0x0000000787200000,0x0000000787a00000)
 ParOldGen       total 131072K, used 3802K [0x0000000701e00000, 0x0000000709e00000, 0x0000000780a00000)
  object space 131072K, 2% used [0x0000000701e00000,0x00000007021b6890,0x0000000709e00000)
 Metaspace       used 20778K, capacity 21162K, committed 21296K, reserved 1069056K
  class space    used 2468K, capacity 2589K, committed 2608K, reserved 1048576K
Event: 1.286 GC heap after
Heap after GC invocations=2 (full 0):
 PSYoungGen      total 106496K, used 8183K [0x0000000780a00000, 0x0000000787a00000, 0x00000007c0000000)
  eden space 98304K, 0% used [0x0000000780a00000,0x0000000780a00000,0x0000000786a00000)
  from space 8192K, 99% used [0x0000000787200000,0x00000007879fdd30,0x0000000787a00000)
  to   space 8192K, 0% used [0x0000000786a00000,0x0000000786a00000,0x0000000787200000)
 ParOldGen       total 131072K, used 8239K [0x0000000701e00000, 0x0000000709e00000, 0x0000000780a00000)
  object space 131072K, 6% used [0x0000000701e00000,0x000000070260bea0,0x0000000709e00000)
 Metaspace       used 20778K, capacity 21162K, committed 21296K, reserved 1069056K
  class space    used 2468K, capacity 2589K, committed 2608K, reserved 1048576K
}
Event: 1.286 GC heap before
{Heap before GC invocations=3 (full 1):
 PSYoungGen      total 106496K, used 8183K [0x0000000780a00000, 0x0000000787a00000, 0x00000007c0000000)
  eden space 98304K, 0% used [0x0000000780a00000,0x0000000780a00000,0x0000000786a00000)
  from space 8192K, 99% used [0x0000000787200000,0x00000007879fdd30,0x0000000787a00000)
  to   space 8192K, 0% used [0x0000000786a00000,0x0000000786a00000,0x0000000787200000)
 ParOldGen       total 131072K, used 8239K [0x0000000701e00000, 0x0000000709e00000, 0x0000000780a00000)
  object space 131072K, 6% used [0x0000000701e00000,0x000000070260bea0,0x0000000709e00000)
 Metaspace       used 20778K, capacity 21162K, committed 21296K, reserved 1069056K
  class space    used 2468K, capacity 2589K, committed 2608K, reserved 1048576K
Event: 1.313 GC heap after
Heap after GC invocations=3 (full 1):
 PSYoungGen      total 106496K, used 0K [0x0000000780a00000, 0x0000000787a00000, 0x00000007c0000000)
  eden space 98304K, 0% used [0x0000000780a00000,0x0000000780a00000,0x0000000786a00000)
  from space 8192K, 0% used [0x0000000787200000,0x0000000787200000,0x0000000787a00000)
  to   space 8192K, 0% used [0x0000000786a00000,0x0000000786a00000,0x0000000787200000)
 ParOldGen       total 95744K, used 12076K [0x0000000701e00000, 0x0000000707b80000, 0x0000000780a00000)
  object space 95744K, 12% used [0x0000000701e00000,0x00000007029cb248,0x0000000707b80000)
 Metaspace       used 20778K, capacity 21162K, committed 21296K, reserved 1069056K
  class space    used 2468K, capacity 2589K, committed 2608K, reserved 1048576K
}
Event: 2.668 GC heap before
{Heap before GC invocations=4 (full 1):
 PSYoungGen      total 106496K, used 93612K [0x0000000780a00000, 0x0000000787a00000, 0x00000007c0000000)
  eden space 98304K, 95% used [0x0000000780a00000,0x000000078656b2f8,0x0000000786a00000)
  from space 8192K, 0% used [0x0000000787200000,0x0000000787200000,0x0000000787a00000)
  to   space 8192K, 0% used [0x0000000786a00000,0x0000000786a00000,0x0000000787200000)
 ParOldGen       total 95744K, used 12076K [0x0000000701e00000, 0x0000000707b80000, 0x0000000780a00000)
  object space 95744K, 12% used [0x0000000701e00000,0x00000007029cb248,0x0000000707b80000)
 Metaspace       used 34699K, capacity 35191K, committed 35496K, reserved 1081344K
  class space    used 4449K, capacity 4639K, committed 4656K, reserved 1048576K
Event: 2.685 GC heap after
Heap after GC invocations=4 (full 1):
 PSYoungGen      total 106496K, used 8166K [0x0000000780a00000, 0x0000000789f80000, 0x00000007c0000000)
  eden space 98304K, 0% used [0x0000000780a00000,0x0000000780a00000,0x0000000786a00000)
  from space 8192K, 99% used [0x0000000786a00000,0x00000007871f9ae0,0x0000000787200000)
  to   space 8192K, 0% used [0x0000000789780000,0x0000000789780000,0x0000000789f80000)
 ParOldGen       total 95744K, used 25420K [0x0000000701e00000, 0x0000000707b80000, 0x0000000780a00000)
  object space 95744K, 26% used [0x0000000701e00000,0x00000007036d3188,0x0000000707b80000)
 Metaspace       used 34699K, capacity 35191K, committed 35496K, reserved 1081344K
  class space    used 4449K, capacity 4639K, committed 4656K, reserved 1048576K
}
Event: 2.685 GC heap before
{Heap before GC invocations=5 (full 2):
 PSYoungGen      total 106496K, used 8166K [0x0000000780a00000, 0x0000000789f80000, 0x00000007c0000000)
  eden space 98304K, 0% used [0x0000000780a00000,0x0000000780a00000,0x0000000786a00000)
  from space 8192K, 99% used [0x0000000786a00000,0x00000007871f9ae0,0x0000000787200000)
  to   space 8192K, 0% used [0x0000000789780000,0x0000000789780000,0x0000000789f80000)
 ParOldGen       total 95744K, used 25420K [0x0000000701e00000, 0x0000000707b80000, 0x0000000780a00000)
  object space 95744K, 26% used [0x0000000701e00000,0x00000007036d3188,0x0000000707b80000)
 Metaspace       used 34699K, capacity 35191K, committed 35496K, reserved 1081344K
  class space    used 4449K, capacity 4639K, committed 4656K, reserved 1048576K
Event: 2.745 GC heap after
Heap after GC invocations=5 (full 2):
 PSYoungGen      total 106496K, used 0K [0x0000000780a00000, 0x0000000789f80000, 0x00000007c0000000)
  eden space 98304K, 0% used [0x0000000780a00000,0x0000000780a00000,0x0000000786a00000)
  from space 8192K, 0% used [0x0000000786a00000,0x0000000786a00000,0x0000000787200000)
  to   space 8192K, 0% used [0x0000000789780000,0x0000000789780000,0x0000000789f80000)
 ParOldGen       total 175104K, used 26588K [0x0000000701e00000, 0x000000070c900000, 0x0000000780a00000)
  object space 175104K, 15% used [0x0000000701e00000,0x00000007037f72f8,0x000000070c900000)
 Metaspace       used 34699K, capacity 35191K, committed 35496K, reserved 1081344K
  class space    used 4449K, capacity 4639K, committed 4656K, reserved 1048576K
}
Event: 4.572 GC heap before
{Heap before GC invocations=6 (full 2):
 PSYoungGen      total 106496K, used 98304K [0x0000000780a00000, 0x0000000789f80000, 0x00000007c0000000)
  eden space 98304K, 100% used [0x0000000780a00000,0x0000000786a00000,0x0000000786a00000)
  from space 8192K, 0% used [0x0000000786a00000,0x0000000786a00000,0x0000000787200000)
  to   space 8192K, 0% used [0x0000000789780000,0x0000000789780000,0x0000000789f80000)
 ParOldGen       total 175104K, used 26588K [0x0000000701e00000, 0x000000070c900000, 0x0000000780a00000)
  object space 175104K, 15% used [0x0000000701e00000,0x00000007037f72f8,0x000000070c900000)
 Metaspace       used 43110K, capacity 43709K, committed 44208K, reserved 1087488K
  class space    used 5332K, capacity 5536K, committed 5552K, reserved 1048576K
Event: 4.585 GC heap after
Heap after GC invocations=6 (full 2):
 PSYoungGen      total 133120K, used 8168K [0x0000000780a00000, 0x0000000789f80000, 0x00000007c0000000)
  eden space 124928K, 0% used [0x0000000780a00000,0x0000000780a00000,0x0000000788400000)
  from space 8192K, 99% used [0x0000000789780000,0x0000000789f7a090,0x0000000789f80000)
  to   space 8192K, 0% used [0x0000000788f80000,0x0000000788f80000,0x0000000789780000)
 ParOldGen       total 175104K, used 37077K [0x0000000701e00000, 0x000000070c900000, 0x0000000780a00000)
  object space 175104K, 21% used [0x0000000701e00000,0x00000007042354c0,0x000000070c900000)
 Metaspace       used 43110K, capacity 43709K, committed 44208K, reserved 1087488K
  class space    used 5332K, capacity 5536K, committed 5552K, reserved 1048576K
}

