# JRE version: OpenJDK Runtime Environment (8.0_242-b01) (build 1.8.0_242-release-1644-b01)
# Java VM: OpenJDK 64-Bit Server VM (25.242-b01 mixed mode windows-amd64 compressed oops)
Heap:
 PSYoungGen      total 377856K, used 211102K [0x00000000e0000000, 0x00000000fdc00000, 0x0000000100000000)
  eden space 328704K, 64% used [0x00000000e0000000,0x00000000ece27928,0x00000000f4100000)
  from space 49152K, 0% used [0x00000000f4100000,0x00000000f4100000,0x00000000f7100000)
  to   space 52224K, 0% used [0x00000000fa900000,0x00000000fa900000,0x00000000fdc00000)
 ParOldGen       total 326656K, used 75194K [0x00000000a0000000, 0x00000000b3f00000, 0x00000000e0000000)
  object space 326656K, 23% used [0x00000000a0000000,0x00000000a496ea08,0x00000000b3f00000)
 Metaspace       used 99895K, capacity 105236K, committed 105384K, reserved 1140736K
  class space    used 13331K, capacity 14444K, committed 14504K, reserved 1048576K
GC Heap History (10 events):
Event: 17.086 GC heap before
{Heap before GC invocations=11 (full 3):
 PSYoungGen      total 329728K, used 308224K [0x00000000e0000000, 0x00000000f6200000, 0x0000000100000000)
  eden space 308224K, 100% used [0x00000000e0000000,0x00000000f2d00000,0x00000000f2d00000)
  from space 21504K, 0% used [0x00000000f2f00000,0x00000000f2f00000,0x00000000f4400000)
  to   space 27136K, 0% used [0x00000000f4780000,0x00000000f4780000,0x00000000f6200000)
 ParOldGen       total 214016K, used 37126K [0x00000000a0000000, 0x00000000ad100000, 0x00000000e0000000)
  object space 214016K, 17% used [0x00000000a0000000,0x00000000a24418b8,0x00000000ad100000)
 Metaspace       used 71488K, capacity 74552K, committed 74800K, reserved 1114112K
  class space    used 9689K, capacity 10282K, committed 10288K, reserved 1048576K
Event: 17.104 GC heap after
Heap after GC invocations=11 (full 3):
 PSYoungGen      total 331776K, used 25378K [0x00000000e0000000, 0x00000000fab80000, 0x0000000100000000)
  eden space 304640K, 0% used [0x00000000e0000000,0x00000000e0000000,0x00000000f2980000)
  from space 27136K, 93% used [0x00000000f4780000,0x00000000f6048a70,0x00000000f6200000)
  to   space 30720K, 0% used [0x00000000f2980000,0x00000000f2980000,0x00000000f4780000)
 ParOldGen       total 214016K, used 37134K [0x00000000a0000000, 0x00000000ad100000, 0x00000000e0000000)
  object space 214016K, 17% used [0x00000000a0000000,0x00000000a24438b8,0x00000000ad100000)
 Metaspace       used 71488K, capacity 74552K, committed 74800K, reserved 1114112K
  class space    used 9689K, capacity 10282K, committed 10288K, reserved 1048576K
}
Event: 44.817 GC heap before
{Heap before GC invocations=12 (full 3):
 PSYoungGen      total 331776K, used 330018K [0x00000000e0000000, 0x00000000fab80000, 0x0000000100000000)
  eden space 304640K, 100% used [0x00000000e0000000,0x00000000f2980000,0x00000000f2980000)
  from space 27136K, 93% used [0x00000000f4780000,0x00000000f6048a70,0x00000000f6200000)
  to   space 30720K, 0% used [0x00000000f2980000,0x00000000f2980000,0x00000000f4780000)
 ParOldGen       total 214016K, used 37134K [0x00000000a0000000, 0x00000000ad100000, 0x00000000e0000000)
  object space 214016K, 17% used [0x00000000a0000000,0x00000000a24438b8,0x00000000ad100000)
 Metaspace       used 84236K, capacity 88256K, committed 88368K, reserved 1126400K
  class space    used 11086K, capacity 11969K, committed 12080K, reserved 1048576K
Event: 44.847 GC heap after
Heap after GC invocations=12 (full 3):
 PSYoungGen      total 335360K, used 30700K [0x00000000e0000000, 0x00000000f9800000, 0x0000000100000000)
  eden space 304640K, 0% used [0x00000000e0000000,0x00000000e0000000,0x00000000f2980000)
  from space 30720K, 99% used [0x00000000f2980000,0x00000000f477b010,0x00000000f4780000)
  to   space 39936K, 0% used [0x00000000f7100000,0x00000000f7100000,0x00000000f9800000)
 ParOldGen       total 214016K, used 48159K [0x00000000a0000000, 0x00000000ad100000, 0x00000000e0000000)
  object space 214016K, 22% used [0x00000000a0000000,0x00000000a2f07d58,0x00000000ad100000)
 Metaspace       used 84236K, capacity 88256K, committed 88368K, reserved 1126400K
  class space    used 11086K, capacity 11969K, committed 12080K, reserved 1048576K
}
Event: 61.514 GC heap before
{Heap before GC invocations=13 (full 3):
 PSYoungGen      total 335360K, used 335340K [0x00000000e0000000, 0x00000000f9800000, 0x0000000100000000)
  eden space 304640K, 100% used [0x00000000e0000000,0x00000000f2980000,0x00000000f2980000)
  from space 30720K, 99% used [0x00000000f2980000,0x00000000f477b010,0x00000000f4780000)
  to   space 39936K, 0% used [0x00000000f7100000,0x00000000f7100000,0x00000000f9800000)
 ParOldGen       total 214016K, used 48159K [0x00000000a0000000, 0x00000000ad100000, 0x00000000e0000000)
  object space 214016K, 22% used [0x00000000a0000000,0x00000000a2f07d58,0x00000000ad100000)
 Metaspace       used 88516K, capacity 92998K, committed 93104K, reserved 1130496K
  class space    used 11707K, capacity 12657K, committed 12720K, reserved 1048576K
Event: 61.561 GC heap after
Heap after GC invocations=13 (full 3):
 PSYoungGen      total 368640K, used 39913K [0x00000000e0000000, 0x00000000fa580000, 0x0000000100000000)
  eden space 328704K, 0% used [0x00000000e0000000,0x00000000e0000000,0x00000000f4100000)
  from space 39936K, 99% used [0x00000000f7100000,0x00000000f97fa6f0,0x00000000f9800000)
  to   space 49152K, 0% used [0x00000000f4100000,0x00000000f4100000,0x00000000f7100000)
 ParOldGen       total 214016K, used 57163K [0x00000000a0000000, 0x00000000ad100000, 0x00000000e0000000)
  object space 214016K, 26% used [0x00000000a0000000,0x00000000a37d2c50,0x00000000ad100000)
 Metaspace       used 88516K, capacity 92998K, committed 93104K, reserved 1130496K
  class space    used 11707K, capacity 12657K, committed 12720K, reserved 1048576K
}
Event: 62.386 GC heap before
{Heap before GC invocations=14 (full 3):
 PSYoungGen      total 368640K, used 155591K [0x00000000e0000000, 0x00000000fa580000, 0x0000000100000000)
  eden space 328704K, 35% used [0x00000000e0000000,0x00000000e70f7600,0x00000000f4100000)
  from space 39936K, 99% used [0x00000000f7100000,0x00000000f97fa6f0,0x00000000f9800000)
  to   space 49152K, 0% used [0x00000000f4100000,0x00000000f4100000,0x00000000f7100000)
 ParOldGen       total 214016K, used 57163K [0x00000000a0000000, 0x00000000ad100000, 0x00000000e0000000)
  object space 214016K, 26% used [0x00000000a0000000,0x00000000a37d2c50,0x00000000ad100000)
 Metaspace       used 93659K, capacity 98478K, committed 98600K, reserved 1134592K
  class space    used 12469K, capacity 13493K, committed 13608K, reserved 1048576K
Event: 62.416 GC heap after
Heap after GC invocations=14 (full 3):
 PSYoungGen      total 377856K, used 36923K [0x00000000e0000000, 0x00000000fdc00000, 0x0000000100000000)
  eden space 328704K, 0% used [0x00000000e0000000,0x00000000e0000000,0x00000000f4100000)
  from space 49152K, 75% used [0x00000000f4100000,0x00000000f650ed50,0x00000000f7100000)
  to   space 52224K, 0% used [0x00000000fa900000,0x00000000fa900000,0x00000000fdc00000)
 ParOldGen       total 214016K, used 68227K [0x00000000a0000000, 0x00000000ad100000, 0x00000000e0000000)
  object space 214016K, 31% used [0x00000000a0000000,0x00000000a42a0d18,0x00000000ad100000)
 Metaspace       used 93659K, capacity 98478K, committed 98600K, reserved 1134592K
  class space    used 12469K, capacity 13493K, committed 13608K, reserved 1048576K
}
Event: 62.416 GC heap before
{Heap before GC invocations=15 (full 4):
 PSYoungGen      total 377856K, used 36923K [0x00000000e0000000, 0x00000000fdc00000, 0x0000000100000000)
  eden space 328704K, 0% used [0x00000000e0000000,0x00000000e0000000,0x00000000f4100000)
  from space 49152K, 75% used [0x00000000f4100000,0x00000000f650ed50,0x00000000f7100000)
  to   space 52224K, 0% used [0x00000000fa900000,0x00000000fa900000,0x00000000fdc00000)
 ParOldGen       total 214016K, used 68227K [0x00000000a0000000, 0x00000000ad100000, 0x00000000e0000000)
  object space 214016K, 31% used [0x00000000a0000000,0x00000000a42a0d18,0x00000000ad100000)
 Metaspace       used 93659K, capacity 98478K, committed 98600K, reserved 1134592K
  class space    used 12469K, capacity 13493K, committed 13608K, reserved 1048576K
Event: 62.622 GC heap after
Heap after GC invocations=15 (full 4):
 PSYoungGen      total 377856K, used 0K [0x00000000e0000000, 0x00000000fdc00000, 0x0000000100000000)
  eden space 328704K, 0% used [0x00000000e0000000,0x00000000e0000000,0x00000000f4100000)
  from space 49152K, 0% used [0x00000000f4100000,0x00000000f4100000,0x00000000f7100000)
  to   space 52224K, 0% used [0x00000000fa900000,0x00000000fa900000,0x00000000fdc00000)
 ParOldGen       total 326656K, used 75194K [0x00000000a0000000, 0x00000000b3f00000, 0x00000000e0000000)
  object space 326656K, 23% used [0x00000000a0000000,0x00000000a496ea08,0x00000000b3f00000)
 Metaspace       used 93427K, capacity 97788K, committed 98600K, reserved 1134592K
  class space    used 12393K, capacity 13360K, committed 13608K, reserved 1048576K
}

