# JRE version: OpenJDK Runtime Environment (8.0_242-b01) (build 1.8.0_242-release-1644-b01)
# Java VM: OpenJDK 64-Bit Server VM (25.242-b01 mixed mode windows-amd64 compressed oops)
Heap:
 PSYoungGen      total 261632K, used 86459K [0x00000000e0000000, 0x00000000f2b80000, 0x0000000100000000)
  eden space 235008K, 25% used [0x00000000e0000000,0x00000000e3a706d8,0x00000000ee580000)
  from space 26624K, 99% used [0x00000000f0600000,0x00000000f1ffe848,0x00000000f2000000)
  to   space 33280K, 0% used [0x00000000ee580000,0x00000000ee580000,0x00000000f0600000)
 ParOldGen       total 171008K, used 46877K [0x00000000a0000000, 0x00000000aa700000, 0x00000000e0000000)
  object space 171008K, 27% used [0x00000000a0000000,0x00000000a2dc75b0,0x00000000aa700000)
 Metaspace       used 85013K, capacity 89058K, committed 89136K, reserved 1126400K
  class space    used 11185K, capacity 12014K, committed 12080K, reserved 1048576K
GC Heap History (10 events):
Event: 9.277 GC heap before
{Heap before GC invocations=13 (full 2):
 PSYoungGen      total 183808K, used 54415K [0x00000000e0000000, 0x00000000ece80000, 0x0000000100000000)
  eden space 170496K, 24% used [0x00000000e0000000,0x00000000e282ab90,0x00000000ea680000)
  from space 13312K, 99% used [0x00000000eb900000,0x00000000ec5f9310,0x00000000ec600000)
  to   space 18944K, 0% used [0x00000000ea680000,0x00000000ea680000,0x00000000eb900000)
 ParOldGen       total 112640K, used 26051K [0x00000000a0000000, 0x00000000a6e00000, 0x00000000e0000000)
  object space 112640K, 23% used [0x00000000a0000000,0x00000000a1970ea8,0x00000000a6e00000)
 Metaspace       used 56957K, capacity 59136K, committed 59160K, reserved 1099776K
  class space    used 7560K, capacity 8093K, committed 8112K, reserved 1048576K
Event: 9.297 GC heap after
Heap after GC invocations=13 (full 2):
 PSYoungGen      total 189440K, used 17538K [0x00000000e0000000, 0x00000000efc00000, 0x0000000100000000)
  eden space 170496K, 0% used [0x00000000e0000000,0x00000000e0000000,0x00000000ea680000)
  from space 18944K, 92% used [0x00000000ea680000,0x00000000eb7a0900,0x00000000eb900000)
  to   space 20992K, 0% used [0x00000000ee780000,0x00000000ee780000,0x00000000efc00000)
 ParOldGen       total 112640K, used 26051K [0x00000000a0000000, 0x00000000a6e00000, 0x00000000e0000000)
  object space 112640K, 23% used [0x00000000a0000000,0x00000000a1970ea8,0x00000000a6e00000)
 Metaspace       used 56957K, capacity 59136K, committed 59160K, reserved 1099776K
  class space    used 7560K, capacity 8093K, committed 8112K, reserved 1048576K
}
Event: 9.297 GC heap before
{Heap before GC invocations=14 (full 3):
 PSYoungGen      total 189440K, used 17538K [0x00000000e0000000, 0x00000000efc00000, 0x0000000100000000)
  eden space 170496K, 0% used [0x00000000e0000000,0x00000000e0000000,0x00000000ea680000)
  from space 18944K, 92% used [0x00000000ea680000,0x00000000eb7a0900,0x00000000eb900000)
  to   space 20992K, 0% used [0x00000000ee780000,0x00000000ee780000,0x00000000efc00000)
 ParOldGen       total 112640K, used 26051K [0x00000000a0000000, 0x00000000a6e00000, 0x00000000e0000000)
  object space 112640K, 23% used [0x00000000a0000000,0x00000000a1970ea8,0x00000000a6e00000)
 Metaspace       used 56957K, capacity 59136K, committed 59160K, reserved 1099776K
  class space    used 7560K, capacity 8093K, committed 8112K, reserved 1048576K
Event: 9.549 GC heap after
Heap after GC invocations=14 (full 3):
 PSYoungGen      total 189440K, used 0K [0x00000000e0000000, 0x00000000efc00000, 0x0000000100000000)
  eden space 170496K, 0% used [0x00000000e0000000,0x00000000e0000000,0x00000000ea680000)
  from space 18944K, 0% used [0x00000000ea680000,0x00000000ea680000,0x00000000eb900000)
  to   space 20992K, 0% used [0x00000000ee780000,0x00000000ee780000,0x00000000efc00000)
 ParOldGen       total 171008K, used 32369K [0x00000000a0000000, 0x00000000aa700000, 0x00000000e0000000)
  object space 171008K, 18% used [0x00000000a0000000,0x00000000a1f9c770,0x00000000aa700000)
 Metaspace       used 56887K, capacity 58928K, committed 59160K, reserved 1099776K
  class space    used 7541K, capacity 8065K, committed 8112K, reserved 1048576K
}
Event: 11.328 GC heap before
{Heap before GC invocations=15 (full 3):
 PSYoungGen      total 189440K, used 170496K [0x00000000e0000000, 0x00000000efc00000, 0x0000000100000000)
  eden space 170496K, 100% used [0x00000000e0000000,0x00000000ea680000,0x00000000ea680000)
  from space 18944K, 0% used [0x00000000ea680000,0x00000000ea680000,0x00000000eb900000)
  to   space 20992K, 0% used [0x00000000ee780000,0x00000000ee780000,0x00000000efc00000)
 ParOldGen       total 171008K, used 32369K [0x00000000a0000000, 0x00000000aa700000, 0x00000000e0000000)
  object space 171008K, 18% used [0x00000000a0000000,0x00000000a1f9c770,0x00000000aa700000)
 Metaspace       used 65939K, capacity 68364K, committed 68656K, reserved 1107968K
  class space    used 8916K, capacity 9460K, committed 9520K, reserved 1048576K
Event: 11.345 GC heap after
Heap after GC invocations=15 (full 3):
 PSYoungGen      total 219136K, used 14337K [0x00000000e0000000, 0x00000000ef600000, 0x0000000100000000)
  eden space 204288K, 0% used [0x00000000e0000000,0x00000000e0000000,0x00000000ec780000)
  from space 14848K, 96% used [0x00000000ee780000,0x00000000ef580698,0x00000000ef600000)
  to   space 21504K, 0% used [0x00000000ecc00000,0x00000000ecc00000,0x00000000ee100000)
 ParOldGen       total 171008K, used 32377K [0x00000000a0000000, 0x00000000aa700000, 0x00000000e0000000)
  object space 171008K, 18% used [0x00000000a0000000,0x00000000a1f9e770,0x00000000aa700000)
 Metaspace       used 65939K, capacity 68364K, committed 68656K, reserved 1107968K
  class space    used 8916K, capacity 9460K, committed 9520K, reserved 1048576K
}
Event: 13.108 GC heap before
{Heap before GC invocations=16 (full 3):
 PSYoungGen      total 219136K, used 218625K [0x00000000e0000000, 0x00000000ef600000, 0x0000000100000000)
  eden space 204288K, 100% used [0x00000000e0000000,0x00000000ec780000,0x00000000ec780000)
  from space 14848K, 96% used [0x00000000ee780000,0x00000000ef580698,0x00000000ef600000)
  to   space 21504K, 0% used [0x00000000ecc00000,0x00000000ecc00000,0x00000000ee100000)
 ParOldGen       total 171008K, used 32377K [0x00000000a0000000, 0x00000000aa700000, 0x00000000e0000000)
  object space 171008K, 18% used [0x00000000a0000000,0x00000000a1f9e770,0x00000000aa700000)
 Metaspace       used 75309K, capacity 78494K, committed 78640K, reserved 1118208K
  class space    used 10167K, capacity 10795K, committed 10800K, reserved 1048576K
Event: 13.130 GC heap after
Heap after GC invocations=16 (full 3):
 PSYoungGen      total 230400K, used 21473K [0x00000000e0000000, 0x00000000f2000000, 0x0000000100000000)
  eden space 208896K, 0% used [0x00000000e0000000,0x00000000e0000000,0x00000000ecc00000)
  from space 21504K, 99% used [0x00000000ecc00000,0x00000000ee0f8508,0x00000000ee100000)
  to   space 26624K, 0% used [0x00000000f0600000,0x00000000f0600000,0x00000000f2000000)
 ParOldGen       total 171008K, used 38138K [0x00000000a0000000, 0x00000000aa700000, 0x00000000e0000000)
  object space 171008K, 22% used [0x00000000a0000000,0x00000000a253eb38,0x00000000aa700000)
 Metaspace       used 75309K, capacity 78494K, committed 78640K, reserved 1118208K
  class space    used 10167K, capacity 10795K, committed 10800K, reserved 1048576K
}
Event: 38.705 GC heap before
{Heap before GC invocations=17 (full 3):
 PSYoungGen      total 230400K, used 230369K [0x00000000e0000000, 0x00000000f2000000, 0x0000000100000000)
  eden space 208896K, 100% used [0x00000000e0000000,0x00000000ecc00000,0x00000000ecc00000)
  from space 21504K, 99% used [0x00000000ecc00000,0x00000000ee0f8508,0x00000000ee100000)
  to   space 26624K, 0% used [0x00000000f0600000,0x00000000f0600000,0x00000000f2000000)
 ParOldGen       total 171008K, used 38138K [0x00000000a0000000, 0x00000000aa700000, 0x00000000e0000000)
  object space 171008K, 22% used [0x00000000a0000000,0x00000000a253eb38,0x00000000aa700000)
 Metaspace       used 83921K, capacity 87808K, committed 87984K, reserved 1126400K
  class space    used 11063K, capacity 11877K, committed 11952K, reserved 1048576K
Event: 38.734 GC heap after
Heap after GC invocations=17 (full 3):
 PSYoungGen      total 261632K, used 26618K [0x00000000e0000000, 0x00000000f2b80000, 0x0000000100000000)
  eden space 235008K, 0% used [0x00000000e0000000,0x00000000e0000000,0x00000000ee580000)
  from space 26624K, 99% used [0x00000000f0600000,0x00000000f1ffe848,0x00000000f2000000)
  to   space 33280K, 0% used [0x00000000ee580000,0x00000000ee580000,0x00000000f0600000)
 ParOldGen       total 171008K, used 46877K [0x00000000a0000000, 0x00000000aa700000, 0x00000000e0000000)
  object space 171008K, 27% used [0x00000000a0000000,0x00000000a2dc75b0,0x00000000aa700000)
 Metaspace       used 83921K, capacity 87808K, committed 87984K, reserved 1126400K
  class space    used 11063K, capacity 11877K, committed 11952K, reserved 1048576K
}

