# JRE version: OpenJDK Runtime Environment (8.0_242-b01) (build 1.8.0_242-release-1644-b01)
# Java VM: OpenJDK 64-Bit Server VM (25.242-b01 mixed mode windows-amd64 compressed oops)
Heap:
 PSYoungGen      total 345600K, used 79004K [0x00000000e0000000, 0x00000000f7180000, 0x0000000100000000)
  eden space 315904K, 18% used [0x00000000e0000000,0x00000000e38272f0,0x00000000f3480000)
  from space 29696K, 72% used [0x00000000f5380000,0x00000000f687fe98,0x00000000f7080000)
  to   space 31232K, 0% used [0x00000000f3480000,0x00000000f3480000,0x00000000f5300000)
 ParOldGen       total 146944K, used 63846K [0x00000000a0000000, 0x00000000a8f80000, 0x00000000e0000000)
  object space 146944K, 43% used [0x00000000a0000000,0x00000000a3e59a68,0x00000000a8f80000)
 Metaspace       used 86148K, capacity 90352K, committed 90672K, reserved 1128448K
  class space    used 11337K, capacity 12225K, committed 12336K, reserved 1048576K
GC Heap History (10 events):
Event: 9.228 GC heap before
{Heap before GC invocations=13 (full 2):
 PSYoungGen      total 218624K, used 26328K [0x00000000e0000000, 0x00000000ef300000, 0x0000000100000000)
  eden space 203776K, 5% used [0x00000000e0000000,0x00000000e0b38e00,0x00000000ec700000)
  from space 14848K, 99% used [0x00000000edc00000,0x00000000eea7d320,0x00000000eea80000)
  to   space 21504K, 0% used [0x00000000ec700000,0x00000000ec700000,0x00000000edc00000)
 ParOldGen       total 97792K, used 26021K [0x00000000a0000000, 0x00000000a5f80000, 0x00000000e0000000)
  object space 97792K, 26% used [0x00000000a0000000,0x00000000a1969450,0x00000000a5f80000)
 Metaspace       used 56925K, capacity 59104K, committed 59160K, reserved 1099776K
  class space    used 7540K, capacity 8061K, committed 8112K, reserved 1048576K
Event: 9.242 GC heap after
Heap after GC invocations=13 (full 2):
 PSYoungGen      total 225280K, used 8534K [0x00000000e0000000, 0x00000000f2f00000, 0x0000000100000000)
  eden space 203776K, 0% used [0x00000000e0000000,0x00000000e0000000,0x00000000ec700000)
  from space 21504K, 39% used [0x00000000ec700000,0x00000000ecf55820,0x00000000edc00000)
  to   space 20480K, 0% used [0x00000000f1b00000,0x00000000f1b00000,0x00000000f2f00000)
 ParOldGen       total 97792K, used 33611K [0x00000000a0000000, 0x00000000a5f80000, 0x00000000e0000000)
  object space 97792K, 34% used [0x00000000a0000000,0x00000000a20d2e20,0x00000000a5f80000)
 Metaspace       used 56925K, capacity 59104K, committed 59160K, reserved 1099776K
  class space    used 7540K, capacity 8061K, committed 8112K, reserved 1048576K
}
Event: 9.242 GC heap before
{Heap before GC invocations=14 (full 3):
 PSYoungGen      total 225280K, used 8534K [0x00000000e0000000, 0x00000000f2f00000, 0x0000000100000000)
  eden space 203776K, 0% used [0x00000000e0000000,0x00000000e0000000,0x00000000ec700000)
  from space 21504K, 39% used [0x00000000ec700000,0x00000000ecf55820,0x00000000edc00000)
  to   space 20480K, 0% used [0x00000000f1b00000,0x00000000f1b00000,0x00000000f2f00000)
 ParOldGen       total 97792K, used 33611K [0x00000000a0000000, 0x00000000a5f80000, 0x00000000e0000000)
  object space 97792K, 34% used [0x00000000a0000000,0x00000000a20d2e20,0x00000000a5f80000)
 Metaspace       used 56925K, capacity 59104K, committed 59160K, reserved 1099776K
  class space    used 7540K, capacity 8061K, committed 8112K, reserved 1048576K
Event: 9.532 GC heap after
Heap after GC invocations=14 (full 3):
 PSYoungGen      total 225280K, used 0K [0x00000000e0000000, 0x00000000f2f00000, 0x0000000100000000)
  eden space 203776K, 0% used [0x00000000e0000000,0x00000000e0000000,0x00000000ec700000)
  from space 21504K, 0% used [0x00000000ec700000,0x00000000ec700000,0x00000000edc00000)
  to   space 20480K, 0% used [0x00000000f1b00000,0x00000000f1b00000,0x00000000f2f00000)
 ParOldGen       total 146944K, used 31435K [0x00000000a0000000, 0x00000000a8f80000, 0x00000000e0000000)
  object space 146944K, 21% used [0x00000000a0000000,0x00000000a1eb2e00,0x00000000a8f80000)
 Metaspace       used 56850K, capacity 58904K, committed 59160K, reserved 1099776K
  class space    used 7521K, capacity 8033K, committed 8112K, reserved 1048576K
}
Event: 11.605 GC heap before
{Heap before GC invocations=15 (full 3):
 PSYoungGen      total 225280K, used 203776K [0x00000000e0000000, 0x00000000f2f00000, 0x0000000100000000)
  eden space 203776K, 100% used [0x00000000e0000000,0x00000000ec700000,0x00000000ec700000)
  from space 21504K, 0% used [0x00000000ec700000,0x00000000ec700000,0x00000000edc00000)
  to   space 20480K, 0% used [0x00000000f1b00000,0x00000000f1b00000,0x00000000f2f00000)
 ParOldGen       total 146944K, used 31435K [0x00000000a0000000, 0x00000000a8f80000, 0x00000000e0000000)
  object space 146944K, 21% used [0x00000000a0000000,0x00000000a1eb2e00,0x00000000a8f80000)
 Metaspace       used 67135K, capacity 69620K, committed 69808K, reserved 1110016K
  class space    used 9069K, capacity 9606K, committed 9648K, reserved 1048576K
Event: 11.622 GC heap after
Heap after GC invocations=15 (full 3):
 PSYoungGen      total 275456K, used 18090K [0x00000000e0000000, 0x00000000f2d00000, 0x0000000100000000)
  eden space 257024K, 0% used [0x00000000e0000000,0x00000000e0000000,0x00000000efb00000)
  from space 18432K, 98% used [0x00000000f1b00000,0x00000000f2caabb8,0x00000000f2d00000)
  to   space 22528K, 0% used [0x00000000f0100000,0x00000000f0100000,0x00000000f1700000)
 ParOldGen       total 146944K, used 31443K [0x00000000a0000000, 0x00000000a8f80000, 0x00000000e0000000)
  object space 146944K, 21% used [0x00000000a0000000,0x00000000a1eb4e00,0x00000000a8f80000)
 Metaspace       used 67135K, capacity 69620K, committed 69808K, reserved 1110016K
  class space    used 9069K, capacity 9606K, committed 9648K, reserved 1048576K
}
Event: 13.758 GC heap before
{Heap before GC invocations=16 (full 3):
 PSYoungGen      total 275456K, used 275114K [0x00000000e0000000, 0x00000000f2d00000, 0x0000000100000000)
  eden space 257024K, 100% used [0x00000000e0000000,0x00000000efb00000,0x00000000efb00000)
  from space 18432K, 98% used [0x00000000f1b00000,0x00000000f2caabb8,0x00000000f2d00000)
  to   space 22528K, 0% used [0x00000000f0100000,0x00000000f0100000,0x00000000f1700000)
 ParOldGen       total 146944K, used 31443K [0x00000000a0000000, 0x00000000a8f80000, 0x00000000e0000000)
  object space 146944K, 21% used [0x00000000a0000000,0x00000000a1eb4e00,0x00000000a8f80000)
 Metaspace       used 78672K, capacity 82242K, committed 82608K, reserved 1120256K
  class space    used 10610K, capacity 11359K, committed 11440K, reserved 1048576K
Event: 13.789 GC heap after
Heap after GC invocations=16 (full 3):
 PSYoungGen      total 285696K, used 22510K [0x00000000e0000000, 0x00000000f7080000, 0x0000000100000000)
  eden space 263168K, 0% used [0x00000000e0000000,0x00000000e0000000,0x00000000f0100000)
  from space 22528K, 99% used [0x00000000f0100000,0x00000000f16fbb58,0x00000000f1700000)
  to   space 29696K, 0% used [0x00000000f5380000,0x00000000f5380000,0x00000000f7080000)
 ParOldGen       total 146944K, used 42222K [0x00000000a0000000, 0x00000000a8f80000, 0x00000000e0000000)
  object space 146944K, 28% used [0x00000000a0000000,0x00000000a293bb78,0x00000000a8f80000)
 Metaspace       used 78672K, capacity 82242K, committed 82608K, reserved 1120256K
  class space    used 10610K, capacity 11359K, committed 11440K, reserved 1048576K
}
Event: 30.722 GC heap before
{Heap before GC invocations=17 (full 3):
 PSYoungGen      total 285696K, used 285678K [0x00000000e0000000, 0x00000000f7080000, 0x0000000100000000)
  eden space 263168K, 100% used [0x00000000e0000000,0x00000000f0100000,0x00000000f0100000)
  from space 22528K, 99% used [0x00000000f0100000,0x00000000f16fbb58,0x00000000f1700000)
  to   space 29696K, 0% used [0x00000000f5380000,0x00000000f5380000,0x00000000f7080000)
 ParOldGen       total 146944K, used 42222K [0x00000000a0000000, 0x00000000a8f80000, 0x00000000e0000000)
  object space 146944K, 28% used [0x00000000a0000000,0x00000000a293bb78,0x00000000a8f80000)
 Metaspace       used 86049K, capacity 90268K, committed 90416K, reserved 1128448K
  class space    used 11333K, capacity 12223K, committed 12336K, reserved 1048576K
Event: 30.772 GC heap after
Heap after GC invocations=17 (full 3):
 PSYoungGen      total 345600K, used 21503K [0x00000000e0000000, 0x00000000f7180000, 0x0000000100000000)
  eden space 315904K, 0% used [0x00000000e0000000,0x00000000e0000000,0x00000000f3480000)
  from space 29696K, 72% used [0x00000000f5380000,0x00000000f687fe98,0x00000000f7080000)
  to   space 31232K, 0% used [0x00000000f3480000,0x00000000f3480000,0x00000000f5300000)
 ParOldGen       total 146944K, used 63846K [0x00000000a0000000, 0x00000000a8f80000, 0x00000000e0000000)
  object space 146944K, 43% used [0x00000000a0000000,0x00000000a3e59a68,0x00000000a8f80000)
 Metaspace       used 86049K, capacity 90268K, committed 90416K, reserved 1128448K
  class space    used 11333K, capacity 12223K, committed 12336K, reserved 1048576K
}

