# JRE version: OpenJDK Runtime Environment (8.0_212-b04) (build 1.8.0_212-release-1586-b04)
# Java VM: OpenJDK 64-Bit Server VM (25.212-b04 mixed mode windows-amd64 compressed oops)
Heap:
 PSYoungGen      total 106496K, used 69859K [0x0000000780a00000, 0x000000078ae00000, 0x00000007c0000000)
  eden space 84992K, 56% used [0x0000000780a00000,0x000000078393a660,0x0000000785d00000)
  from space 21504K, 99% used [0x0000000785d00000,0x00000007871fe7f0,0x0000000787200000)
  to   space 28672K, 0% used [0x0000000789200000,0x0000000789200000,0x000000078ae00000)
 ParOldGen       total 169984K, used 42885K [0x0000000701e00000, 0x000000070c400000, 0x0000000780a00000)
  object space 169984K, 25% used [0x0000000701e00000,0x00000007047e1548,0x000000070c400000)
 Metaspace       used 53755K, capacity 54805K, committed 54960K, reserved 1097728K
  class space    used 6521K, capacity 6808K, committed 6832K, reserved 1048576K
GC Heap History (10 events):
Event: 6.333 GC heap before
{Heap before GC invocations=5 (full 1):
 PSYoungGen      total 57344K, used 52812K [0x0000000780a00000, 0x0000000785d80000, 0x00000007c0000000)
  eden space 49152K, 90% used [0x0000000780a00000,0x0000000783596b10,0x0000000783a00000)
  from space 8192K, 99% used [0x0000000783a00000,0x00000007841fc568,0x0000000784200000)
  to   space 8192K, 0% used [0x0000000785580000,0x0000000785580000,0x0000000785d80000)
 ParOldGen       total 97280K, used 15702K [0x0000000701e00000, 0x0000000707d00000, 0x0000000780a00000)
  object space 97280K, 16% used [0x0000000701e00000,0x0000000702d55918,0x0000000707d00000)
 Metaspace       used 34751K, capacity 35221K, committed 35496K, reserved 1081344K
  class space    used 4407K, capacity 4580K, committed 4656K, reserved 1048576K
Event: 6.350 GC heap after
Heap after GC invocations=5 (full 1):
 PSYoungGen      total 77312K, used 8191K [0x0000000780a00000, 0x0000000786000000, 0x00000007c0000000)
  eden space 69120K, 0% used [0x0000000780a00000,0x0000000780a00000,0x0000000784d80000)
  from space 8192K, 99% used [0x0000000785580000,0x0000000785d7fd28,0x0000000785d80000)
  to   space 8192K, 0% used [0x0000000784d80000,0x0000000784d80000,0x0000000785580000)
 ParOldGen       total 97280K, used 25208K [0x0000000701e00000, 0x0000000707d00000, 0x0000000780a00000)
  object space 97280K, 25% used [0x0000000701e00000,0x000000070369e040,0x0000000707d00000)
 Metaspace       used 34751K, capacity 35221K, committed 35496K, reserved 1081344K
  class space    used 4407K, capacity 4580K, committed 4656K, reserved 1048576K
}
Event: 6.350 GC heap before
{Heap before GC invocations=6 (full 2):
 PSYoungGen      total 77312K, used 8191K [0x0000000780a00000, 0x0000000786000000, 0x00000007c0000000)
  eden space 69120K, 0% used [0x0000000780a00000,0x0000000780a00000,0x0000000784d80000)
  from space 8192K, 99% used [0x0000000785580000,0x0000000785d7fd28,0x0000000785d80000)
  to   space 8192K, 0% used [0x0000000784d80000,0x0000000784d80000,0x0000000785580000)
 ParOldGen       total 97280K, used 25208K [0x0000000701e00000, 0x0000000707d00000, 0x0000000780a00000)
  object space 97280K, 25% used [0x0000000701e00000,0x000000070369e040,0x0000000707d00000)
 Metaspace       used 34751K, capacity 35221K, committed 35496K, reserved 1081344K
  class space    used 4407K, capacity 4580K, committed 4656K, reserved 1048576K
Event: 6.444 GC heap after
Heap after GC invocations=6 (full 2):
 PSYoungGen      total 77312K, used 0K [0x0000000780a00000, 0x0000000786000000, 0x00000007c0000000)
  eden space 69120K, 0% used [0x0000000780a00000,0x0000000780a00000,0x0000000784d80000)
  from space 8192K, 0% used [0x0000000785580000,0x0000000785580000,0x0000000785d80000)
  to   space 8192K, 0% used [0x0000000784d80000,0x0000000784d80000,0x0000000785580000)
 ParOldGen       total 169984K, used 23059K [0x0000000701e00000, 0x000000070c400000, 0x0000000780a00000)
  object space 169984K, 13% used [0x0000000701e00000,0x0000000703484ca8,0x000000070c400000)
 Metaspace       used 34751K, capacity 35221K, committed 35496K, reserved 1081344K
  class space    used 4407K, capacity 4580K, committed 4656K, reserved 1048576K
}
Event: 8.082 GC heap before
{Heap before GC invocations=7 (full 2):
 PSYoungGen      total 77312K, used 69120K [0x0000000780a00000, 0x0000000786000000, 0x00000007c0000000)
  eden space 69120K, 100% used [0x0000000780a00000,0x0000000784d80000,0x0000000784d80000)
  from space 8192K, 0% used [0x0000000785580000,0x0000000785580000,0x0000000785d80000)
  to   space 8192K, 0% used [0x0000000784d80000,0x0000000784d80000,0x0000000785580000)
 ParOldGen       total 169984K, used 23059K [0x0000000701e00000, 0x000000070c400000, 0x0000000780a00000)
  object space 169984K, 13% used [0x0000000701e00000,0x0000000703484ca8,0x000000070c400000)
 Metaspace       used 40947K, capacity 41639K, committed 41904K, reserved 1085440K
  class space    used 5096K, capacity 5275K, committed 5296K, reserved 1048576K
Event: 8.097 GC heap after
Heap after GC invocations=7 (full 2):
 PSYoungGen      total 77312K, used 8189K [0x0000000780a00000, 0x0000000788380000, 0x00000007c0000000)
  eden space 69120K, 0% used [0x0000000780a00000,0x0000000780a00000,0x0000000784d80000)
  from space 8192K, 99% used [0x0000000784d80000,0x000000078557f6a8,0x0000000785580000)
  to   space 17920K, 0% used [0x0000000787200000,0x0000000787200000,0x0000000788380000)
 ParOldGen       total 169984K, used 29853K [0x0000000701e00000, 0x000000070c400000, 0x0000000780a00000)
  object space 169984K, 17% used [0x0000000701e00000,0x0000000703b277b8,0x000000070c400000)
 Metaspace       used 40947K, capacity 41639K, committed 41904K, reserved 1085440K
  class space    used 5096K, capacity 5275K, committed 5296K, reserved 1048576K
}
Event: 11.078 GC heap before
{Heap before GC invocations=8 (full 2):
 PSYoungGen      total 77312K, used 77309K [0x0000000780a00000, 0x0000000788380000, 0x00000007c0000000)
  eden space 69120K, 100% used [0x0000000780a00000,0x0000000784d80000,0x0000000784d80000)
  from space 8192K, 99% used [0x0000000784d80000,0x000000078557f6a8,0x0000000785580000)
  to   space 17920K, 0% used [0x0000000787200000,0x0000000787200000,0x0000000788380000)
 ParOldGen       total 169984K, used 29853K [0x0000000701e00000, 0x000000070c400000, 0x0000000780a00000)
  object space 169984K, 17% used [0x0000000701e00000,0x0000000703b277b8,0x000000070c400000)
 Metaspace       used 45905K, capacity 46663K, committed 46896K, reserved 1089536K
  class space    used 5659K, capacity 5877K, committed 5936K, reserved 1048576K
Event: 11.119 GC heap after
Heap after GC invocations=8 (full 2):
 PSYoungGen      total 102912K, used 17911K [0x0000000780a00000, 0x0000000788c00000, 0x00000007c0000000)
  eden space 84992K, 0% used [0x0000000780a00000,0x0000000780a00000,0x0000000785d00000)
  from space 17920K, 99% used [0x0000000787200000,0x000000078837ddc8,0x0000000788380000)
  to   space 21504K, 0% used [0x0000000785d00000,0x0000000785d00000,0x0000000787200000)
 ParOldGen       total 169984K, used 33520K [0x0000000701e00000, 0x000000070c400000, 0x0000000780a00000)
  object space 169984K, 19% used [0x0000000701e00000,0x0000000703ebc118,0x000000070c400000)
 Metaspace       used 45905K, capacity 46663K, committed 46896K, reserved 1089536K
  class space    used 5659K, capacity 5877K, committed 5936K, reserved 1048576K
}
Event: 14.549 GC heap before
{Heap before GC invocations=9 (full 2):
 PSYoungGen      total 102912K, used 102903K [0x0000000780a00000, 0x0000000788c00000, 0x00000007c0000000)
  eden space 84992K, 100% used [0x0000000780a00000,0x0000000785d00000,0x0000000785d00000)
  from space 17920K, 99% used [0x0000000787200000,0x000000078837ddc8,0x0000000788380000)
  to   space 21504K, 0% used [0x0000000785d00000,0x0000000785d00000,0x0000000787200000)
 ParOldGen       total 169984K, used 33520K [0x0000000701e00000, 0x000000070c400000, 0x0000000780a00000)
  object space 169984K, 19% used [0x0000000701e00000,0x0000000703ebc118,0x000000070c400000)
 Metaspace       used 50772K, capacity 51677K, committed 52016K, reserved 1095680K
  class space    used 6137K, capacity 6394K, committed 6448K, reserved 1048576K
Event: 14.586 GC heap after
Heap after GC invocations=9 (full 2):
 PSYoungGen      total 106496K, used 21497K [0x0000000780a00000, 0x000000078ae00000, 0x00000007c0000000)
  eden space 84992K, 0% used [0x0000000780a00000,0x0000000780a00000,0x0000000785d00000)
  from space 21504K, 99% used [0x0000000785d00000,0x00000007871fe7f0,0x0000000787200000)
  to   space 28672K, 0% used [0x0000000789200000,0x0000000789200000,0x000000078ae00000)
 ParOldGen       total 169984K, used 42885K [0x0000000701e00000, 0x000000070c400000, 0x0000000780a00000)
  object space 169984K, 25% used [0x0000000701e00000,0x00000007047e1548,0x000000070c400000)
 Metaspace       used 50772K, capacity 51677K, committed 52016K, reserved 1095680K
  class space    used 6137K, capacity 6394K, committed 6448K, reserved 1048576K
}

