# JRE version: OpenJDK Runtime Environment (8.0_242-b01) (build 1.8.0_242-release-1644-b01)
# Java VM: OpenJDK 64-Bit Server VM (25.242-b01 mixed mode windows-amd64 compressed oops)
Heap:
 PSYoungGen      total 439296K, used 305722K [0x00000000e0000000, 0x00000000fea80000, 0x0000000100000000)
  eden space 407040K, 73% used [0x00000000e0000000,0x00000000f2322990,0x00000000f8d80000)
  from space 32256K, 23% used [0x00000000f8d80000,0x00000000f94ec010,0x00000000fad00000)
  to   space 31744K, 0% used [0x00000000fcb80000,0x00000000fcb80000,0x00000000fea80000)
 ParOldGen       total 176640K, used 81619K [0x00000000a0000000, 0x00000000aac80000, 0x00000000e0000000)
  object space 176640K, 46% used [0x00000000a0000000,0x00000000a4fb4f30,0x00000000aac80000)
 Metaspace       used 76833K, capacity 80678K, committed 80920K, reserved 1120256K
  class space    used 10045K, capacity 10800K, committed 10800K, reserved 1048576K
GC Heap History (10 events):
Event: 90.753 GC heap before
{Heap before GC invocations=14 (full 3):
 PSYoungGen      total 344576K, used 344567K [0x00000000e0000000, 0x00000000f7600000, 0x0000000100000000)
  eden space 322048K, 100% used [0x00000000e0000000,0x00000000f3a80000,0x00000000f3a80000)
  from space 22528K, 99% used [0x00000000f5380000,0x00000000f697de08,0x00000000f6980000)
  to   space 25600K, 0% used [0x00000000f3a80000,0x00000000f3a80000,0x00000000f5380000)
 ParOldGen       total 176640K, used 41225K [0x00000000a0000000, 0x00000000aac80000, 0x00000000e0000000)
  object space 176640K, 23% used [0x00000000a0000000,0x00000000a2842508,0x00000000aac80000)
 Metaspace       used 71664K, capacity 74940K, committed 75160K, reserved 1114112K
  class space    used 9735K, capacity 10415K, committed 10416K, reserved 1048576K
Event: 90.787 GC heap after
Heap after GC invocations=14 (full 3):
 PSYoungGen      total 347648K, used 22338K [0x00000000e0000000, 0x00000000fab00000, 0x0000000100000000)
  eden space 322048K, 0% used [0x00000000e0000000,0x00000000e0000000,0x00000000f3a80000)
  from space 25600K, 87% used [0x00000000f3a80000,0x00000000f5050b08,0x00000000f5380000)
  to   space 28160K, 0% used [0x00000000f8f80000,0x00000000f8f80000,0x00000000fab00000)
 ParOldGen       total 176640K, used 56731K [0x00000000a0000000, 0x00000000aac80000, 0x00000000e0000000)
  object space 176640K, 32% used [0x00000000a0000000,0x00000000a3766dc8,0x00000000aac80000)
 Metaspace       used 71664K, capacity 74940K, committed 75160K, reserved 1114112K
  class space    used 9735K, capacity 10415K, committed 10416K, reserved 1048576K
}
Event: 215.041 GC heap before
{Heap before GC invocations=15 (full 3):
 PSYoungGen      total 347648K, used 344386K [0x00000000e0000000, 0x00000000fab00000, 0x0000000100000000)
  eden space 322048K, 100% used [0x00000000e0000000,0x00000000f3a80000,0x00000000f3a80000)
  from space 25600K, 87% used [0x00000000f3a80000,0x00000000f5050b08,0x00000000f5380000)
  to   space 28160K, 0% used [0x00000000f8f80000,0x00000000f8f80000,0x00000000fab00000)
 ParOldGen       total 176640K, used 56731K [0x00000000a0000000, 0x00000000aac80000, 0x00000000e0000000)
  object space 176640K, 32% used [0x00000000a0000000,0x00000000a3766dc8,0x00000000aac80000)
 Metaspace       used 75437K, capacity 78936K, committed 79128K, reserved 1118208K
  class space    used 9979K, capacity 10689K, committed 10800K, reserved 1048576K
Event: 215.073 GC heap after
Heap after GC invocations=15 (full 3):
 PSYoungGen      total 398336K, used 28144K [0x00000000e0000000, 0x00000000fab00000, 0x0000000100000000)
  eden space 370176K, 0% used [0x00000000e0000000,0x00000000e0000000,0x00000000f6980000)
  from space 28160K, 99% used [0x00000000f8f80000,0x00000000faafc050,0x00000000fab00000)
  to   space 33280K, 0% used [0x00000000f6a00000,0x00000000f6a00000,0x00000000f8a80000)
 ParOldGen       total 176640K, used 60543K [0x00000000a0000000, 0x00000000aac80000, 0x00000000e0000000)
  object space 176640K, 34% used [0x00000000a0000000,0x00000000a3b1fd18,0x00000000aac80000)
 Metaspace       used 75437K, capacity 78936K, committed 79128K, reserved 1118208K
  class space    used 9979K, capacity 10689K, committed 10800K, reserved 1048576K
}
Event: 233.593 GC heap before
{Heap before GC invocations=16 (full 3):
 PSYoungGen      total 398336K, used 398320K [0x00000000e0000000, 0x00000000fab00000, 0x0000000100000000)
  eden space 370176K, 100% used [0x00000000e0000000,0x00000000f6980000,0x00000000f6980000)
  from space 28160K, 99% used [0x00000000f8f80000,0x00000000faafc050,0x00000000fab00000)
  to   space 33280K, 0% used [0x00000000f6a00000,0x00000000f6a00000,0x00000000f8a80000)
 ParOldGen       total 176640K, used 60543K [0x00000000a0000000, 0x00000000aac80000, 0x00000000e0000000)
  object space 176640K, 34% used [0x00000000a0000000,0x00000000a3b1fd18,0x00000000aac80000)
 Metaspace       used 75905K, capacity 79478K, committed 79640K, reserved 1118208K
  class space    used 9988K, capacity 10702K, committed 10800K, reserved 1048576K
Event: 233.613 GC heap after
Heap after GC invocations=16 (full 3):
 PSYoungGen      total 403968K, used 7168K [0x00000000e0000000, 0x00000000fd700000, 0x0000000100000000)
  eden space 370688K, 0% used [0x00000000e0000000,0x00000000e0000000,0x00000000f6a00000)
  from space 33280K, 21% used [0x00000000f6a00000,0x00000000f7100000,0x00000000f8a80000)
  to   space 33280K, 0% used [0x00000000fb680000,0x00000000fb680000,0x00000000fd700000)
 ParOldGen       total 176640K, used 81603K [0x00000000a0000000, 0x00000000aac80000, 0x00000000e0000000)
  object space 176640K, 46% used [0x00000000a0000000,0x00000000a4fb0f30,0x00000000aac80000)
 Metaspace       used 75905K, capacity 79478K, committed 79640K, reserved 1118208K
  class space    used 9988K, capacity 10702K, committed 10800K, reserved 1048576K
}
Event: 298.794 GC heap before
{Heap before GC invocations=17 (full 3):
 PSYoungGen      total 403968K, used 377856K [0x00000000e0000000, 0x00000000fd700000, 0x0000000100000000)
  eden space 370688K, 100% used [0x00000000e0000000,0x00000000f6a00000,0x00000000f6a00000)
  from space 33280K, 21% used [0x00000000f6a00000,0x00000000f7100000,0x00000000f8a80000)
  to   space 33280K, 0% used [0x00000000fb680000,0x00000000fb680000,0x00000000fd700000)
 ParOldGen       total 176640K, used 81603K [0x00000000a0000000, 0x00000000aac80000, 0x00000000e0000000)
  object space 176640K, 46% used [0x00000000a0000000,0x00000000a4fb0f30,0x00000000aac80000)
 Metaspace       used 76427K, capacity 80154K, committed 80408K, reserved 1118208K
  class space    used 10027K, capacity 10770K, committed 10800K, reserved 1048576K
Event: 298.805 GC heap after
Heap after GC invocations=17 (full 3):
 PSYoungGen      total 429568K, used 7216K [0x00000000e0000000, 0x00000000fcc80000, 0x0000000100000000)
  eden space 407040K, 0% used [0x00000000e0000000,0x00000000e0000000,0x00000000f8d80000)
  from space 22528K, 32% used [0x00000000fb680000,0x00000000fbd8c010,0x00000000fcc80000)
  to   space 32256K, 0% used [0x00000000f8d80000,0x00000000f8d80000,0x00000000fad00000)
 ParOldGen       total 176640K, used 81611K [0x00000000a0000000, 0x00000000aac80000, 0x00000000e0000000)
  object space 176640K, 46% used [0x00000000a0000000,0x00000000a4fb2f30,0x00000000aac80000)
 Metaspace       used 76427K, capacity 80154K, committed 80408K, reserved 1118208K
  class space    used 10027K, capacity 10770K, committed 10800K, reserved 1048576K
}
Event: 413.109 GC heap before
{Heap before GC invocations=18 (full 3):
 PSYoungGen      total 429568K, used 414256K [0x00000000e0000000, 0x00000000fcc80000, 0x0000000100000000)
  eden space 407040K, 100% used [0x00000000e0000000,0x00000000f8d80000,0x00000000f8d80000)
  from space 22528K, 32% used [0x00000000fb680000,0x00000000fbd8c010,0x00000000fcc80000)
  to   space 32256K, 0% used [0x00000000f8d80000,0x00000000f8d80000,0x00000000fad00000)
 ParOldGen       total 176640K, used 81611K [0x00000000a0000000, 0x00000000aac80000, 0x00000000e0000000)
  object space 176640K, 46% used [0x00000000a0000000,0x00000000a4fb2f30,0x00000000aac80000)
 Metaspace       used 76760K, capacity 80678K, committed 80920K, reserved 1120256K
  class space    used 10045K, capacity 10800K, committed 10800K, reserved 1048576K
Event: 413.122 GC heap after
Heap after GC invocations=18 (full 3):
 PSYoungGen      total 439296K, used 7600K [0x00000000e0000000, 0x00000000fea80000, 0x0000000100000000)
  eden space 407040K, 0% used [0x00000000e0000000,0x00000000e0000000,0x00000000f8d80000)
  from space 32256K, 23% used [0x00000000f8d80000,0x00000000f94ec010,0x00000000fad00000)
  to   space 31744K, 0% used [0x00000000fcb80000,0x00000000fcb80000,0x00000000fea80000)
 ParOldGen       total 176640K, used 81619K [0x00000000a0000000, 0x00000000aac80000, 0x00000000e0000000)
  object space 176640K, 46% used [0x00000000a0000000,0x00000000a4fb4f30,0x00000000aac80000)
 Metaspace       used 76760K, capacity 80678K, committed 80920K, reserved 1120256K
  class space    used 10045K, capacity 10800K, committed 10800K, reserved 1048576K
}

