# JRE version: OpenJDK Runtime Environment (8.0_242-b01) (build 1.8.0_242-release-1644-b01)
# Java VM: OpenJDK 64-Bit Server VM (25.242-b01 mixed mode windows-amd64 compressed oops)
Heap:
 PSYoungGen      total 89600K, used 89489K [0x00000000e0000000, 0x00000000e7000000, 0x0000000100000000)
  eden space 84992K, 100% used [0x00000000e0000000,0x00000000e5300000,0x00000000e5300000)
  from space 4608K, 97% used [0x00000000e6b80000,0x00000000e6fe4410,0x00000000e7000000)
  to   space 12288K, 11% used [0x00000000e5800000,0x00000000e5958000,0x00000000e6400000)
 ParOldGen       total 72192K, used 8126K [0x00000000a0000000, 0x00000000a4680000, 0x00000000e0000000)
  object space 72192K, 11% used [0x00000000a0000000,0x00000000a07ef948,0x00000000a4680000)
 Metaspace       used 32263K, capacity 33244K, committed 33456K, reserved 1077248K
  class space    used 4375K, capacity 4663K, committed 4784K, reserved 1048576K
GC Heap History (10 events):
Event: 3.070 GC heap before
{Heap before GC invocations=3 (full 0):
 PSYoungGen      total 57344K, used 55745K [0x00000000e0000000, 0x00000000e4000000, 0x0000000100000000)
  eden space 49152K, 100% used [0x00000000e0000000,0x00000000e3000000,0x00000000e3000000)
  from space 8192K, 80% used [0x00000000e3800000,0x00000000e3e70578,0x00000000e4000000)
  to   space 8192K, 0% used [0x00000000e3000000,0x00000000e3000000,0x00000000e3800000)
 ParOldGen       total 131072K, used 24K [0x00000000a0000000, 0x00000000a8000000, 0x00000000e0000000)
  object space 131072K, 0% used [0x00000000a0000000,0x00000000a0006000,0x00000000a8000000)
 Metaspace       used 15745K, capacity 16178K, committed 16512K, reserved 1062912K
  class space    used 2135K, capacity 2317K, committed 2432K, reserved 1048576K
Event: 3.078 GC heap after
Heap after GC invocations=3 (full 0):
 PSYoungGen      total 57344K, used 8170K [0x00000000e0000000, 0x00000000e4000000, 0x0000000100000000)
  eden space 49152K, 0% used [0x00000000e0000000,0x00000000e0000000,0x00000000e3000000)
  from space 8192K, 99% used [0x00000000e3000000,0x00000000e37faa18,0x00000000e3800000)
  to   space 8192K, 0% used [0x00000000e3800000,0x00000000e3800000,0x00000000e4000000)
 ParOldGen       total 131072K, used 583K [0x00000000a0000000, 0x00000000a8000000, 0x00000000e0000000)
  object space 131072K, 0% used [0x00000000a0000000,0x00000000a0091cd0,0x00000000a8000000)
 Metaspace       used 15745K, capacity 16178K, committed 16512K, reserved 1062912K
  class space    used 2135K, capacity 2317K, committed 2432K, reserved 1048576K
}
Event: 4.171 GC heap before
{Heap before GC invocations=4 (full 0):
 PSYoungGen      total 57344K, used 57322K [0x00000000e0000000, 0x00000000e4000000, 0x0000000100000000)
  eden space 49152K, 100% used [0x00000000e0000000,0x00000000e3000000,0x00000000e3000000)
  from space 8192K, 99% used [0x00000000e3000000,0x00000000e37faa18,0x00000000e3800000)
  to   space 8192K, 0% used [0x00000000e3800000,0x00000000e3800000,0x00000000e4000000)
 ParOldGen       total 131072K, used 583K [0x00000000a0000000, 0x00000000a8000000, 0x00000000e0000000)
  object space 131072K, 0% used [0x00000000a0000000,0x00000000a0091cd0,0x00000000a8000000)
 Metaspace       used 20240K, capacity 20780K, committed 20992K, reserved 1067008K
  class space    used 2835K, capacity 3020K, committed 3072K, reserved 1048576K
Event: 4.181 GC heap after
Heap after GC invocations=4 (full 0):
 PSYoungGen      total 57344K, used 8172K [0x00000000e0000000, 0x00000000e4000000, 0x0000000100000000)
  eden space 49152K, 0% used [0x00000000e0000000,0x00000000e0000000,0x00000000e3000000)
  from space 8192K, 99% used [0x00000000e3800000,0x00000000e3ffb030,0x00000000e4000000)
  to   space 8192K, 0% used [0x00000000e3000000,0x00000000e3000000,0x00000000e3800000)
 ParOldGen       total 131072K, used 3759K [0x00000000a0000000, 0x00000000a8000000, 0x00000000e0000000)
  object space 131072K, 2% used [0x00000000a0000000,0x00000000a03abdd8,0x00000000a8000000)
 Metaspace       used 20240K, capacity 20780K, committed 20992K, reserved 1067008K
  class space    used 2835K, capacity 3020K, committed 3072K, reserved 1048576K
}
Event: 4.231 GC heap before
{Heap before GC invocations=5 (full 0):
 PSYoungGen      total 57344K, used 12466K [0x00000000e0000000, 0x00000000e4000000, 0x0000000100000000)
  eden space 49152K, 8% used [0x00000000e0000000,0x00000000e0431970,0x00000000e3000000)
  from space 8192K, 99% used [0x00000000e3800000,0x00000000e3ffb030,0x00000000e4000000)
  to   space 8192K, 0% used [0x00000000e3000000,0x00000000e3000000,0x00000000e3800000)
 ParOldGen       total 131072K, used 3759K [0x00000000a0000000, 0x00000000a8000000, 0x00000000e0000000)
  object space 131072K, 2% used [0x00000000a0000000,0x00000000a03abdd8,0x00000000a8000000)
 Metaspace       used 20498K, capacity 21212K, committed 21296K, reserved 1067008K
  class space    used 2878K, capacity 3092K, committed 3120K, reserved 1048576K
Event: 4.240 GC heap after
Heap after GC invocations=5 (full 0):
 PSYoungGen      total 57344K, used 7782K [0x00000000e0000000, 0x00000000e7700000, 0x0000000100000000)
  eden space 49152K, 0% used [0x00000000e0000000,0x00000000e0000000,0x00000000e3000000)
  from space 8192K, 95% used [0x00000000e3000000,0x00000000e3799a70,0x00000000e3800000)
  to   space 11776K, 0% used [0x00000000e6b80000,0x00000000e6b80000,0x00000000e7700000)
 ParOldGen       total 131072K, used 3767K [0x00000000a0000000, 0x00000000a8000000, 0x00000000e0000000)
  object space 131072K, 2% used [0x00000000a0000000,0x00000000a03addd8,0x00000000a8000000)
 Metaspace       used 20498K, capacity 21212K, committed 21296K, reserved 1067008K
  class space    used 2878K, capacity 3092K, committed 3120K, reserved 1048576K
}
Event: 4.240 GC heap before
{Heap before GC invocations=6 (full 1):
 PSYoungGen      total 57344K, used 7782K [0x00000000e0000000, 0x00000000e7700000, 0x0000000100000000)
  eden space 49152K, 0% used [0x00000000e0000000,0x00000000e0000000,0x00000000e3000000)
  from space 8192K, 95% used [0x00000000e3000000,0x00000000e3799a70,0x00000000e3800000)
  to   space 11776K, 0% used [0x00000000e6b80000,0x00000000e6b80000,0x00000000e7700000)
 ParOldGen       total 131072K, used 3767K [0x00000000a0000000, 0x00000000a8000000, 0x00000000e0000000)
  object space 131072K, 2% used [0x00000000a0000000,0x00000000a03addd8,0x00000000a8000000)
 Metaspace       used 20498K, capacity 21212K, committed 21296K, reserved 1067008K
  class space    used 2878K, capacity 3092K, committed 3120K, reserved 1048576K
Event: 4.294 GC heap after
Heap after GC invocations=6 (full 1):
 PSYoungGen      total 57344K, used 0K [0x00000000e0000000, 0x00000000e7700000, 0x0000000100000000)
  eden space 49152K, 0% used [0x00000000e0000000,0x00000000e0000000,0x00000000e3000000)
  from space 8192K, 0% used [0x00000000e3000000,0x00000000e3000000,0x00000000e3800000)
  to   space 11776K, 0% used [0x00000000e6b80000,0x00000000e6b80000,0x00000000e7700000)
 ParOldGen       total 72192K, used 8118K [0x00000000a0000000, 0x00000000a4680000, 0x00000000e0000000)
  object space 72192K, 11% used [0x00000000a0000000,0x00000000a07ed948,0x00000000a4680000)
 Metaspace       used 20498K, capacity 21212K, committed 21296K, reserved 1067008K
  class space    used 2878K, capacity 3092K, committed 3120K, reserved 1048576K
}
Event: 5.088 GC heap before
{Heap before GC invocations=7 (full 1):
 PSYoungGen      total 57344K, used 49152K [0x00000000e0000000, 0x00000000e7700000, 0x0000000100000000)
  eden space 49152K, 100% used [0x00000000e0000000,0x00000000e3000000,0x00000000e3000000)
  from space 8192K, 0% used [0x00000000e3000000,0x00000000e3000000,0x00000000e3800000)
  to   space 11776K, 0% used [0x00000000e6b80000,0x00000000e6b80000,0x00000000e7700000)
 ParOldGen       total 72192K, used 8118K [0x00000000a0000000, 0x00000000a4680000, 0x00000000e0000000)
  object space 72192K, 11% used [0x00000000a0000000,0x00000000a07ed948,0x00000000a4680000)
 Metaspace       used 24174K, capacity 24862K, committed 25264K, reserved 1071104K
  class space    used 3447K, capacity 3686K, committed 3760K, reserved 1048576K
Event: 5.097 GC heap after
Heap after GC invocations=7 (full 1):
 PSYoungGen      total 89600K, used 4497K [0x00000000e0000000, 0x00000000e7000000, 0x0000000100000000)
  eden space 84992K, 0% used [0x00000000e0000000,0x00000000e0000000,0x00000000e5300000)
  from space 4608K, 97% used [0x00000000e6b80000,0x00000000e6fe4410,0x00000000e7000000)
  to   space 12288K, 0% used [0x00000000e5800000,0x00000000e5800000,0x00000000e6400000)
 ParOldGen       total 72192K, used 8126K [0x00000000a0000000, 0x00000000a4680000, 0x00000000e0000000)
  object space 72192K, 11% used [0x00000000a0000000,0x00000000a07ef948,0x00000000a4680000)
 Metaspace       used 24174K, capacity 24862K, committed 25264K, reserved 1071104K
  class space    used 3447K, capacity 3686K, committed 3760K, reserved 1048576K
}

