# JRE version: OpenJDK Runtime Environment (8.0_242-b01) (build 1.8.0_242-release-1644-b01)
# Java VM: OpenJDK 64-Bit Server VM (25.242-b01 mixed mode windows-amd64 compressed oops)
Heap:
 PSYoungGen      total 323584K, used 21169K [0x00000000e0000000, 0x00000000f6180000, 0x0000000100000000)
  eden space 302592K, 6% used [0x00000000e0000000,0x00000000e14ac5d8,0x00000000f2780000)
  from space 20992K, 0% used [0x00000000f4d00000,0x00000000f4d00000,0x00000000f6180000)
  to   space 29696K, 0% used [0x00000000f2780000,0x00000000f2780000,0x00000000f4480000)
 ParOldGen       total 249344K, used 61469K [0x00000000a0000000, 0x00000000af380000, 0x00000000e0000000)
  object space 249344K, 24% used [0x00000000a0000000,0x00000000a3c07518,0x00000000af380000)
 Metaspace       used 92921K, capacity 97394K, committed 98856K, reserved 1134592K
  class space    used 12222K, capacity 13187K, committed 13488K, reserved 1048576K
GC Heap History (10 events):
Event: 38.384 GC heap before
{Heap before GC invocations=16 (full 3):
 PSYoungGen      total 263168K, used 263152K [0x00000000e0000000, 0x00000000f2100000, 0x0000000100000000)
  eden space 239104K, 100% used [0x00000000e0000000,0x00000000ee980000,0x00000000ee980000)
  from space 24064K, 99% used [0x00000000f0480000,0x00000000f1bfc2c8,0x00000000f1c00000)
  to   space 27648K, 0% used [0x00000000ee980000,0x00000000ee980000,0x00000000f0480000)
 ParOldGen       total 160256K, used 37227K [0x00000000a0000000, 0x00000000a9c80000, 0x00000000e0000000)
  object space 160256K, 23% used [0x00000000a0000000,0x00000000a245ac40,0x00000000a9c80000)
 Metaspace       used 74087K, capacity 77838K, committed 77992K, reserved 1116160K
  class space    used 10074K, capacity 10810K, committed 10928K, reserved 1048576K
Event: 38.409 GC heap after
Heap after GC invocations=16 (full 3):
 PSYoungGen      total 266752K, used 14471K [0x00000000e0000000, 0x00000000f4380000, 0x0000000100000000)
  eden space 239104K, 0% used [0x00000000e0000000,0x00000000e0000000,0x00000000ee980000)
  from space 27648K, 52% used [0x00000000ee980000,0x00000000ef7a1c80,0x00000000f0480000)
  to   space 26624K, 0% used [0x00000000f2980000,0x00000000f2980000,0x00000000f4380000)
 ParOldGen       total 160256K, used 57079K [0x00000000a0000000, 0x00000000a9c80000, 0x00000000e0000000)
  object space 160256K, 35% used [0x00000000a0000000,0x00000000a37bdc78,0x00000000a9c80000)
 Metaspace       used 74087K, capacity 77838K, committed 77992K, reserved 1116160K
  class space    used 10074K, capacity 10810K, committed 10928K, reserved 1048576K
}
Event: 378.941 GC heap before
{Heap before GC invocations=17 (full 3):
 PSYoungGen      total 266752K, used 253575K [0x00000000e0000000, 0x00000000f4380000, 0x0000000100000000)
  eden space 239104K, 100% used [0x00000000e0000000,0x00000000ee980000,0x00000000ee980000)
  from space 27648K, 52% used [0x00000000ee980000,0x00000000ef7a1c80,0x00000000f0480000)
  to   space 26624K, 0% used [0x00000000f2980000,0x00000000f2980000,0x00000000f4380000)
 ParOldGen       total 160256K, used 57079K [0x00000000a0000000, 0x00000000a9c80000, 0x00000000e0000000)
  object space 160256K, 35% used [0x00000000a0000000,0x00000000a37bdc78,0x00000000a9c80000)
 Metaspace       used 85555K, capacity 90132K, committed 90408K, reserved 1128448K
  class space    used 11382K, capacity 12263K, committed 12336K, reserved 1048576K
Event: 378.968 GC heap after
Heap after GC invocations=17 (full 3):
 PSYoungGen      total 297472K, used 26616K [0x00000000e0000000, 0x00000000f4580000, 0x0000000100000000)
  eden space 270848K, 0% used [0x00000000e0000000,0x00000000e0000000,0x00000000f0880000)
  from space 26624K, 99% used [0x00000000f2980000,0x00000000f437e090,0x00000000f4380000)
  to   space 31232K, 0% used [0x00000000f0880000,0x00000000f0880000,0x00000000f2700000)
 ParOldGen       total 160256K, used 58691K [0x00000000a0000000, 0x00000000a9c80000, 0x00000000e0000000)
  object space 160256K, 36% used [0x00000000a0000000,0x00000000a3950e98,0x00000000a9c80000)
 Metaspace       used 85555K, capacity 90132K, committed 90408K, reserved 1128448K
  class space    used 11382K, capacity 12263K, committed 12336K, reserved 1048576K
}
Event: 381.096 GC heap before
{Heap before GC invocations=18 (full 3):
 PSYoungGen      total 297472K, used 297464K [0x00000000e0000000, 0x00000000f4580000, 0x0000000100000000)
  eden space 270848K, 100% used [0x00000000e0000000,0x00000000f0880000,0x00000000f0880000)
  from space 26624K, 99% used [0x00000000f2980000,0x00000000f437e090,0x00000000f4380000)
  to   space 31232K, 0% used [0x00000000f0880000,0x00000000f0880000,0x00000000f2700000)
 ParOldGen       total 160256K, used 58691K [0x00000000a0000000, 0x00000000a9c80000, 0x00000000e0000000)
  object space 160256K, 36% used [0x00000000a0000000,0x00000000a3950e98,0x00000000a9c80000)
 Metaspace       used 92948K, capacity 98100K, committed 98344K, reserved 1134592K
  class space    used 12313K, capacity 13354K, committed 13360K, reserved 1048576K
Event: 381.127 GC heap after
Heap after GC invocations=18 (full 3):
 PSYoungGen      total 302080K, used 19101K [0x00000000e0000000, 0x00000000f6b80000, 0x0000000100000000)
  eden space 270848K, 0% used [0x00000000e0000000,0x00000000e0000000,0x00000000f0880000)
  from space 31232K, 61% used [0x00000000f0880000,0x00000000f1b27718,0x00000000f2700000)
  to   space 31232K, 0% used [0x00000000f4d00000,0x00000000f4d00000,0x00000000f6b80000)
 ParOldGen       total 160256K, used 78804K [0x00000000a0000000, 0x00000000a9c80000, 0x00000000e0000000)
  object space 160256K, 49% used [0x00000000a0000000,0x00000000a4cf5350,0x00000000a9c80000)
 Metaspace       used 92948K, capacity 98100K, committed 98344K, reserved 1134592K
  class space    used 12313K, capacity 13354K, committed 13360K, reserved 1048576K
}
Event: 426.133 GC heap before
{Heap before GC invocations=19 (full 3):
 PSYoungGen      total 302080K, used 33802K [0x00000000e0000000, 0x00000000f6b80000, 0x0000000100000000)
  eden space 270848K, 5% used [0x00000000e0000000,0x00000000e0e5b228,0x00000000f0880000)
  from space 31232K, 61% used [0x00000000f0880000,0x00000000f1b27718,0x00000000f2700000)
  to   space 31232K, 0% used [0x00000000f4d00000,0x00000000f4d00000,0x00000000f6b80000)
 ParOldGen       total 160256K, used 78804K [0x00000000a0000000, 0x00000000a9c80000, 0x00000000e0000000)
  object space 160256K, 49% used [0x00000000a0000000,0x00000000a4cf5350,0x00000000a9c80000)
 Metaspace       used 93181K, capacity 98458K, committed 98600K, reserved 1134592K
  class space    used 12347K, capacity 13393K, committed 13488K, reserved 1048576K
Event: 426.180 GC heap after
Heap after GC invocations=19 (full 3):
 PSYoungGen      total 323584K, used 14275K [0x00000000e0000000, 0x00000000f6180000, 0x0000000100000000)
  eden space 302592K, 0% used [0x00000000e0000000,0x00000000e0000000,0x00000000f2780000)
  from space 20992K, 68% used [0x00000000f4d00000,0x00000000f5af0f08,0x00000000f6180000)
  to   space 29696K, 0% used [0x00000000f2780000,0x00000000f2780000,0x00000000f4480000)
 ParOldGen       total 160256K, used 78812K [0x00000000a0000000, 0x00000000a9c80000, 0x00000000e0000000)
  object space 160256K, 49% used [0x00000000a0000000,0x00000000a4cf7350,0x00000000a9c80000)
 Metaspace       used 93181K, capacity 98458K, committed 98600K, reserved 1134592K
  class space    used 12347K, capacity 13393K, committed 13488K, reserved 1048576K
}
Event: 426.180 GC heap before
{Heap before GC invocations=20 (full 4):
 PSYoungGen      total 323584K, used 14275K [0x00000000e0000000, 0x00000000f6180000, 0x0000000100000000)
  eden space 302592K, 0% used [0x00000000e0000000,0x00000000e0000000,0x00000000f2780000)
  from space 20992K, 68% used [0x00000000f4d00000,0x00000000f5af0f08,0x00000000f6180000)
  to   space 29696K, 0% used [0x00000000f2780000,0x00000000f2780000,0x00000000f4480000)
 ParOldGen       total 160256K, used 78812K [0x00000000a0000000, 0x00000000a9c80000, 0x00000000e0000000)
  object space 160256K, 49% used [0x00000000a0000000,0x00000000a4cf7350,0x00000000a9c80000)
 Metaspace       used 93181K, capacity 98458K, committed 98600K, reserved 1134592K
  class space    used 12347K, capacity 13393K, committed 13488K, reserved 1048576K
Event: 426.360 GC heap after
Heap after GC invocations=20 (full 4):
 PSYoungGen      total 323584K, used 0K [0x00000000e0000000, 0x00000000f6180000, 0x0000000100000000)
  eden space 302592K, 0% used [0x00000000e0000000,0x00000000e0000000,0x00000000f2780000)
  from space 20992K, 0% used [0x00000000f4d00000,0x00000000f4d00000,0x00000000f6180000)
  to   space 29696K, 0% used [0x00000000f2780000,0x00000000f2780000,0x00000000f4480000)
 ParOldGen       total 249344K, used 61469K [0x00000000a0000000, 0x00000000af380000, 0x00000000e0000000)
  object space 249344K, 24% used [0x00000000a0000000,0x00000000a3c07518,0x00000000af380000)
 Metaspace       used 92703K, capacity 97124K, committed 98600K, reserved 1134592K
  class space    used 12197K, capacity 13134K, committed 13488K, reserved 1048576K
}

