# JRE version: OpenJDK Runtime Environment (8.0_242-b01) (build 1.8.0_242-release-1644-b01)
# Java VM: OpenJDK 64-Bit Server VM (25.242-b01 mixed mode windows-amd64 compressed oops)
Heap:
 PSYoungGen      total 457216K, used 30059K [0x00000000e0000000, 0x00000000ffc80000, 0x0000000100000000)
  eden space 397824K, 3% used [0x00000000e0000000,0x00000000e0dc2a70,0x00000000f8480000)
  from space 59392K, 26% used [0x00000000f8480000,0x00000000f94181c8,0x00000000fbe80000)
  to   space 56832K, 0% used [0x00000000fc500000,0x00000000fc500000,0x00000000ffc80000)
 ParOldGen       total 343552K, used 289791K [0x00000000a0000000, 0x00000000b4f80000, 0x00000000e0000000)
  object space 343552K, 84% used [0x00000000a0000000,0x00000000b1affdf8,0x00000000b4f80000)
 Metaspace       used 128513K, capacity 136229K, committed 136472K, reserved 1169408K
  class space    used 15913K, capacity 17335K, committed 17432K, reserved 1048576K
GC Heap History (10 events):
Event: 5092.590 GC heap before
{Heap before GC invocations=92 (full 5):
 PSYoungGen      total 446976K, used 395856K [0x00000000e0000000, 0x00000000ff880000, 0x0000000100000000)
  eden space 383488K, 100% used [0x00000000e0000000,0x00000000f7680000,0x00000000f7680000)
  from space 63488K, 19% used [0x00000000fba80000,0x00000000fc694188,0x00000000ff880000)
  to   space 66560K, 0% used [0x00000000f7680000,0x00000000f7680000,0x00000000fb780000)
 ParOldGen       total 343552K, used 289759K [0x00000000a0000000, 0x00000000b4f80000, 0x00000000e0000000)
  object space 343552K, 84% used [0x00000000a0000000,0x00000000b1af7df8,0x00000000b4f80000)
 Metaspace       used 127466K, capacity 134243K, committed 134424K, reserved 1167360K
  class space    used 15768K, capacity 17069K, committed 17176K, reserved 1048576K
Event: 5092.605 GC heap after
Heap after GC invocations=92 (full 5):
 PSYoungGen      total 450048K, used 15734K [0x00000000e0000000, 0x00000000ffc00000, 0x0000000100000000)
  eden space 383488K, 0% used [0x00000000e0000000,0x00000000e0000000,0x00000000f7680000)
  from space 66560K, 23% used [0x00000000f7680000,0x00000000f85dda38,0x00000000fb780000)
  to   space 62976K, 0% used [0x00000000fbe80000,0x00000000fbe80000,0x00000000ffc00000)
 ParOldGen       total 343552K, used 289767K [0x00000000a0000000, 0x00000000b4f80000, 0x00000000e0000000)
  object space 343552K, 84% used [0x00000000a0000000,0x00000000b1af9df8,0x00000000b4f80000)
 Metaspace       used 127466K, capacity 134243K, committed 134424K, reserved 1167360K
  class space    used 15768K, capacity 17069K, committed 17176K, reserved 1048576K
}
Event: 5094.690 GC heap before
{Heap before GC invocations=93 (full 5):
 PSYoungGen      total 450048K, used 399222K [0x00000000e0000000, 0x00000000ffc00000, 0x0000000100000000)
  eden space 383488K, 100% used [0x00000000e0000000,0x00000000f7680000,0x00000000f7680000)
  from space 66560K, 23% used [0x00000000f7680000,0x00000000f85dda38,0x00000000fb780000)
  to   space 62976K, 0% used [0x00000000fbe80000,0x00000000fbe80000,0x00000000ffc00000)
 ParOldGen       total 343552K, used 289767K [0x00000000a0000000, 0x00000000b4f80000, 0x00000000e0000000)
  object space 343552K, 84% used [0x00000000a0000000,0x00000000b1af9df8,0x00000000b4f80000)
 Metaspace       used 127561K, capacity 134319K, committed 134424K, reserved 1167360K
  class space    used 15769K, capacity 17072K, committed 17176K, reserved 1048576K
Event: 5094.736 GC heap after
Heap after GC invocations=93 (full 5):
 PSYoungGen      total 455680K, used 37047K [0x00000000e0000000, 0x00000000fff80000, 0x0000000100000000)
  eden space 392704K, 0% used [0x00000000e0000000,0x00000000e0000000,0x00000000f7f80000)
  from space 62976K, 58% used [0x00000000fbe80000,0x00000000fe2adcb8,0x00000000ffc00000)
  to   space 64512K, 0% used [0x00000000f7f80000,0x00000000f7f80000,0x00000000fbe80000)
 ParOldGen       total 343552K, used 289767K [0x00000000a0000000, 0x00000000b4f80000, 0x00000000e0000000)
  object space 343552K, 84% used [0x00000000a0000000,0x00000000b1af9df8,0x00000000b4f80000)
 Metaspace       used 127561K, capacity 134319K, committed 134424K, reserved 1167360K
  class space    used 15769K, capacity 17072K, committed 17176K, reserved 1048576K
}
Event: 5232.040 GC heap before
{Heap before GC invocations=94 (full 5):
 PSYoungGen      total 455680K, used 429751K [0x00000000e0000000, 0x00000000fff80000, 0x0000000100000000)
  eden space 392704K, 100% used [0x00000000e0000000,0x00000000f7f80000,0x00000000f7f80000)
  from space 62976K, 58% used [0x00000000fbe80000,0x00000000fe2adcb8,0x00000000ffc00000)
  to   space 64512K, 0% used [0x00000000f7f80000,0x00000000f7f80000,0x00000000fbe80000)
 ParOldGen       total 343552K, used 289767K [0x00000000a0000000, 0x00000000b4f80000, 0x00000000e0000000)
  object space 343552K, 84% used [0x00000000a0000000,0x00000000b1af9df8,0x00000000b4f80000)
 Metaspace       used 127851K, capacity 134893K, committed 134936K, reserved 1167360K
  class space    used 15804K, capacity 17135K, committed 17176K, reserved 1048576K
Event: 5232.056 GC heap after
Heap after GC invocations=94 (full 5):
 PSYoungGen      total 457216K, used 15398K [0x00000000e0000000, 0x00000000ffc80000, 0x0000000100000000)
  eden space 392704K, 0% used [0x00000000e0000000,0x00000000e0000000,0x00000000f7f80000)
  from space 64512K, 23% used [0x00000000f7f80000,0x00000000f8e89bd0,0x00000000fbe80000)
  to   space 61952K, 0% used [0x00000000fc000000,0x00000000fc000000,0x00000000ffc80000)
 ParOldGen       total 343552K, used 289775K [0x00000000a0000000, 0x00000000b4f80000, 0x00000000e0000000)
  object space 343552K, 84% used [0x00000000a0000000,0x00000000b1afbdf8,0x00000000b4f80000)
 Metaspace       used 127851K, capacity 134893K, committed 134936K, reserved 1167360K
  class space    used 15804K, capacity 17135K, committed 17176K, reserved 1048576K
}
Event: 5422.038 GC heap before
{Heap before GC invocations=95 (full 5):
 PSYoungGen      total 457216K, used 408102K [0x00000000e0000000, 0x00000000ffc80000, 0x0000000100000000)
  eden space 392704K, 100% used [0x00000000e0000000,0x00000000f7f80000,0x00000000f7f80000)
  from space 64512K, 23% used [0x00000000f7f80000,0x00000000f8e89bd0,0x00000000fbe80000)
  to   space 61952K, 0% used [0x00000000fc000000,0x00000000fc000000,0x00000000ffc80000)
 ParOldGen       total 343552K, used 289775K [0x00000000a0000000, 0x00000000b4f80000, 0x00000000e0000000)
  object space 343552K, 84% used [0x00000000a0000000,0x00000000b1afbdf8,0x00000000b4f80000)
 Metaspace       used 128448K, capacity 136207K, committed 136472K, reserved 1169408K
  class space    used 15912K, capacity 17332K, committed 17432K, reserved 1048576K
Event: 5422.079 GC heap after
Heap after GC invocations=95 (full 5):
 PSYoungGen      total 455680K, used 26668K [0x00000000e0000000, 0x00000000ff880000, 0x0000000100000000)
  eden space 397824K, 0% used [0x00000000e0000000,0x00000000e0000000,0x00000000f8480000)
  from space 57856K, 46% used [0x00000000fc000000,0x00000000fda0b380,0x00000000ff880000)
  to   space 59392K, 0% used [0x00000000f8480000,0x00000000f8480000,0x00000000fbe80000)
 ParOldGen       total 343552K, used 289783K [0x00000000a0000000, 0x00000000b4f80000, 0x00000000e0000000)
  object space 343552K, 84% used [0x00000000a0000000,0x00000000b1afddf8,0x00000000b4f80000)
 Metaspace       used 128448K, capacity 136207K, committed 136472K, reserved 1169408K
  class space    used 15912K, capacity 17332K, committed 17432K, reserved 1048576K
}
Event: 5447.984 GC heap before
{Heap before GC invocations=96 (full 5):
 PSYoungGen      total 455680K, used 424492K [0x00000000e0000000, 0x00000000ff880000, 0x0000000100000000)
  eden space 397824K, 100% used [0x00000000e0000000,0x00000000f8480000,0x00000000f8480000)
  from space 57856K, 46% used [0x00000000fc000000,0x00000000fda0b380,0x00000000ff880000)
  to   space 59392K, 0% used [0x00000000f8480000,0x00000000f8480000,0x00000000fbe80000)
 ParOldGen       total 343552K, used 289783K [0x00000000a0000000, 0x00000000b4f80000, 0x00000000e0000000)
  object space 343552K, 84% used [0x00000000a0000000,0x00000000b1afddf8,0x00000000b4f80000)
 Metaspace       used 128508K, capacity 136229K, committed 136472K, reserved 1169408K
  class space    used 15913K, capacity 17335K, committed 17432K, reserved 1048576K
Event: 5448.011 GC heap after
Heap after GC invocations=96 (full 5):
 PSYoungGen      total 457216K, used 15968K [0x00000000e0000000, 0x00000000ffc80000, 0x0000000100000000)
  eden space 397824K, 0% used [0x00000000e0000000,0x00000000e0000000,0x00000000f8480000)
  from space 59392K, 26% used [0x00000000f8480000,0x00000000f94181c8,0x00000000fbe80000)
  to   space 56832K, 0% used [0x00000000fc500000,0x00000000fc500000,0x00000000ffc80000)
 ParOldGen       total 343552K, used 289791K [0x00000000a0000000, 0x00000000b4f80000, 0x00000000e0000000)
  object space 343552K, 84% used [0x00000000a0000000,0x00000000b1affdf8,0x00000000b4f80000)
 Metaspace       used 128508K, capacity 136229K, committed 136472K, reserved 1169408K
  class space    used 15913K, capacity 17335K, committed 17432K, reserved 1048576K
}

