# JRE version: OpenJDK Runtime Environment (8.0_242-b01) (build 1.8.0_242-release-1644-b01)
# Java VM: OpenJDK 64-Bit Server VM (25.242-b01 mixed mode windows-amd64 compressed oops)
Heap:
 PSYoungGen      total 170496K, used 159181K [0x0000000780a00000, 0x000000078dc80000, 0x00000007c0000000)
  eden space 144384K, 92% used [0x0000000780a00000,0x0000000788bf8780,0x0000000789700000)
  from space 26112K, 99% used [0x000000078b700000,0x000000078d07ae08,0x000000078d080000)
  to   space 32768K, 0% used [0x0000000789700000,0x0000000789700000,0x000000078b700000)
 ParOldGen       total 144896K, used 25481K [0x0000000701e00000, 0x000000070ab80000, 0x0000000780a00000)
  object space 144896K, 17% used [0x0000000701e00000,0x00000007036e27f8,0x000000070ab80000)
 Metaspace       used 47414K, capacity 48029K, committed 48432K, reserved 1091584K
  class space    used 5756K, capacity 5926K, committed 5936K, reserved 1048576K
GC Heap History (10 events):
Event: 2.937 GC heap before
{Heap before GC invocations=6 (full 1):
 PSYoungGen      total 76288K, used 12275K [0x0000000780a00000, 0x0000000785d00000, 0x00000007c0000000)
  eden space 68096K, 6% used [0x0000000780a00000,0x0000000780dfd940,0x0000000784c80000)
  from space 8192K, 99% used [0x0000000785480000,0x0000000785c7f340,0x0000000785c80000)
  to   space 8192K, 0% used [0x0000000784c80000,0x0000000784c80000,0x0000000785480000)
 ParOldGen       total 96256K, used 25741K [0x0000000701e00000, 0x0000000707c00000, 0x0000000780a00000)
  object space 96256K, 26% used [0x0000000701e00000,0x0000000703723730,0x0000000707c00000)
 Metaspace       used 34667K, capacity 35161K, committed 35496K, reserved 1081344K
  class space    used 4412K, capacity 4608K, committed 4656K, reserved 1048576K
Event: 2.943 GC heap after
Heap after GC invocations=6 (full 1):
 PSYoungGen      total 76288K, used 8189K [0x0000000780a00000, 0x0000000789b00000, 0x00000007c0000000)
  eden space 68096K, 0% used [0x0000000780a00000,0x0000000780a00000,0x0000000784c80000)
  from space 8192K, 99% used [0x0000000784c80000,0x000000078547f750,0x0000000785480000)
  to   space 19456K, 0% used [0x0000000788800000,0x0000000788800000,0x0000000789b00000)
 ParOldGen       total 96256K, used 26106K [0x0000000701e00000, 0x0000000707c00000, 0x0000000780a00000)
  object space 96256K, 27% used [0x0000000701e00000,0x000000070377e9a0,0x0000000707c00000)
 Metaspace       used 34667K, capacity 35161K, committed 35496K, reserved 1081344K
  class space    used 4412K, capacity 4608K, committed 4656K, reserved 1048576K
}
Event: 2.943 GC heap before
{Heap before GC invocations=7 (full 2):
 PSYoungGen      total 76288K, used 8189K [0x0000000780a00000, 0x0000000789b00000, 0x00000007c0000000)
  eden space 68096K, 0% used [0x0000000780a00000,0x0000000780a00000,0x0000000784c80000)
  from space 8192K, 99% used [0x0000000784c80000,0x000000078547f750,0x0000000785480000)
  to   space 19456K, 0% used [0x0000000788800000,0x0000000788800000,0x0000000789b00000)
 ParOldGen       total 96256K, used 26106K [0x0000000701e00000, 0x0000000707c00000, 0x0000000780a00000)
  object space 96256K, 27% used [0x0000000701e00000,0x000000070377e9a0,0x0000000707c00000)
 Metaspace       used 34667K, capacity 35161K, committed 35496K, reserved 1081344K
  class space    used 4412K, capacity 4608K, committed 4656K, reserved 1048576K
Event: 2.999 GC heap after
Heap after GC invocations=7 (full 2):
 PSYoungGen      total 76288K, used 0K [0x0000000780a00000, 0x0000000789b00000, 0x00000007c0000000)
  eden space 68096K, 0% used [0x0000000780a00000,0x0000000780a00000,0x0000000784c80000)
  from space 8192K, 0% used [0x0000000784c80000,0x0000000784c80000,0x0000000785480000)
  to   space 19456K, 0% used [0x0000000788800000,0x0000000788800000,0x0000000789b00000)
 ParOldGen       total 144896K, used 17404K [0x0000000701e00000, 0x000000070ab80000, 0x0000000780a00000)
  object space 144896K, 12% used [0x0000000701e00000,0x0000000702eff0b0,0x000000070ab80000)
 Metaspace       used 34667K, capacity 35161K, committed 35496K, reserved 1081344K
  class space    used 4412K, capacity 4608K, committed 4656K, reserved 1048576K
}
Event: 4.153 GC heap before
{Heap before GC invocations=8 (full 2):
 PSYoungGen      total 76288K, used 68096K [0x0000000780a00000, 0x0000000789b00000, 0x00000007c0000000)
  eden space 68096K, 100% used [0x0000000780a00000,0x0000000784c80000,0x0000000784c80000)
  from space 8192K, 0% used [0x0000000784c80000,0x0000000784c80000,0x0000000785480000)
  to   space 19456K, 0% used [0x0000000788800000,0x0000000788800000,0x0000000789b00000)
 ParOldGen       total 144896K, used 17404K [0x0000000701e00000, 0x000000070ab80000, 0x0000000780a00000)
  object space 144896K, 12% used [0x0000000701e00000,0x0000000702eff0b0,0x000000070ab80000)
 Metaspace       used 37613K, capacity 38137K, committed 38448K, reserved 1083392K
  class space    used 4686K, capacity 4896K, committed 4912K, reserved 1048576K
Event: 4.165 GC heap after
Heap after GC invocations=8 (full 2):
 PSYoungGen      total 120832K, used 19452K [0x0000000780a00000, 0x0000000789b00000, 0x00000007c0000000)
  eden space 101376K, 0% used [0x0000000780a00000,0x0000000780a00000,0x0000000786d00000)
  from space 19456K, 99% used [0x0000000788800000,0x0000000789aff350,0x0000000789b00000)
  to   space 22528K, 0% used [0x0000000786f00000,0x0000000786f00000,0x0000000788500000)
 ParOldGen       total 144896K, used 17538K [0x0000000701e00000, 0x000000070ab80000, 0x0000000780a00000)
  object space 144896K, 12% used [0x0000000701e00000,0x0000000702f20bc8,0x000000070ab80000)
 Metaspace       used 37613K, capacity 38137K, committed 38448K, reserved 1083392K
  class space    used 4686K, capacity 4896K, committed 4912K, reserved 1048576K
}
Event: 4.626 GC heap before
{Heap before GC invocations=9 (full 2):
 PSYoungGen      total 120832K, used 120828K [0x0000000780a00000, 0x0000000789b00000, 0x00000007c0000000)
  eden space 101376K, 100% used [0x0000000780a00000,0x0000000786d00000,0x0000000786d00000)
  from space 19456K, 99% used [0x0000000788800000,0x0000000789aff350,0x0000000789b00000)
  to   space 22528K, 0% used [0x0000000786f00000,0x0000000786f00000,0x0000000788500000)
 ParOldGen       total 144896K, used 17538K [0x0000000701e00000, 0x000000070ab80000, 0x0000000780a00000)
  object space 144896K, 12% used [0x0000000701e00000,0x0000000702f20bc8,0x000000070ab80000)
 Metaspace       used 38191K, capacity 38777K, committed 39216K, reserved 1083392K
  class space    used 4708K, capacity 4896K, committed 4912K, reserved 1048576K
Event: 4.639 GC heap after
Heap after GC invocations=9 (full 2):
 PSYoungGen      total 125952K, used 22509K [0x0000000780a00000, 0x000000078d080000, 0x00000007c0000000)
  eden space 103424K, 0% used [0x0000000780a00000,0x0000000780a00000,0x0000000786f00000)
  from space 22528K, 99% used [0x0000000786f00000,0x00000007884fb588,0x0000000788500000)
  to   space 26112K, 0% used [0x000000078b700000,0x000000078b700000,0x000000078d080000)
 ParOldGen       total 144896K, used 18530K [0x0000000701e00000, 0x000000070ab80000, 0x0000000780a00000)
  object space 144896K, 12% used [0x0000000701e00000,0x0000000703018aa8,0x000000070ab80000)
 Metaspace       used 38191K, capacity 38777K, committed 39216K, reserved 1083392K
  class space    used 4708K, capacity 4896K, committed 4912K, reserved 1048576K
}
Event: 6.449 GC heap before
{Heap before GC invocations=10 (full 2):
 PSYoungGen      total 125952K, used 125933K [0x0000000780a00000, 0x000000078d080000, 0x00000007c0000000)
  eden space 103424K, 100% used [0x0000000780a00000,0x0000000786f00000,0x0000000786f00000)
  from space 22528K, 99% used [0x0000000786f00000,0x00000007884fb588,0x0000000788500000)
  to   space 26112K, 0% used [0x000000078b700000,0x000000078b700000,0x000000078d080000)
 ParOldGen       total 144896K, used 18530K [0x0000000701e00000, 0x000000070ab80000, 0x0000000780a00000)
  object space 144896K, 12% used [0x0000000701e00000,0x0000000703018aa8,0x000000070ab80000)
 Metaspace       used 47331K, capacity 47901K, committed 48176K, reserved 1091584K
  class space    used 5755K, capacity 5926K, committed 5936K, reserved 1048576K
Event: 6.470 GC heap after
Heap after GC invocations=10 (full 2):
 PSYoungGen      total 170496K, used 26091K [0x0000000780a00000, 0x000000078dc80000, 0x00000007c0000000)
  eden space 144384K, 0% used [0x0000000780a00000,0x0000000780a00000,0x0000000789700000)
  from space 26112K, 99% used [0x000000078b700000,0x000000078d07ae08,0x000000078d080000)
  to   space 32768K, 0% used [0x0000000789700000,0x0000000789700000,0x000000078b700000)
 ParOldGen       total 144896K, used 25481K [0x0000000701e00000, 0x000000070ab80000, 0x0000000780a00000)
  object space 144896K, 17% used [0x0000000701e00000,0x00000007036e27f8,0x000000070ab80000)
 Metaspace       used 47331K, capacity 47901K, committed 48176K, reserved 1091584K
  class space    used 5755K, capacity 5926K, committed 5936K, reserved 1048576K
}

