# JRE version: OpenJDK Runtime Environment (8.0_242-b01) (build 1.8.0_242-release-1644-b01)
# Java VM: OpenJDK 64-Bit Server VM (25.242-b01 mixed mode windows-amd64 compressed oops)
Heap:
 PSYoungGen      total 472064K, used 258511K [0x00000000e0000000, 0x00000000fff80000, 0x0000000100000000)
  eden space 421888K, 59% used [0x00000000e0000000,0x00000000ef673dc0,0x00000000f9c00000)
  from space 50176K, 12% used [0x00000000f9c00000,0x00000000fa200000,0x00000000fcd00000)
  to   space 49664K, 0% used [0x00000000fcf00000,0x00000000fcf00000,0x00000000fff80000)
 ParOldGen       total 459776K, used 314653K [0x00000000a0000000, 0x00000000bc100000, 0x00000000e0000000)
  object space 459776K, 68% used [0x00000000a0000000,0x00000000b3347650,0x00000000bc100000)
 Metaspace       used 137516K, capacity 143907K, committed 144152K, reserved 1175552K
  class space    used 17117K, capacity 18379K, committed 18472K, reserved 1048576K
GC Heap History (10 events):
Event: 1073.402 GC heap before
{Heap before GC invocations=62 (full 5):
 PSYoungGen      total 465920K, used 463115K [0x00000000e0000000, 0x0000000100000000, 0x0000000100000000)
  eden space 418816K, 100% used [0x00000000e0000000,0x00000000f9900000,0x00000000f9900000)
  from space 47104K, 94% used [0x00000000fd200000,0x00000000ffd42eb0,0x0000000100000000)
  to   space 52736K, 0% used [0x00000000f9900000,0x00000000f9900000,0x00000000fcc80000)
 ParOldGen       total 459776K, used 251681K [0x00000000a0000000, 0x00000000bc100000, 0x00000000e0000000)
  object space 459776K, 54% used [0x00000000a0000000,0x00000000af5c85b0,0x00000000bc100000)
 Metaspace       used 137471K, capacity 143875K, committed 144152K, reserved 1175552K
  class space    used 17112K, capacity 18375K, committed 18472K, reserved 1048576K
Event: 1073.472 GC heap after
Heap after GC invocations=62 (full 5):
 PSYoungGen      total 471552K, used 9064K [0x00000000e0000000, 0x0000000100000000, 0x0000000100000000)
  eden space 418816K, 0% used [0x00000000e0000000,0x00000000e0000000,0x00000000f9900000)
  from space 52736K, 17% used [0x00000000f9900000,0x00000000fa1da0f8,0x00000000fcc80000)
  to   space 52736K, 0% used [0x00000000fcc80000,0x00000000fcc80000,0x0000000100000000)
 ParOldGen       total 459776K, used 289492K [0x00000000a0000000, 0x00000000bc100000, 0x00000000e0000000)
  object space 459776K, 62% used [0x00000000a0000000,0x00000000b1ab5078,0x00000000bc100000)
 Metaspace       used 137471K, capacity 143875K, committed 144152K, reserved 1175552K
  class space    used 17112K, capacity 18375K, committed 18472K, reserved 1048576K
}
Event: 1074.297 GC heap before
{Heap before GC invocations=63 (full 5):
 PSYoungGen      total 471552K, used 427880K [0x00000000e0000000, 0x0000000100000000, 0x0000000100000000)
  eden space 418816K, 100% used [0x00000000e0000000,0x00000000f9900000,0x00000000f9900000)
  from space 52736K, 17% used [0x00000000f9900000,0x00000000fa1da0f8,0x00000000fcc80000)
  to   space 52736K, 0% used [0x00000000fcc80000,0x00000000fcc80000,0x0000000100000000)
 ParOldGen       total 459776K, used 289492K [0x00000000a0000000, 0x00000000bc100000, 0x00000000e0000000)
  object space 459776K, 62% used [0x00000000a0000000,0x00000000b1ab5078,0x00000000bc100000)
 Metaspace       used 137474K, capacity 143875K, committed 144152K, reserved 1175552K
  class space    used 17112K, capacity 18375K, committed 18472K, reserved 1048576K
Event: 1074.327 GC heap after
Heap after GC invocations=63 (full 5):
 PSYoungGen      total 469504K, used 10224K [0x00000000e0000000, 0x00000000ffe00000, 0x0000000100000000)
  eden space 418816K, 0% used [0x00000000e0000000,0x00000000e0000000,0x00000000f9900000)
  from space 50688K, 20% used [0x00000000fcc80000,0x00000000fd67c3e0,0x00000000ffe00000)
  to   space 51712K, 0% used [0x00000000f9900000,0x00000000f9900000,0x00000000fcb80000)
 ParOldGen       total 459776K, used 294700K [0x00000000a0000000, 0x00000000bc100000, 0x00000000e0000000)
  object space 459776K, 64% used [0x00000000a0000000,0x00000000b1fcb0f8,0x00000000bc100000)
 Metaspace       used 137474K, capacity 143875K, committed 144152K, reserved 1175552K
  class space    used 17112K, capacity 18375K, committed 18472K, reserved 1048576K
}
Event: 1075.232 GC heap before
{Heap before GC invocations=64 (full 5):
 PSYoungGen      total 469504K, used 429040K [0x00000000e0000000, 0x00000000ffe00000, 0x0000000100000000)
  eden space 418816K, 100% used [0x00000000e0000000,0x00000000f9900000,0x00000000f9900000)
  from space 50688K, 20% used [0x00000000fcc80000,0x00000000fd67c3e0,0x00000000ffe00000)
  to   space 51712K, 0% used [0x00000000f9900000,0x00000000f9900000,0x00000000fcb80000)
 ParOldGen       total 459776K, used 294700K [0x00000000a0000000, 0x00000000bc100000, 0x00000000e0000000)
  object space 459776K, 64% used [0x00000000a0000000,0x00000000b1fcb0f8,0x00000000bc100000)
 Metaspace       used 137484K, capacity 143875K, committed 144152K, reserved 1175552K
  class space    used 17112K, capacity 18375K, committed 18472K, reserved 1048576K
Event: 1075.264 GC heap after
Heap after GC invocations=64 (full 5):
 PSYoungGen      total 470528K, used 9370K [0x00000000e0000000, 0x00000000fff00000, 0x0000000100000000)
  eden space 418816K, 0% used [0x00000000e0000000,0x00000000e0000000,0x00000000f9900000)
  from space 51712K, 18% used [0x00000000f9900000,0x00000000fa226810,0x00000000fcb80000)
  to   space 50688K, 0% used [0x00000000fcd80000,0x00000000fcd80000,0x00000000fff00000)
 ParOldGen       total 459776K, used 301550K [0x00000000a0000000, 0x00000000bc100000, 0x00000000e0000000)
  object space 459776K, 65% used [0x00000000a0000000,0x00000000b267b8b8,0x00000000bc100000)
 Metaspace       used 137484K, capacity 143875K, committed 144152K, reserved 1175552K
  class space    used 17112K, capacity 18375K, committed 18472K, reserved 1048576K
}
Event: 1076.407 GC heap before
{Heap before GC invocations=65 (full 5):
 PSYoungGen      total 470528K, used 428186K [0x00000000e0000000, 0x00000000fff00000, 0x0000000100000000)
  eden space 418816K, 100% used [0x00000000e0000000,0x00000000f9900000,0x00000000f9900000)
  from space 51712K, 18% used [0x00000000f9900000,0x00000000fa226810,0x00000000fcb80000)
  to   space 50688K, 0% used [0x00000000fcd80000,0x00000000fcd80000,0x00000000fff00000)
 ParOldGen       total 459776K, used 301550K [0x00000000a0000000, 0x00000000bc100000, 0x00000000e0000000)
  object space 459776K, 65% used [0x00000000a0000000,0x00000000b267b8b8,0x00000000bc100000)
 Metaspace       used 137504K, capacity 143903K, committed 144152K, reserved 1175552K
  class space    used 17115K, capacity 18379K, committed 18472K, reserved 1048576K
Event: 1076.440 GC heap after
Heap after GC invocations=65 (full 5):
 PSYoungGen      total 471552K, used 5387K [0x00000000e0000000, 0x00000000ffe00000, 0x0000000100000000)
  eden space 421888K, 0% used [0x00000000e0000000,0x00000000e0000000,0x00000000f9c00000)
  from space 49664K, 10% used [0x00000000fcd80000,0x00000000fd2c2ff0,0x00000000ffe00000)
  to   space 50176K, 0% used [0x00000000f9c00000,0x00000000f9c00000,0x00000000fcd00000)
 ParOldGen       total 459776K, used 309598K [0x00000000a0000000, 0x00000000bc100000, 0x00000000e0000000)
  object space 459776K, 67% used [0x00000000a0000000,0x00000000b2e57bd8,0x00000000bc100000)
 Metaspace       used 137504K, capacity 143903K, committed 144152K, reserved 1175552K
  class space    used 17115K, capacity 18379K, committed 18472K, reserved 1048576K
}
Event: 1077.336 GC heap before
{Heap before GC invocations=66 (full 5):
 PSYoungGen      total 471552K, used 427275K [0x00000000e0000000, 0x00000000ffe00000, 0x0000000100000000)
  eden space 421888K, 100% used [0x00000000e0000000,0x00000000f9c00000,0x00000000f9c00000)
  from space 49664K, 10% used [0x00000000fcd80000,0x00000000fd2c2ff0,0x00000000ffe00000)
  to   space 50176K, 0% used [0x00000000f9c00000,0x00000000f9c00000,0x00000000fcd00000)
 ParOldGen       total 459776K, used 309598K [0x00000000a0000000, 0x00000000bc100000, 0x00000000e0000000)
  object space 459776K, 67% used [0x00000000a0000000,0x00000000b2e57bd8,0x00000000bc100000)
 Metaspace       used 137511K, capacity 143907K, committed 144152K, reserved 1175552K
  class space    used 17117K, capacity 18379K, committed 18472K, reserved 1048576K
Event: 1077.367 GC heap after
Heap after GC invocations=66 (full 5):
 PSYoungGen      total 472064K, used 6144K [0x00000000e0000000, 0x00000000fff80000, 0x0000000100000000)
  eden space 421888K, 0% used [0x00000000e0000000,0x00000000e0000000,0x00000000f9c00000)
  from space 50176K, 12% used [0x00000000f9c00000,0x00000000fa200000,0x00000000fcd00000)
  to   space 49664K, 0% used [0x00000000fcf00000,0x00000000fcf00000,0x00000000fff80000)
 ParOldGen       total 459776K, used 314653K [0x00000000a0000000, 0x00000000bc100000, 0x00000000e0000000)
  object space 459776K, 68% used [0x00000000a0000000,0x00000000b3347650,0x00000000bc100000)
 Metaspace       used 137511K, capacity 143907K, committed 144152K, reserved 1175552K
  class space    used 17117K, capacity 18379K, committed 18472K, reserved 1048576K
}

