# JRE version: OpenJDK Runtime Environment (8.0_242-b01) (build 1.8.0_242-release-1644-b01)
# Java VM: OpenJDK 64-Bit Server VM (25.242-b01 mixed mode windows-amd64 compressed oops)
Heap:
 PSYoungGen      total 376320K, used 131606K [0x00000000e0000000, 0x00000000fac00000, 0x0000000100000000)
  eden space 317440K, 30% used [0x00000000e0000000,0x00000000e5d7c760,0x00000000f3600000)
  from space 58880K, 60% used [0x00000000f7280000,0x00000000f9589430,0x00000000fac00000)
  to   space 60416K, 0% used [0x00000000f3600000,0x00000000f3600000,0x00000000f7100000)
 ParOldGen       total 311296K, used 115614K [0x00000000a0000000, 0x00000000b3000000, 0x00000000e0000000)
  object space 311296K, 37% used [0x00000000a0000000,0x00000000a70e7998,0x00000000b3000000)
 Metaspace       used 108626K, capacity 117748K, committed 118056K, reserved 1150976K
  class space    used 14052K, capacity 15548K, committed 15664K, reserved 1048576K
GC Heap History (10 events):
Event: 5922.607 GC heap before
{Heap before GC invocations=68 (full 4):
 PSYoungGen      total 299008K, used 280070K [0x00000000e0000000, 0x00000000f7800000, 0x0000000100000000)
  eden space 238080K, 100% used [0x00000000e0000000,0x00000000ee880000,0x00000000ee880000)
  from space 60928K, 68% used [0x00000000ee880000,0x00000000f1181a80,0x00000000f2400000)
  to   space 61952K, 0% used [0x00000000f3b80000,0x00000000f3b80000,0x00000000f7800000)
 ParOldGen       total 311296K, used 97560K [0x00000000a0000000, 0x00000000b3000000, 0x00000000e0000000)
  object space 311296K, 31% used [0x00000000a0000000,0x00000000a5f462f8,0x00000000b3000000)
 Metaspace       used 107660K, capacity 116634K, committed 116904K, reserved 1150976K
  class space    used 13976K, capacity 15471K, committed 15536K, reserved 1048576K
Event: 5922.641 GC heap after
Heap after GC invocations=68 (full 4):
 PSYoungGen      total 311808K, used 31327K [0x00000000e0000000, 0x00000000f7000000, 0x0000000100000000)
  eden space 258048K, 0% used [0x00000000e0000000,0x00000000e0000000,0x00000000efc00000)
  from space 53760K, 58% used [0x00000000f3b80000,0x00000000f5a17d10,0x00000000f7000000)
  to   space 59392K, 0% used [0x00000000efc00000,0x00000000efc00000,0x00000000f3600000)
 ParOldGen       total 311296K, used 103535K [0x00000000a0000000, 0x00000000b3000000, 0x00000000e0000000)
  object space 311296K, 33% used [0x00000000a0000000,0x00000000a651bc18,0x00000000b3000000)
 Metaspace       used 107660K, capacity 116634K, committed 116904K, reserved 1150976K
  class space    used 13976K, capacity 15471K, committed 15536K, reserved 1048576K
}
Event: 5923.579 GC heap before
{Heap before GC invocations=69 (full 4):
 PSYoungGen      total 311808K, used 289369K [0x00000000e0000000, 0x00000000f7000000, 0x0000000100000000)
  eden space 258048K, 99% used [0x00000000e0000000,0x00000000efbfe928,0x00000000efc00000)
  from space 53760K, 58% used [0x00000000f3b80000,0x00000000f5a17d10,0x00000000f7000000)
  to   space 59392K, 0% used [0x00000000efc00000,0x00000000efc00000,0x00000000f3600000)
 ParOldGen       total 311296K, used 103535K [0x00000000a0000000, 0x00000000b3000000, 0x00000000e0000000)
  object space 311296K, 33% used [0x00000000a0000000,0x00000000a651bc18,0x00000000b3000000)
 Metaspace       used 108102K, capacity 117132K, committed 117160K, reserved 1150976K
  class space    used 14019K, capacity 15534K, committed 15536K, reserved 1048576K
Event: 5923.613 GC heap after
Heap after GC invocations=69 (full 4):
 PSYoungGen      total 317440K, used 34678K [0x00000000e0000000, 0x00000000f8480000, 0x0000000100000000)
  eden space 258048K, 0% used [0x00000000e0000000,0x00000000e0000000,0x00000000efc00000)
  from space 59392K, 58% used [0x00000000efc00000,0x00000000f1ddd9d0,0x00000000f3600000)
  to   space 57344K, 0% used [0x00000000f4c80000,0x00000000f4c80000,0x00000000f8480000)
 ParOldGen       total 311296K, used 105942K [0x00000000a0000000, 0x00000000b3000000, 0x00000000e0000000)
  object space 311296K, 34% used [0x00000000a0000000,0x00000000a6775b78,0x00000000b3000000)
 Metaspace       used 108102K, capacity 117132K, committed 117160K, reserved 1150976K
  class space    used 14019K, capacity 15534K, committed 15536K, reserved 1048576K
}
Event: 5924.105 GC heap before
{Heap before GC invocations=70 (full 4):
 PSYoungGen      total 317440K, used 292726K [0x00000000e0000000, 0x00000000f8480000, 0x0000000100000000)
  eden space 258048K, 100% used [0x00000000e0000000,0x00000000efc00000,0x00000000efc00000)
  from space 59392K, 58% used [0x00000000efc00000,0x00000000f1ddd9d0,0x00000000f3600000)
  to   space 57344K, 0% used [0x00000000f4c80000,0x00000000f4c80000,0x00000000f8480000)
 ParOldGen       total 311296K, used 105942K [0x00000000a0000000, 0x00000000b3000000, 0x00000000e0000000)
  object space 311296K, 34% used [0x00000000a0000000,0x00000000a6775b78,0x00000000b3000000)
 Metaspace       used 108346K, capacity 117370K, committed 117544K, reserved 1150976K
  class space    used 14030K, capacity 15539K, committed 15664K, reserved 1048576K
Event: 5924.159 GC heap after
Heap after GC invocations=70 (full 4):
 PSYoungGen      total 335360K, used 52818K [0x00000000e0000000, 0x00000000f9680000, 0x0000000100000000)
  eden space 278016K, 0% used [0x00000000e0000000,0x00000000e0000000,0x00000000f0f80000)
  from space 57344K, 92% used [0x00000000f4c80000,0x00000000f8014808,0x00000000f8480000)
  to   space 62464K, 0% used [0x00000000f0f80000,0x00000000f0f80000,0x00000000f4c80000)
 ParOldGen       total 311296K, used 106290K [0x00000000a0000000, 0x00000000b3000000, 0x00000000e0000000)
  object space 311296K, 34% used [0x00000000a0000000,0x00000000a67ccbf8,0x00000000b3000000)
 Metaspace       used 108346K, capacity 117370K, committed 117544K, reserved 1150976K
  class space    used 14030K, capacity 15539K, committed 15664K, reserved 1048576K
}
Event: 5924.650 GC heap before
{Heap before GC invocations=71 (full 4):
 PSYoungGen      total 335360K, used 330834K [0x00000000e0000000, 0x00000000f9680000, 0x0000000100000000)
  eden space 278016K, 100% used [0x00000000e0000000,0x00000000f0f80000,0x00000000f0f80000)
  from space 57344K, 92% used [0x00000000f4c80000,0x00000000f8014808,0x00000000f8480000)
  to   space 62464K, 0% used [0x00000000f0f80000,0x00000000f0f80000,0x00000000f4c80000)
 ParOldGen       total 311296K, used 106290K [0x00000000a0000000, 0x00000000b3000000, 0x00000000e0000000)
  object space 311296K, 34% used [0x00000000a0000000,0x00000000a67ccbf8,0x00000000b3000000)
 Metaspace       used 108540K, capacity 117668K, committed 117800K, reserved 1150976K
  class space    used 14049K, capacity 15544K, committed 15664K, reserved 1048576K
Event: 5924.682 GC heap after
Heap after GC invocations=71 (full 4):
 PSYoungGen      total 340480K, used 44943K [0x00000000e0000000, 0x00000000fb080000, 0x0000000100000000)
  eden space 278016K, 0% used [0x00000000e0000000,0x00000000e0000000,0x00000000f0f80000)
  from space 62464K, 71% used [0x00000000f0f80000,0x00000000f3b63c20,0x00000000f4c80000)
  to   space 63488K, 0% used [0x00000000f7280000,0x00000000f7280000,0x00000000fb080000)
 ParOldGen       total 311296K, used 106720K [0x00000000a0000000, 0x00000000b3000000, 0x00000000e0000000)
  object space 311296K, 34% used [0x00000000a0000000,0x00000000a6838180,0x00000000b3000000)
 Metaspace       used 108540K, capacity 117668K, committed 117800K, reserved 1150976K
  class space    used 14049K, capacity 15544K, committed 15664K, reserved 1048576K
}
Event: 5925.195 GC heap before
{Heap before GC invocations=72 (full 4):
 PSYoungGen      total 340480K, used 322959K [0x00000000e0000000, 0x00000000fb080000, 0x0000000100000000)
  eden space 278016K, 100% used [0x00000000e0000000,0x00000000f0f80000,0x00000000f0f80000)
  from space 62464K, 71% used [0x00000000f0f80000,0x00000000f3b63c20,0x00000000f4c80000)
  to   space 63488K, 0% used [0x00000000f7280000,0x00000000f7280000,0x00000000fb080000)
 ParOldGen       total 311296K, used 106720K [0x00000000a0000000, 0x00000000b3000000, 0x00000000e0000000)
  object space 311296K, 34% used [0x00000000a0000000,0x00000000a6838180,0x00000000b3000000)
 Metaspace       used 108586K, capacity 117674K, committed 117800K, reserved 1150976K
  class space    used 14051K, capacity 15545K, committed 15664K, reserved 1048576K
Event: 5925.237 GC heap after
Heap after GC invocations=72 (full 4):
 PSYoungGen      total 376320K, used 35877K [0x00000000e0000000, 0x00000000fac00000, 0x0000000100000000)
  eden space 317440K, 0% used [0x00000000e0000000,0x00000000e0000000,0x00000000f3600000)
  from space 58880K, 60% used [0x00000000f7280000,0x00000000f9589430,0x00000000fac00000)
  to   space 60416K, 0% used [0x00000000f3600000,0x00000000f3600000,0x00000000f7100000)
 ParOldGen       total 311296K, used 115614K [0x00000000a0000000, 0x00000000b3000000, 0x00000000e0000000)
  object space 311296K, 37% used [0x00000000a0000000,0x00000000a70e7998,0x00000000b3000000)
 Metaspace       used 108586K, capacity 117674K, committed 117800K, reserved 1150976K
  class space    used 14051K, capacity 15545K, committed 15664K, reserved 1048576K
}

