# JRE version: OpenJDK Runtime Environment (8.0_242-b01) (build 1.8.0_242-release-1644-b01)
# Java VM: OpenJDK 64-Bit Server VM (25.242-b01 mixed mode windows-amd64 compressed oops)
Heap:
 PSYoungGen      total 281600K, used 148929K [0x00000000e0000000, 0x00000000f3200000, 0x0000000100000000)
  eden space 268288K, 50% used [0x00000000e0000000,0x00000000e8473fc8,0x00000000f0600000)
  from space 13312K, 99% used [0x00000000f2500000,0x00000000f31fc5c8,0x00000000f3200000)
  to   space 15360K, 0% used [0x00000000f1400000,0x00000000f1400000,0x00000000f2300000)
 ParOldGen       total 115200K, used 17443K [0x00000000a0000000, 0x00000000a7080000, 0x00000000e0000000)
  object space 115200K, 15% used [0x00000000a0000000,0x00000000a1108c08,0x00000000a7080000)
 Metaspace       used 52860K, capacity 55012K, committed 55208K, reserved 1097728K
  class space    used 7054K, capacity 7551K, committed 7600K, reserved 1048576K
GC Heap History (10 events):
Event: 2.555 GC heap before
{Heap before GC invocations=6 (full 1):
 PSYoungGen      total 106496K, used 6976K [0x00000000e0000000, 0x00000000ed700000, 0x0000000100000000)
  eden space 98304K, 0% used [0x00000000e0000000,0x00000000e0000000,0x00000000e6000000)
  from space 8192K, 85% used [0x00000000e6000000,0x00000000e66d0050,0x00000000e6800000)
  to   space 11776K, 0% used [0x00000000ecb80000,0x00000000ecb80000,0x00000000ed700000)
 ParOldGen       total 131072K, used 3038K [0x00000000a0000000, 0x00000000a8000000, 0x00000000e0000000)
  object space 131072K, 2% used [0x00000000a0000000,0x00000000a02f7a78,0x00000000a8000000)
 Metaspace       used 20573K, capacity 21212K, committed 21296K, reserved 1067008K
  class space    used 2877K, capacity 3076K, committed 3120K, reserved 1048576K
Event: 2.596 GC heap after
Heap after GC invocations=6 (full 1):
 PSYoungGen      total 106496K, used 0K [0x00000000e0000000, 0x00000000ed700000, 0x0000000100000000)
  eden space 98304K, 0% used [0x00000000e0000000,0x00000000e0000000,0x00000000e6000000)
  from space 8192K, 0% used [0x00000000e6000000,0x00000000e6000000,0x00000000e6800000)
  to   space 11776K, 0% used [0x00000000ecb80000,0x00000000ecb80000,0x00000000ed700000)
 ParOldGen       total 71168K, used 7339K [0x00000000a0000000, 0x00000000a4580000, 0x00000000e0000000)
  object space 71168K, 10% used [0x00000000a0000000,0x00000000a072acf8,0x00000000a4580000)
 Metaspace       used 20573K, capacity 21212K, committed 21296K, reserved 1067008K
  class space    used 2877K, capacity 3076K, committed 3120K, reserved 1048576K
}
Event: 3.551 GC heap before
{Heap before GC invocations=7 (full 1):
 PSYoungGen      total 106496K, used 98304K [0x00000000e0000000, 0x00000000ed700000, 0x0000000100000000)
  eden space 98304K, 100% used [0x00000000e0000000,0x00000000e6000000,0x00000000e6000000)
  from space 8192K, 0% used [0x00000000e6000000,0x00000000e6000000,0x00000000e6800000)
  to   space 11776K, 0% used [0x00000000ecb80000,0x00000000ecb80000,0x00000000ed700000)
 ParOldGen       total 71168K, used 7339K [0x00000000a0000000, 0x00000000a4580000, 0x00000000e0000000)
  object space 71168K, 10% used [0x00000000a0000000,0x00000000a072acf8,0x00000000a4580000)
 Metaspace       used 31324K, capacity 32334K, committed 32432K, reserved 1077248K
  class space    used 4260K, capacity 4500K, committed 4528K, reserved 1048576K
Event: 3.562 GC heap after
Heap after GC invocations=7 (full 1):
 PSYoungGen      total 180224K, used 11558K [0x00000000e0000000, 0x00000000ed700000, 0x0000000100000000)
  eden space 168448K, 0% used [0x00000000e0000000,0x00000000e0000000,0x00000000ea480000)
  from space 11776K, 98% used [0x00000000ecb80000,0x00000000ed6c9840,0x00000000ed700000)
  to   space 13312K, 0% used [0x00000000ebd00000,0x00000000ebd00000,0x00000000eca00000)
 ParOldGen       total 71168K, used 7347K [0x00000000a0000000, 0x00000000a4580000, 0x00000000e0000000)
  object space 71168K, 10% used [0x00000000a0000000,0x00000000a072ccf8,0x00000000a4580000)
 Metaspace       used 31324K, capacity 32334K, committed 32432K, reserved 1077248K
  class space    used 4260K, capacity 4500K, committed 4528K, reserved 1048576K
}
Event: 4.103 GC heap before
{Heap before GC invocations=8 (full 1):
 PSYoungGen      total 180224K, used 77958K [0x00000000e0000000, 0x00000000ed700000, 0x0000000100000000)
  eden space 168448K, 39% used [0x00000000e0000000,0x00000000e40d82a8,0x00000000ea480000)
  from space 11776K, 98% used [0x00000000ecb80000,0x00000000ed6c9840,0x00000000ed700000)
  to   space 13312K, 0% used [0x00000000ebd00000,0x00000000ebd00000,0x00000000eca00000)
 ParOldGen       total 71168K, used 7347K [0x00000000a0000000, 0x00000000a4580000, 0x00000000e0000000)
  object space 71168K, 10% used [0x00000000a0000000,0x00000000a072ccf8,0x00000000a4580000)
 Metaspace       used 34269K, capacity 35432K, committed 35496K, reserved 1079296K
  class space    used 4724K, capacity 5033K, committed 5040K, reserved 1048576K
Event: 4.119 GC heap after
Heap after GC invocations=8 (full 1):
 PSYoungGen      total 206848K, used 10013K [0x00000000e0000000, 0x00000000f3200000, 0x0000000100000000)
  eden space 193536K, 0% used [0x00000000e0000000,0x00000000e0000000,0x00000000ebd00000)
  from space 13312K, 75% used [0x00000000ebd00000,0x00000000ec6c76d0,0x00000000eca00000)
  to   space 13312K, 0% used [0x00000000f2500000,0x00000000f2500000,0x00000000f3200000)
 ParOldGen       total 71168K, used 7355K [0x00000000a0000000, 0x00000000a4580000, 0x00000000e0000000)
  object space 71168K, 10% used [0x00000000a0000000,0x00000000a072ecf8,0x00000000a4580000)
 Metaspace       used 34269K, capacity 35432K, committed 35496K, reserved 1079296K
  class space    used 4724K, capacity 5033K, committed 5040K, reserved 1048576K
}
Event: 4.119 GC heap before
{Heap before GC invocations=9 (full 2):
 PSYoungGen      total 206848K, used 10013K [0x00000000e0000000, 0x00000000f3200000, 0x0000000100000000)
  eden space 193536K, 0% used [0x00000000e0000000,0x00000000e0000000,0x00000000ebd00000)
  from space 13312K, 75% used [0x00000000ebd00000,0x00000000ec6c76d0,0x00000000eca00000)
  to   space 13312K, 0% used [0x00000000f2500000,0x00000000f2500000,0x00000000f3200000)
 ParOldGen       total 71168K, used 7355K [0x00000000a0000000, 0x00000000a4580000, 0x00000000e0000000)
  object space 71168K, 10% used [0x00000000a0000000,0x00000000a072ecf8,0x00000000a4580000)
 Metaspace       used 34269K, capacity 35432K, committed 35496K, reserved 1079296K
  class space    used 4724K, capacity 5033K, committed 5040K, reserved 1048576K
Event: 4.250 GC heap after
Heap after GC invocations=9 (full 2):
 PSYoungGen      total 206848K, used 0K [0x00000000e0000000, 0x00000000f3200000, 0x0000000100000000)
  eden space 193536K, 0% used [0x00000000e0000000,0x00000000e0000000,0x00000000ebd00000)
  from space 13312K, 0% used [0x00000000ebd00000,0x00000000ebd00000,0x00000000eca00000)
  to   space 13312K, 0% used [0x00000000f2500000,0x00000000f2500000,0x00000000f3200000)
 ParOldGen       total 115200K, used 16322K [0x00000000a0000000, 0x00000000a7080000, 0x00000000e0000000)
  object space 115200K, 14% used [0x00000000a0000000,0x00000000a0ff0b58,0x00000000a7080000)
 Metaspace       used 34269K, capacity 35432K, committed 35496K, reserved 1079296K
  class space    used 4724K, capacity 5033K, committed 5040K, reserved 1048576K
}
Event: 5.947 GC heap before
{Heap before GC invocations=10 (full 2):
 PSYoungGen      total 206848K, used 193536K [0x00000000e0000000, 0x00000000f3200000, 0x0000000100000000)
  eden space 193536K, 100% used [0x00000000e0000000,0x00000000ebd00000,0x00000000ebd00000)
  from space 13312K, 0% used [0x00000000ebd00000,0x00000000ebd00000,0x00000000eca00000)
  to   space 13312K, 0% used [0x00000000f2500000,0x00000000f2500000,0x00000000f3200000)
 ParOldGen       total 115200K, used 16322K [0x00000000a0000000, 0x00000000a7080000, 0x00000000e0000000)
  object space 115200K, 14% used [0x00000000a0000000,0x00000000a0ff0b58,0x00000000a7080000)
 Metaspace       used 44183K, capacity 46090K, committed 46376K, reserved 1089536K
  class space    used 5991K, capacity 6446K, committed 6448K, reserved 1048576K
Event: 5.969 GC heap after
Heap after GC invocations=10 (full 2):
 PSYoungGen      total 281600K, used 13297K [0x00000000e0000000, 0x00000000f3200000, 0x0000000100000000)
  eden space 268288K, 0% used [0x00000000e0000000,0x00000000e0000000,0x00000000f0600000)
  from space 13312K, 99% used [0x00000000f2500000,0x00000000f31fc5c8,0x00000000f3200000)
  to   space 15360K, 0% used [0x00000000f1400000,0x00000000f1400000,0x00000000f2300000)
 ParOldGen       total 115200K, used 17443K [0x00000000a0000000, 0x00000000a7080000, 0x00000000e0000000)
  object space 115200K, 15% used [0x00000000a0000000,0x00000000a1108c08,0x00000000a7080000)
 Metaspace       used 44183K, capacity 46090K, committed 46376K, reserved 1089536K
  class space    used 5991K, capacity 6446K, committed 6448K, reserved 1048576K
}

