# JRE version: OpenJDK Runtime Environment (8.0_242-b01) (build 1.8.0_242-release-1644-b01)
# Java VM: OpenJDK 64-Bit Server VM (25.242-b01 mixed mode windows-amd64 compressed oops)
Heap:
 PSYoungGen      total 218624K, used 73156K [0x00000000e0000000, 0x00000000f1e80000, 0x0000000100000000)
  eden space 200192K, 36% used [0x00000000e0000000,0x00000000e4771170,0x00000000ec380000)
  from space 18432K, 0% used [0x00000000ec380000,0x00000000ec380000,0x00000000ed580000)
  to   space 21504K, 0% used [0x00000000f0980000,0x00000000f0980000,0x00000000f1e80000)
 ParOldGen       total 156160K, used 35334K [0x00000000a0000000, 0x00000000a9880000, 0x00000000e0000000)
  object space 156160K, 22% used [0x00000000a0000000,0x00000000a2281a58,0x00000000a9880000)
 Metaspace       used 60517K, capacity 62826K, committed 62872K, reserved 1103872K
  class space    used 8300K, capacity 8834K, committed 8880K, reserved 1048576K
GC Heap History (10 events):
Event: 9.796 GC heap before
{Heap before GC invocations=10 (full 2):
 PSYoungGen      total 176640K, used 8424K [0x00000000e0000000, 0x00000000ec000000, 0x0000000100000000)
  eden space 163328K, 0% used [0x00000000e0000000,0x00000000e0000000,0x00000000e9f80000)
  from space 13312K, 63% used [0x00000000eac00000,0x00000000eb43a3b0,0x00000000eb900000)
  to   space 12800K, 0% used [0x00000000e9f80000,0x00000000e9f80000,0x00000000eac00000)
 ParOldGen       total 66048K, used 7900K [0x00000000a0000000, 0x00000000a4080000, 0x00000000e0000000)
  object space 66048K, 11% used [0x00000000a0000000,0x00000000a07b7068,0x00000000a4080000)
 Metaspace       used 34257K, capacity 35432K, committed 35496K, reserved 1079296K
  class space    used 4707K, capacity 5033K, committed 5040K, reserved 1048576K
Event: 9.927 GC heap after
Heap after GC invocations=10 (full 2):
 PSYoungGen      total 176640K, used 0K [0x00000000e0000000, 0x00000000ec000000, 0x0000000100000000)
  eden space 163328K, 0% used [0x00000000e0000000,0x00000000e0000000,0x00000000e9f80000)
  from space 13312K, 0% used [0x00000000eac00000,0x00000000eac00000,0x00000000eb900000)
  to   space 12800K, 0% used [0x00000000e9f80000,0x00000000e9f80000,0x00000000eac00000)
 ParOldGen       total 101888K, used 14673K [0x00000000a0000000, 0x00000000a6380000, 0x00000000e0000000)
  object space 101888K, 14% used [0x00000000a0000000,0x00000000a0e54750,0x00000000a6380000)
 Metaspace       used 34257K, capacity 35432K, committed 35496K, reserved 1079296K
  class space    used 4707K, capacity 5033K, committed 5040K, reserved 1048576K
}
Event: 18.007 GC heap before
{Heap before GC invocations=11 (full 2):
 PSYoungGen      total 176640K, used 163328K [0x00000000e0000000, 0x00000000ec000000, 0x0000000100000000)
  eden space 163328K, 100% used [0x00000000e0000000,0x00000000e9f80000,0x00000000e9f80000)
  from space 13312K, 0% used [0x00000000eac00000,0x00000000eac00000,0x00000000eb900000)
  to   space 12800K, 0% used [0x00000000e9f80000,0x00000000e9f80000,0x00000000eac00000)
 ParOldGen       total 101888K, used 14673K [0x00000000a0000000, 0x00000000a6380000, 0x00000000e0000000)
  object space 101888K, 14% used [0x00000000a0000000,0x00000000a0e54750,0x00000000a6380000)
 Metaspace       used 38888K, capacity 40584K, committed 40872K, reserved 1085440K
  class space    used 5346K, capacity 5735K, committed 5808K, reserved 1048576K
Event: 18.018 GC heap after
Heap after GC invocations=11 (full 2):
 PSYoungGen      total 176128K, used 9846K [0x00000000e0000000, 0x00000000ee280000, 0x0000000100000000)
  eden space 163328K, 0% used [0x00000000e0000000,0x00000000e0000000,0x00000000e9f80000)
  from space 12800K, 76% used [0x00000000e9f80000,0x00000000ea91d870,0x00000000eac00000)
  to   space 13312K, 0% used [0x00000000ed580000,0x00000000ed580000,0x00000000ee280000)
 ParOldGen       total 101888K, used 14681K [0x00000000a0000000, 0x00000000a6380000, 0x00000000e0000000)
  object space 101888K, 14% used [0x00000000a0000000,0x00000000a0e56750,0x00000000a6380000)
 Metaspace       used 38888K, capacity 40584K, committed 40872K, reserved 1085440K
  class space    used 5346K, capacity 5735K, committed 5808K, reserved 1048576K
}
Event: 19.862 GC heap before
{Heap before GC invocations=12 (full 2):
 PSYoungGen      total 176128K, used 173174K [0x00000000e0000000, 0x00000000ee280000, 0x0000000100000000)
  eden space 163328K, 100% used [0x00000000e0000000,0x00000000e9f80000,0x00000000e9f80000)
  from space 12800K, 76% used [0x00000000e9f80000,0x00000000ea91d870,0x00000000eac00000)
  to   space 13312K, 0% used [0x00000000ed580000,0x00000000ed580000,0x00000000ee280000)
 ParOldGen       total 101888K, used 14681K [0x00000000a0000000, 0x00000000a6380000, 0x00000000e0000000)
  object space 101888K, 14% used [0x00000000a0000000,0x00000000a0e56750,0x00000000a6380000)
 Metaspace       used 51909K, capacity 53994K, committed 54312K, reserved 1095680K
  class space    used 6914K, capacity 7410K, committed 7472K, reserved 1048576K
Event: 19.887 GC heap after
Heap after GC invocations=12 (full 2):
 PSYoungGen      total 213504K, used 13300K [0x00000000e0000000, 0x00000000eea80000, 0x0000000100000000)
  eden space 200192K, 0% used [0x00000000e0000000,0x00000000e0000000,0x00000000ec380000)
  from space 13312K, 99% used [0x00000000ed580000,0x00000000ee27d320,0x00000000ee280000)
  to   space 18432K, 0% used [0x00000000ec380000,0x00000000ec380000,0x00000000ed580000)
 ParOldGen       total 101888K, used 25893K [0x00000000a0000000, 0x00000000a6380000, 0x00000000e0000000)
  object space 101888K, 25% used [0x00000000a0000000,0x00000000a1949428,0x00000000a6380000)
 Metaspace       used 51909K, capacity 53994K, committed 54312K, reserved 1095680K
  class space    used 6914K, capacity 7410K, committed 7472K, reserved 1048576K
}
Event: 20.972 GC heap before
{Heap before GC invocations=13 (full 2):
 PSYoungGen      total 213504K, used 70773K [0x00000000e0000000, 0x00000000eea80000, 0x0000000100000000)
  eden space 200192K, 28% used [0x00000000e0000000,0x00000000e38204b0,0x00000000ec380000)
  from space 13312K, 99% used [0x00000000ed580000,0x00000000ee27d320,0x00000000ee280000)
  to   space 18432K, 0% used [0x00000000ec380000,0x00000000ec380000,0x00000000ed580000)
 ParOldGen       total 101888K, used 25893K [0x00000000a0000000, 0x00000000a6380000, 0x00000000e0000000)
  object space 101888K, 25% used [0x00000000a0000000,0x00000000a1949428,0x00000000a6380000)
 Metaspace       used 56828K, capacity 59100K, committed 59160K, reserved 1099776K
  class space    used 7711K, capacity 8216K, committed 8240K, reserved 1048576K
Event: 20.997 GC heap after
Heap after GC invocations=13 (full 2):
 PSYoungGen      total 218624K, used 18414K [0x00000000e0000000, 0x00000000f1e80000, 0x0000000100000000)
  eden space 200192K, 0% used [0x00000000e0000000,0x00000000e0000000,0x00000000ec380000)
  from space 18432K, 99% used [0x00000000ec380000,0x00000000ed57bad0,0x00000000ed580000)
  to   space 21504K, 0% used [0x00000000f0980000,0x00000000f0980000,0x00000000f1e80000)
 ParOldGen       total 101888K, used 27415K [0x00000000a0000000, 0x00000000a6380000, 0x00000000e0000000)
  object space 101888K, 26% used [0x00000000a0000000,0x00000000a1ac5c68,0x00000000a6380000)
 Metaspace       used 56828K, capacity 59100K, committed 59160K, reserved 1099776K
  class space    used 7711K, capacity 8216K, committed 8240K, reserved 1048576K
}
Event: 20.997 GC heap before
{Heap before GC invocations=14 (full 3):
 PSYoungGen      total 218624K, used 18414K [0x00000000e0000000, 0x00000000f1e80000, 0x0000000100000000)
  eden space 200192K, 0% used [0x00000000e0000000,0x00000000e0000000,0x00000000ec380000)
  from space 18432K, 99% used [0x00000000ec380000,0x00000000ed57bad0,0x00000000ed580000)
  to   space 21504K, 0% used [0x00000000f0980000,0x00000000f0980000,0x00000000f1e80000)
 ParOldGen       total 101888K, used 27415K [0x00000000a0000000, 0x00000000a6380000, 0x00000000e0000000)
  object space 101888K, 26% used [0x00000000a0000000,0x00000000a1ac5c68,0x00000000a6380000)
 Metaspace       used 56828K, capacity 59100K, committed 59160K, reserved 1099776K
  class space    used 7711K, capacity 8216K, committed 8240K, reserved 1048576K
Event: 21.314 GC heap after
Heap after GC invocations=14 (full 3):
 PSYoungGen      total 218624K, used 0K [0x00000000e0000000, 0x00000000f1e80000, 0x0000000100000000)
  eden space 200192K, 0% used [0x00000000e0000000,0x00000000e0000000,0x00000000ec380000)
  from space 18432K, 0% used [0x00000000ec380000,0x00000000ec380000,0x00000000ed580000)
  to   space 21504K, 0% used [0x00000000f0980000,0x00000000f0980000,0x00000000f1e80000)
 ParOldGen       total 156160K, used 35334K [0x00000000a0000000, 0x00000000a9880000, 0x00000000e0000000)
  object space 156160K, 22% used [0x00000000a0000000,0x00000000a2281a58,0x00000000a9880000)
 Metaspace       used 56794K, capacity 58986K, committed 59160K, reserved 1099776K
  class space    used 7700K, capacity 8197K, committed 8240K, reserved 1048576K
}

