# JRE version: OpenJDK Runtime Environment (8.0_242-b01) (build 1.8.0_242-release-1644-b01)
# Java VM: OpenJDK 64-Bit Server VM (25.242-b01 mixed mode windows-amd64 compressed oops)
Heap:
 PSYoungGen      total 349184K, used 147285K [0x00000000e0000000, 0x00000000f7c80000, 0x0000000100000000)
  eden space 313856K, 39% used [0x00000000e0000000,0x00000000e77ba4f0,0x00000000f3280000)
  from space 35328K, 69% used [0x00000000f5a00000,0x00000000f721b0b0,0x00000000f7c80000)
  to   space 37888K, 0% used [0x00000000f3280000,0x00000000f3280000,0x00000000f5780000)
 ParOldGen       total 276992K, used 72315K [0x00000000a0000000, 0x00000000b0e80000, 0x00000000e0000000)
  object space 276992K, 26% used [0x00000000a0000000,0x00000000a469edc8,0x00000000b0e80000)
 Metaspace       used 103208K, capacity 108420K, committed 108696K, reserved 1142784K
  class space    used 13364K, capacity 14495K, committed 14512K, reserved 1048576K
GC Heap History (10 events):
Event: 256.380 GC heap before
{Heap before GC invocations=20 (full 3):
 PSYoungGen      total 310784K, used 232999K [0x00000000e0000000, 0x00000000f5c80000, 0x0000000100000000)
  eden space 277504K, 72% used [0x00000000e0000000,0x00000000ec481b68,0x00000000f0f00000)
  from space 33280K, 95% used [0x00000000f3400000,0x00000000f5308100,0x00000000f5480000)
  to   space 37888K, 0% used [0x00000000f0f00000,0x00000000f0f00000,0x00000000f3400000)
 ParOldGen       total 171008K, used 67210K [0x00000000a0000000, 0x00000000aa700000, 0x00000000e0000000)
  object space 171008K, 39% used [0x00000000a0000000,0x00000000a41a2bf8,0x00000000aa700000)
 Metaspace       used 93564K, capacity 98316K, committed 98584K, reserved 1134592K
  class space    used 12346K, capacity 13353K, committed 13360K, reserved 1048576K
Event: 256.395 GC heap after
Heap after GC invocations=20 (full 3):
 PSYoungGen      total 315392K, used 24484K [0x00000000e0000000, 0x00000000f7100000, 0x0000000100000000)
  eden space 277504K, 0% used [0x00000000e0000000,0x00000000e0000000,0x00000000f0f00000)
  from space 37888K, 64% used [0x00000000f0f00000,0x00000000f26e9348,0x00000000f3400000)
  to   space 39424K, 0% used [0x00000000f4a80000,0x00000000f4a80000,0x00000000f7100000)
 ParOldGen       total 171008K, used 67218K [0x00000000a0000000, 0x00000000aa700000, 0x00000000e0000000)
  object space 171008K, 39% used [0x00000000a0000000,0x00000000a41a4bf8,0x00000000aa700000)
 Metaspace       used 93564K, capacity 98316K, committed 98584K, reserved 1134592K
  class space    used 12346K, capacity 13353K, committed 13360K, reserved 1048576K
}
Event: 256.395 GC heap before
{Heap before GC invocations=21 (full 4):
 PSYoungGen      total 315392K, used 24484K [0x00000000e0000000, 0x00000000f7100000, 0x0000000100000000)
  eden space 277504K, 0% used [0x00000000e0000000,0x00000000e0000000,0x00000000f0f00000)
  from space 37888K, 64% used [0x00000000f0f00000,0x00000000f26e9348,0x00000000f3400000)
  to   space 39424K, 0% used [0x00000000f4a80000,0x00000000f4a80000,0x00000000f7100000)
 ParOldGen       total 171008K, used 67218K [0x00000000a0000000, 0x00000000aa700000, 0x00000000e0000000)
  object space 171008K, 39% used [0x00000000a0000000,0x00000000a41a4bf8,0x00000000aa700000)
 Metaspace       used 93564K, capacity 98316K, committed 98584K, reserved 1134592K
  class space    used 12346K, capacity 13353K, committed 13360K, reserved 1048576K
Event: 256.613 GC heap after
Heap after GC invocations=21 (full 4):
 PSYoungGen      total 315392K, used 0K [0x00000000e0000000, 0x00000000f7100000, 0x0000000100000000)
  eden space 277504K, 0% used [0x00000000e0000000,0x00000000e0000000,0x00000000f0f00000)
  from space 37888K, 0% used [0x00000000f0f00000,0x00000000f0f00000,0x00000000f3400000)
  to   space 39424K, 0% used [0x00000000f4a80000,0x00000000f4a80000,0x00000000f7100000)
 ParOldGen       total 276992K, used 72291K [0x00000000a0000000, 0x00000000b0e80000, 0x00000000e0000000)
  object space 276992K, 26% used [0x00000000a0000000,0x00000000a4698dc8,0x00000000b0e80000)
 Metaspace       used 93402K, capacity 97834K, committed 98584K, reserved 1134592K
  class space    used 12294K, capacity 13262K, committed 13360K, reserved 1048576K
}
Event: 345.645 GC heap before
{Heap before GC invocations=22 (full 4):
 PSYoungGen      total 315392K, used 277504K [0x00000000e0000000, 0x00000000f7100000, 0x0000000100000000)
  eden space 277504K, 100% used [0x00000000e0000000,0x00000000f0f00000,0x00000000f0f00000)
  from space 37888K, 0% used [0x00000000f0f00000,0x00000000f0f00000,0x00000000f3400000)
  to   space 39424K, 0% used [0x00000000f4a80000,0x00000000f4a80000,0x00000000f7100000)
 ParOldGen       total 276992K, used 72291K [0x00000000a0000000, 0x00000000b0e80000, 0x00000000e0000000)
  object space 276992K, 26% used [0x00000000a0000000,0x00000000a4698dc8,0x00000000b0e80000)
 Metaspace       used 95394K, capacity 100218K, committed 100376K, reserved 1136640K
  class space    used 12523K, capacity 13578K, committed 13616K, reserved 1048576K
Event: 345.659 GC heap after
Heap after GC invocations=22 (full 4):
 PSYoungGen      total 334336K, used 13296K [0x00000000e0000000, 0x00000000f6d00000, 0x0000000100000000)
  eden space 299008K, 0% used [0x00000000e0000000,0x00000000e0000000,0x00000000f2400000)
  from space 35328K, 37% used [0x00000000f4a80000,0x00000000f577c0d0,0x00000000f6d00000)
  to   space 37376K, 0% used [0x00000000f2400000,0x00000000f2400000,0x00000000f4880000)
 ParOldGen       total 276992K, used 72299K [0x00000000a0000000, 0x00000000b0e80000, 0x00000000e0000000)
  object space 276992K, 26% used [0x00000000a0000000,0x00000000a469adc8,0x00000000b0e80000)
 Metaspace       used 95394K, capacity 100218K, committed 100376K, reserved 1136640K
  class space    used 12523K, capacity 13578K, committed 13616K, reserved 1048576K
}
Event: 1036.600 GC heap before
{Heap before GC invocations=23 (full 4):
 PSYoungGen      total 334336K, used 312304K [0x00000000e0000000, 0x00000000f6d00000, 0x0000000100000000)
  eden space 299008K, 100% used [0x00000000e0000000,0x00000000f2400000,0x00000000f2400000)
  from space 35328K, 37% used [0x00000000f4a80000,0x00000000f577c0d0,0x00000000f6d00000)
  to   space 37376K, 0% used [0x00000000f2400000,0x00000000f2400000,0x00000000f4880000)
 ParOldGen       total 276992K, used 72299K [0x00000000a0000000, 0x00000000b0e80000, 0x00000000e0000000)
  object space 276992K, 26% used [0x00000000a0000000,0x00000000a469adc8,0x00000000b0e80000)
 Metaspace       used 95785K, capacity 100788K, committed 101016K, reserved 1136640K
  class space    used 12548K, capacity 13619K, committed 13744K, reserved 1048576K
Event: 1036.615 GC heap after
Heap after GC invocations=23 (full 4):
 PSYoungGen      total 336384K, used 19430K [0x00000000e0000000, 0x00000000f7e00000, 0x0000000100000000)
  eden space 299008K, 0% used [0x00000000e0000000,0x00000000e0000000,0x00000000f2400000)
  from space 37376K, 51% used [0x00000000f2400000,0x00000000f36f9b40,0x00000000f4880000)
  to   space 36864K, 0% used [0x00000000f5a00000,0x00000000f5a00000,0x00000000f7e00000)
 ParOldGen       total 276992K, used 72307K [0x00000000a0000000, 0x00000000b0e80000, 0x00000000e0000000)
  object space 276992K, 26% used [0x00000000a0000000,0x00000000a469cdc8,0x00000000b0e80000)
 Metaspace       used 95785K, capacity 100788K, committed 101016K, reserved 1136640K
  class space    used 12548K, capacity 13619K, committed 13744K, reserved 1048576K
}
Event: 1057.604 GC heap before
{Heap before GC invocations=24 (full 4):
 PSYoungGen      total 336384K, used 318433K [0x00000000e0000000, 0x00000000f7e00000, 0x0000000100000000)
  eden space 299008K, 99% used [0x00000000e0000000,0x00000000f23fecb0,0x00000000f2400000)
  from space 37376K, 51% used [0x00000000f2400000,0x00000000f36f9b40,0x00000000f4880000)
  to   space 36864K, 0% used [0x00000000f5a00000,0x00000000f5a00000,0x00000000f7e00000)
 ParOldGen       total 276992K, used 72307K [0x00000000a0000000, 0x00000000b0e80000, 0x00000000e0000000)
  object space 276992K, 26% used [0x00000000a0000000,0x00000000a469cdc8,0x00000000b0e80000)
 Metaspace       used 97509K, capacity 102648K, committed 102680K, reserved 1138688K
  class space    used 12757K, capacity 13852K, committed 13872K, reserved 1048576K
Event: 1057.623 GC heap after
Heap after GC invocations=24 (full 4):
 PSYoungGen      total 349184K, used 24684K [0x00000000e0000000, 0x00000000f7c80000, 0x0000000100000000)
  eden space 313856K, 0% used [0x00000000e0000000,0x00000000e0000000,0x00000000f3280000)
  from space 35328K, 69% used [0x00000000f5a00000,0x00000000f721b0b0,0x00000000f7c80000)
  to   space 37888K, 0% used [0x00000000f3280000,0x00000000f3280000,0x00000000f5780000)
 ParOldGen       total 276992K, used 72315K [0x00000000a0000000, 0x00000000b0e80000, 0x00000000e0000000)
  object space 276992K, 26% used [0x00000000a0000000,0x00000000a469edc8,0x00000000b0e80000)
 Metaspace       used 97509K, capacity 102648K, committed 102680K, reserved 1138688K
  class space    used 12757K, capacity 13852K, committed 13872K, reserved 1048576K
}

