# JRE version: OpenJDK Runtime Environment (8.0_242-b01) (build 1.8.0_242-release-1644-b01)
# Java VM: OpenJDK 64-Bit Server VM (25.242-b01 mixed mode windows-amd64 compressed oops)
Heap:
 PSYoungGen      total 403968K, used 143540K [0x00000000e0000000, 0x00000000fc480000, 0x0000000100000000)
  eden space 374272K, 30% used [0x00000000e0000000,0x00000000e6f34cf0,0x00000000f6d80000)
  from space 29696K, 99% used [0x00000000f9380000,0x00000000fb078700,0x00000000fb080000)
  to   space 38912K, 0% used [0x00000000f6d80000,0x00000000f6d80000,0x00000000f9380000)
 ParOldGen       total 169984K, used 66613K [0x00000000a0000000, 0x00000000aa600000, 0x00000000e0000000)
  object space 169984K, 39% used [0x00000000a0000000,0x00000000a410d660,0x00000000aa600000)
 Metaspace       used 86548K, capacity 92286K, committed 92456K, reserved 1128448K
  class space    used 11864K, capacity 13056K, committed 13104K, reserved 1048576K
GC Heap History (10 events):
Event: 9.317 GC heap before
{Heap before GC invocations=11 (full 2):
 PSYoungGen      total 282112K, used 113036K [0x00000000e0000000, 0x00000000f4680000, 0x0000000100000000)
  eden space 268288K, 36% used [0x00000000e0000000,0x00000000e60e5d30,0x00000000f0600000)
  from space 13824K, 99% used [0x00000000f3900000,0x00000000f467d680,0x00000000f4680000)
  to   space 19456K, 0% used [0x00000000f2080000,0x00000000f2080000,0x00000000f3380000)
 ParOldGen       total 111616K, used 26009K [0x00000000a0000000, 0x00000000a6d00000, 0x00000000e0000000)
  object space 111616K, 23% used [0x00000000a0000000,0x00000000a1966560,0x00000000a6d00000)
 Metaspace       used 56926K, capacity 59048K, committed 59160K, reserved 1099776K
  class space    used 7729K, capacity 8256K, committed 8368K, reserved 1048576K
Event: 9.338 GC heap after
Heap after GC invocations=11 (full 2):
 PSYoungGen      total 314880K, used 19429K [0x00000000e0000000, 0x00000000f6e00000, 0x0000000100000000)
  eden space 295424K, 0% used [0x00000000e0000000,0x00000000e0000000,0x00000000f2080000)
  from space 19456K, 99% used [0x00000000f2080000,0x00000000f3379788,0x00000000f3380000)
  to   space 23040K, 0% used [0x00000000f5780000,0x00000000f5780000,0x00000000f6e00000)
 ParOldGen       total 111616K, used 28740K [0x00000000a0000000, 0x00000000a6d00000, 0x00000000e0000000)
  object space 111616K, 25% used [0x00000000a0000000,0x00000000a1c11310,0x00000000a6d00000)
 Metaspace       used 56926K, capacity 59048K, committed 59160K, reserved 1099776K
  class space    used 7729K, capacity 8256K, committed 8368K, reserved 1048576K
}
Event: 9.338 GC heap before
{Heap before GC invocations=12 (full 3):
 PSYoungGen      total 314880K, used 19429K [0x00000000e0000000, 0x00000000f6e00000, 0x0000000100000000)
  eden space 295424K, 0% used [0x00000000e0000000,0x00000000e0000000,0x00000000f2080000)
  from space 19456K, 99% used [0x00000000f2080000,0x00000000f3379788,0x00000000f3380000)
  to   space 23040K, 0% used [0x00000000f5780000,0x00000000f5780000,0x00000000f6e00000)
 ParOldGen       total 111616K, used 28740K [0x00000000a0000000, 0x00000000a6d00000, 0x00000000e0000000)
  object space 111616K, 25% used [0x00000000a0000000,0x00000000a1c11310,0x00000000a6d00000)
 Metaspace       used 56926K, capacity 59048K, committed 59160K, reserved 1099776K
  class space    used 7729K, capacity 8256K, committed 8368K, reserved 1048576K
Event: 9.583 GC heap after
Heap after GC invocations=12 (full 3):
 PSYoungGen      total 314880K, used 0K [0x00000000e0000000, 0x00000000f6e00000, 0x0000000100000000)
  eden space 295424K, 0% used [0x00000000e0000000,0x00000000e0000000,0x00000000f2080000)
  from space 19456K, 0% used [0x00000000f2080000,0x00000000f2080000,0x00000000f3380000)
  to   space 23040K, 0% used [0x00000000f5780000,0x00000000f5780000,0x00000000f6e00000)
 ParOldGen       total 169984K, used 34661K [0x00000000a0000000, 0x00000000aa600000, 0x00000000e0000000)
  object space 169984K, 20% used [0x00000000a0000000,0x00000000a21d9718,0x00000000aa600000)
 Metaspace       used 56901K, capacity 58964K, committed 59160K, reserved 1099776K
  class space    used 7722K, capacity 8242K, committed 8368K, reserved 1048576K
}
Event: 11.844 GC heap before
{Heap before GC invocations=13 (full 3):
 PSYoungGen      total 314880K, used 295424K [0x00000000e0000000, 0x00000000f6e00000, 0x0000000100000000)
  eden space 295424K, 100% used [0x00000000e0000000,0x00000000f2080000,0x00000000f2080000)
  from space 19456K, 0% used [0x00000000f2080000,0x00000000f2080000,0x00000000f3380000)
  to   space 23040K, 0% used [0x00000000f5780000,0x00000000f5780000,0x00000000f6e00000)
 ParOldGen       total 169984K, used 34661K [0x00000000a0000000, 0x00000000aa600000, 0x00000000e0000000)
  object space 169984K, 20% used [0x00000000a0000000,0x00000000a21d9718,0x00000000aa600000)
 Metaspace       used 64314K, capacity 67822K, committed 67880K, reserved 1107968K
  class space    used 8806K, capacity 9519K, committed 9520K, reserved 1048576K
Event: 11.864 GC heap after
Heap after GC invocations=13 (full 3):
 PSYoungGen      total 348672K, used 23009K [0x00000000e0000000, 0x00000000f8780000, 0x0000000100000000)
  eden space 325632K, 0% used [0x00000000e0000000,0x00000000e0000000,0x00000000f3e00000)
  from space 23040K, 99% used [0x00000000f5780000,0x00000000f6df8588,0x00000000f6e00000)
  to   space 26112K, 0% used [0x00000000f3e00000,0x00000000f3e00000,0x00000000f5780000)
 ParOldGen       total 169984K, used 34980K [0x00000000a0000000, 0x00000000aa600000, 0x00000000e0000000)
  object space 169984K, 20% used [0x00000000a0000000,0x00000000a22292e8,0x00000000aa600000)
 Metaspace       used 64314K, capacity 67822K, committed 67880K, reserved 1107968K
  class space    used 8806K, capacity 9519K, committed 9520K, reserved 1048576K
}
Event: 15.110 GC heap before
{Heap before GC invocations=14 (full 3):
 PSYoungGen      total 348672K, used 348641K [0x00000000e0000000, 0x00000000f8780000, 0x0000000100000000)
  eden space 325632K, 100% used [0x00000000e0000000,0x00000000f3e00000,0x00000000f3e00000)
  from space 23040K, 99% used [0x00000000f5780000,0x00000000f6df8588,0x00000000f6e00000)
  to   space 26112K, 0% used [0x00000000f3e00000,0x00000000f3e00000,0x00000000f5780000)
 ParOldGen       total 169984K, used 34980K [0x00000000a0000000, 0x00000000aa600000, 0x00000000e0000000)
  object space 169984K, 20% used [0x00000000a0000000,0x00000000a22292e8,0x00000000aa600000)
 Metaspace       used 76049K, capacity 79924K, committed 80168K, reserved 1118208K
  class space    used 10221K, capacity 11009K, committed 11056K, reserved 1048576K
Event: 15.167 GC heap after
Heap after GC invocations=14 (full 3):
 PSYoungGen      total 351744K, used 25204K [0x00000000e0000000, 0x00000000fb080000, 0x0000000100000000)
  eden space 325632K, 0% used [0x00000000e0000000,0x00000000e0000000,0x00000000f3e00000)
  from space 26112K, 96% used [0x00000000f3e00000,0x00000000f569d1b0,0x00000000f5780000)
  to   space 29696K, 0% used [0x00000000f9380000,0x00000000f9380000,0x00000000fb080000)
 ParOldGen       total 169984K, used 53035K [0x00000000a0000000, 0x00000000aa600000, 0x00000000e0000000)
  object space 169984K, 31% used [0x00000000a0000000,0x00000000a33caf58,0x00000000aa600000)
 Metaspace       used 76049K, capacity 79924K, committed 80168K, reserved 1118208K
  class space    used 10221K, capacity 11009K, committed 11056K, reserved 1048576K
}
Event: 17.223 GC heap before
{Heap before GC invocations=15 (full 3):
 PSYoungGen      total 351744K, used 350836K [0x00000000e0000000, 0x00000000fb080000, 0x0000000100000000)
  eden space 325632K, 100% used [0x00000000e0000000,0x00000000f3e00000,0x00000000f3e00000)
  from space 26112K, 96% used [0x00000000f3e00000,0x00000000f569d1b0,0x00000000f5780000)
  to   space 29696K, 0% used [0x00000000f9380000,0x00000000f9380000,0x00000000fb080000)
 ParOldGen       total 169984K, used 53035K [0x00000000a0000000, 0x00000000aa600000, 0x00000000e0000000)
  object space 169984K, 31% used [0x00000000a0000000,0x00000000a33caf58,0x00000000aa600000)
 Metaspace       used 85792K, capacity 91394K, committed 91560K, reserved 1128448K
  class space    used 11780K, capacity 12954K, committed 12976K, reserved 1048576K
Event: 17.269 GC heap after
Heap after GC invocations=15 (full 3):
 PSYoungGen      total 403968K, used 29665K [0x00000000e0000000, 0x00000000fc480000, 0x0000000100000000)
  eden space 374272K, 0% used [0x00000000e0000000,0x00000000e0000000,0x00000000f6d80000)
  from space 29696K, 99% used [0x00000000f9380000,0x00000000fb078700,0x00000000fb080000)
  to   space 38912K, 0% used [0x00000000f6d80000,0x00000000f6d80000,0x00000000f9380000)
 ParOldGen       total 169984K, used 66613K [0x00000000a0000000, 0x00000000aa600000, 0x00000000e0000000)
  object space 169984K, 39% used [0x00000000a0000000,0x00000000a410d660,0x00000000aa600000)
 Metaspace       used 85792K, capacity 91394K, committed 91560K, reserved 1128448K
  class space    used 11780K, capacity 12954K, committed 12976K, reserved 1048576K
}

