# JRE version: OpenJDK Runtime Environment (8.0_242-b01) (build 1.8.0_242-release-1644-b01)
# Java VM: OpenJDK 64-Bit Server VM (25.242-b01 mixed mode windows-amd64 compressed oops)
Heap:
 PSYoungGen      total 272384K, used 137435K [0x00000000e0000000, 0x00000000f2500000, 0x0000000100000000)
  eden space 259072K, 47% used [0x00000000e0000000,0x00000000e793c828,0x00000000efd00000)
  from space 13312K, 99% used [0x00000000f1800000,0x00000000f24fa468,0x00000000f2500000)
  to   space 15360K, 0% used [0x00000000f0700000,0x00000000f0700000,0x00000000f1600000)
 ParOldGen       total 120832K, used 16466K [0x00000000a0000000, 0x00000000a7600000, 0x00000000e0000000)
  object space 120832K, 13% used [0x00000000a0000000,0x00000000a1014870,0x00000000a7600000)
 Metaspace       used 51772K, capacity 53942K, committed 54056K, reserved 1095680K
  class space    used 6906K, capacity 7439K, committed 7472K, reserved 1048576K
GC Heap History (10 events):
Event: 2.508 GC heap before
{Heap before GC invocations=6 (full 1):
 PSYoungGen      total 106496K, used 6993K [0x00000000e0000000, 0x00000000ed600000, 0x0000000100000000)
  eden space 98304K, 0% used [0x00000000e0000000,0x00000000e0000000,0x00000000e6000000)
  from space 8192K, 85% used [0x00000000e6000000,0x00000000e66d4480,0x00000000e6800000)
  to   space 11264K, 0% used [0x00000000ecb00000,0x00000000ecb00000,0x00000000ed600000)
 ParOldGen       total 131072K, used 2984K [0x00000000a0000000, 0x00000000a8000000, 0x00000000e0000000)
  object space 131072K, 2% used [0x00000000a0000000,0x00000000a02ea2b8,0x00000000a8000000)
 Metaspace       used 20550K, capacity 21208K, committed 21296K, reserved 1067008K
  class space    used 2873K, capacity 3076K, committed 3120K, reserved 1048576K
Event: 2.550 GC heap after
Heap after GC invocations=6 (full 1):
 PSYoungGen      total 106496K, used 0K [0x00000000e0000000, 0x00000000ed600000, 0x0000000100000000)
  eden space 98304K, 0% used [0x00000000e0000000,0x00000000e0000000,0x00000000e6000000)
  from space 8192K, 0% used [0x00000000e6000000,0x00000000e6000000,0x00000000e6800000)
  to   space 11264K, 0% used [0x00000000ecb00000,0x00000000ecb00000,0x00000000ed600000)
 ParOldGen       total 73216K, used 7337K [0x00000000a0000000, 0x00000000a4780000, 0x00000000e0000000)
  object space 73216K, 10% used [0x00000000a0000000,0x00000000a072a698,0x00000000a4780000)
 Metaspace       used 20550K, capacity 21208K, committed 21296K, reserved 1067008K
  class space    used 2873K, capacity 3076K, committed 3120K, reserved 1048576K
}
Event: 3.450 GC heap before
{Heap before GC invocations=7 (full 1):
 PSYoungGen      total 106496K, used 98304K [0x00000000e0000000, 0x00000000ed600000, 0x0000000100000000)
  eden space 98304K, 100% used [0x00000000e0000000,0x00000000e6000000,0x00000000e6000000)
  from space 8192K, 0% used [0x00000000e6000000,0x00000000e6000000,0x00000000e6800000)
  to   space 11264K, 0% used [0x00000000ecb00000,0x00000000ecb00000,0x00000000ed600000)
 ParOldGen       total 73216K, used 7337K [0x00000000a0000000, 0x00000000a4780000, 0x00000000e0000000)
  object space 73216K, 10% used [0x00000000a0000000,0x00000000a072a698,0x00000000a4780000)
 Metaspace       used 31267K, capacity 32170K, committed 32432K, reserved 1077248K
  class space    used 4253K, capacity 4468K, committed 4528K, reserved 1048576K
Event: 3.464 GC heap after
Heap after GC invocations=7 (full 1):
 PSYoungGen      total 176128K, used 11232K [0x00000000e0000000, 0x00000000ed600000, 0x0000000100000000)
  eden space 164864K, 0% used [0x00000000e0000000,0x00000000e0000000,0x00000000ea100000)
  from space 11264K, 99% used [0x00000000ecb00000,0x00000000ed5f8170,0x00000000ed600000)
  to   space 13312K, 0% used [0x00000000ebc00000,0x00000000ebc00000,0x00000000ec900000)
 ParOldGen       total 73216K, used 7587K [0x00000000a0000000, 0x00000000a4780000, 0x00000000e0000000)
  object space 73216K, 10% used [0x00000000a0000000,0x00000000a0768cd0,0x00000000a4780000)
 Metaspace       used 31267K, capacity 32170K, committed 32432K, reserved 1077248K
  class space    used 4253K, capacity 4468K, committed 4528K, reserved 1048576K
}
Event: 3.962 GC heap before
{Heap before GC invocations=8 (full 1):
 PSYoungGen      total 176128K, used 78457K [0x00000000e0000000, 0x00000000ed600000, 0x0000000100000000)
  eden space 164864K, 40% used [0x00000000e0000000,0x00000000e41a6370,0x00000000ea100000)
  from space 11264K, 99% used [0x00000000ecb00000,0x00000000ed5f8170,0x00000000ed600000)
  to   space 13312K, 0% used [0x00000000ebc00000,0x00000000ebc00000,0x00000000ec900000)
 ParOldGen       total 73216K, used 7587K [0x00000000a0000000, 0x00000000a4780000, 0x00000000e0000000)
  object space 73216K, 10% used [0x00000000a0000000,0x00000000a0768cd0,0x00000000a4780000)
 Metaspace       used 34312K, capacity 35430K, committed 35496K, reserved 1079296K
  class space    used 4728K, capacity 5034K, committed 5040K, reserved 1048576K
Event: 3.974 GC heap after
Heap after GC invocations=8 (full 1):
 PSYoungGen      total 205824K, used 10201K [0x00000000e0000000, 0x00000000f2500000, 0x0000000100000000)
  eden space 192512K, 0% used [0x00000000e0000000,0x00000000e0000000,0x00000000ebc00000)
  from space 13312K, 76% used [0x00000000ebc00000,0x00000000ec5f67f8,0x00000000ec900000)
  to   space 13312K, 0% used [0x00000000f1800000,0x00000000f1800000,0x00000000f2500000)
 ParOldGen       total 73216K, used 7595K [0x00000000a0000000, 0x00000000a4780000, 0x00000000e0000000)
  object space 73216K, 10% used [0x00000000a0000000,0x00000000a076acd0,0x00000000a4780000)
 Metaspace       used 34312K, capacity 35430K, committed 35496K, reserved 1079296K
  class space    used 4728K, capacity 5034K, committed 5040K, reserved 1048576K
}
Event: 3.974 GC heap before
{Heap before GC invocations=9 (full 2):
 PSYoungGen      total 205824K, used 10201K [0x00000000e0000000, 0x00000000f2500000, 0x0000000100000000)
  eden space 192512K, 0% used [0x00000000e0000000,0x00000000e0000000,0x00000000ebc00000)
  from space 13312K, 76% used [0x00000000ebc00000,0x00000000ec5f67f8,0x00000000ec900000)
  to   space 13312K, 0% used [0x00000000f1800000,0x00000000f1800000,0x00000000f2500000)
 ParOldGen       total 73216K, used 7595K [0x00000000a0000000, 0x00000000a4780000, 0x00000000e0000000)
  object space 73216K, 10% used [0x00000000a0000000,0x00000000a076acd0,0x00000000a4780000)
 Metaspace       used 34312K, capacity 35430K, committed 35496K, reserved 1079296K
  class space    used 4728K, capacity 5034K, committed 5040K, reserved 1048576K
Event: 4.099 GC heap after
Heap after GC invocations=9 (full 2):
 PSYoungGen      total 205824K, used 0K [0x00000000e0000000, 0x00000000f2500000, 0x0000000100000000)
  eden space 192512K, 0% used [0x00000000e0000000,0x00000000e0000000,0x00000000ebc00000)
  from space 13312K, 0% used [0x00000000ebc00000,0x00000000ebc00000,0x00000000ec900000)
  to   space 13312K, 0% used [0x00000000f1800000,0x00000000f1800000,0x00000000f2500000)
 ParOldGen       total 120832K, used 16432K [0x00000000a0000000, 0x00000000a7600000, 0x00000000e0000000)
  object space 120832K, 13% used [0x00000000a0000000,0x00000000a100c198,0x00000000a7600000)
 Metaspace       used 34312K, capacity 35430K, committed 35496K, reserved 1079296K
  class space    used 4728K, capacity 5034K, committed 5040K, reserved 1048576K
}
Event: 5.345 GC heap before
{Heap before GC invocations=10 (full 2):
 PSYoungGen      total 205824K, used 192512K [0x00000000e0000000, 0x00000000f2500000, 0x0000000100000000)
  eden space 192512K, 100% used [0x00000000e0000000,0x00000000ebc00000,0x00000000ebc00000)
  from space 13312K, 0% used [0x00000000ebc00000,0x00000000ebc00000,0x00000000ec900000)
  to   space 13312K, 0% used [0x00000000f1800000,0x00000000f1800000,0x00000000f2500000)
 ParOldGen       total 120832K, used 16432K [0x00000000a0000000, 0x00000000a7600000, 0x00000000e0000000)
  object space 120832K, 13% used [0x00000000a0000000,0x00000000a100c198,0x00000000a7600000)
 Metaspace       used 43122K, capacity 44878K, committed 45224K, reserved 1087488K
  class space    used 5851K, capacity 6270K, committed 6320K, reserved 1048576K
Event: 5.356 GC heap after
Heap after GC invocations=10 (full 2):
 PSYoungGen      total 272384K, used 13289K [0x00000000e0000000, 0x00000000f2500000, 0x0000000100000000)
  eden space 259072K, 0% used [0x00000000e0000000,0x00000000e0000000,0x00000000efd00000)
  from space 13312K, 99% used [0x00000000f1800000,0x00000000f24fa468,0x00000000f2500000)
  to   space 15360K, 0% used [0x00000000f0700000,0x00000000f0700000,0x00000000f1600000)
 ParOldGen       total 120832K, used 16466K [0x00000000a0000000, 0x00000000a7600000, 0x00000000e0000000)
  object space 120832K, 13% used [0x00000000a0000000,0x00000000a1014870,0x00000000a7600000)
 Metaspace       used 43122K, capacity 44878K, committed 45224K, reserved 1087488K
  class space    used 5851K, capacity 6270K, committed 6320K, reserved 1048576K
}

