# JRE version: OpenJDK Runtime Environment (8.0_242-b01) (build 1.8.0_242-release-1644-b01)
# Java VM: OpenJDK 64-Bit Server VM (25.242-b01 mixed mode windows-amd64 compressed oops)
Heap:
 PSYoungGen      total 204288K, used 95175K [0x00000000e0000000, 0x00000000ef900000, 0x0000000100000000)
  eden space 182272K, 43% used [0x00000000e0000000,0x00000000e4cdde00,0x00000000eb200000)
  from space 22016K, 74% used [0x00000000eb200000,0x00000000ec2141b0,0x00000000ec780000)
  to   space 23040K, 0% used [0x00000000ee280000,0x00000000ee280000,0x00000000ef900000)
 ParOldGen       total 179712K, used 36508K [0x00000000a0000000, 0x00000000aaf80000, 0x00000000e0000000)
  object space 179712K, 20% used [0x00000000a0000000,0x00000000a23a7138,0x00000000aaf80000)
 Metaspace       used 64014K, capacity 67214K, committed 67376K, reserved 1107968K
  class space    used 8754K, capacity 9443K, committed 9520K, reserved 1048576K
GC Heap History (10 events):
Event: 6.052 GC heap before
{Heap before GC invocations=10 (full 2):
 PSYoungGen      total 168448K, used 9244K [0x00000000e0000000, 0x00000000eb900000, 0x0000000100000000)
  eden space 155648K, 0% used [0x00000000e0000000,0x00000000e0000000,0x00000000e9800000)
  from space 12800K, 72% used [0x00000000ea480000,0x00000000ead87118,0x00000000eb100000)
  to   space 12800K, 0% used [0x00000000e9800000,0x00000000e9800000,0x00000000ea480000)
 ParOldGen       total 68608K, used 7663K [0x00000000a0000000, 0x00000000a4300000, 0x00000000e0000000)
  object space 68608K, 11% used [0x00000000a0000000,0x00000000a077be60,0x00000000a4300000)
 Metaspace       used 34579K, capacity 35462K, committed 35496K, reserved 1079296K
  class space    used 4755K, capacity 5034K, committed 5040K, reserved 1048576K
Event: 6.155 GC heap after
Heap after GC invocations=10 (full 2):
 PSYoungGen      total 168448K, used 0K [0x00000000e0000000, 0x00000000eb900000, 0x0000000100000000)
  eden space 155648K, 0% used [0x00000000e0000000,0x00000000e0000000,0x00000000e9800000)
  from space 12800K, 0% used [0x00000000ea480000,0x00000000ea480000,0x00000000eb100000)
  to   space 12800K, 0% used [0x00000000e9800000,0x00000000e9800000,0x00000000ea480000)
 ParOldGen       total 112640K, used 15698K [0x00000000a0000000, 0x00000000a6e00000, 0x00000000e0000000)
  object space 112640K, 13% used [0x00000000a0000000,0x00000000a0f54b98,0x00000000a6e00000)
 Metaspace       used 34579K, capacity 35462K, committed 35496K, reserved 1079296K
  class space    used 4755K, capacity 5034K, committed 5040K, reserved 1048576K
}
Event: 7.849 GC heap before
{Heap before GC invocations=11 (full 2):
 PSYoungGen      total 168448K, used 155648K [0x00000000e0000000, 0x00000000eb900000, 0x0000000100000000)
  eden space 155648K, 100% used [0x00000000e0000000,0x00000000e9800000,0x00000000e9800000)
  from space 12800K, 0% used [0x00000000ea480000,0x00000000ea480000,0x00000000eb100000)
  to   space 12800K, 0% used [0x00000000e9800000,0x00000000e9800000,0x00000000ea480000)
 ParOldGen       total 112640K, used 15698K [0x00000000a0000000, 0x00000000a6e00000, 0x00000000e0000000)
  object space 112640K, 13% used [0x00000000a0000000,0x00000000a0f54b98,0x00000000a6e00000)
 Metaspace       used 46831K, capacity 48466K, committed 48816K, reserved 1091584K
  class space    used 6314K, capacity 6725K, committed 6832K, reserved 1048576K
Event: 7.861 GC heap after
Heap after GC invocations=11 (full 2):
 PSYoungGen      total 168448K, used 12777K [0x00000000e0000000, 0x00000000ed800000, 0x0000000100000000)
  eden space 155648K, 0% used [0x00000000e0000000,0x00000000e0000000,0x00000000e9800000)
  from space 12800K, 99% used [0x00000000e9800000,0x00000000ea47a5b8,0x00000000ea480000)
  to   space 16896K, 0% used [0x00000000ec780000,0x00000000ec780000,0x00000000ed800000)
 ParOldGen       total 112640K, used 22353K [0x00000000a0000000, 0x00000000a6e00000, 0x00000000e0000000)
  object space 112640K, 19% used [0x00000000a0000000,0x00000000a15d4560,0x00000000a6e00000)
 Metaspace       used 46831K, capacity 48466K, committed 48816K, reserved 1091584K
  class space    used 6314K, capacity 6725K, committed 6832K, reserved 1048576K
}
Event: 9.236 GC heap before
{Heap before GC invocations=12 (full 2):
 PSYoungGen      total 168448K, used 141786K [0x00000000e0000000, 0x00000000ed800000, 0x0000000100000000)
  eden space 155648K, 82% used [0x00000000e0000000,0x00000000e7dfc548,0x00000000e9800000)
  from space 12800K, 99% used [0x00000000e9800000,0x00000000ea47a5b8,0x00000000ea480000)
  to   space 16896K, 0% used [0x00000000ec780000,0x00000000ec780000,0x00000000ed800000)
 ParOldGen       total 112640K, used 22353K [0x00000000a0000000, 0x00000000a6e00000, 0x00000000e0000000)
  object space 112640K, 19% used [0x00000000a0000000,0x00000000a15d4560,0x00000000a6e00000)
 Metaspace       used 56925K, capacity 59000K, committed 59160K, reserved 1099776K
  class space    used 7737K, capacity 8260K, committed 8368K, reserved 1048576K
Event: 9.253 GC heap after
Heap after GC invocations=12 (full 2):
 PSYoungGen      total 199168K, used 16866K [0x00000000e0000000, 0x00000000ee080000, 0x0000000100000000)
  eden space 182272K, 0% used [0x00000000e0000000,0x00000000e0000000,0x00000000eb200000)
  from space 16896K, 99% used [0x00000000ec780000,0x00000000ed7f8840,0x00000000ed800000)
  to   space 22016K, 0% used [0x00000000eb200000,0x00000000eb200000,0x00000000ec780000)
 ParOldGen       total 112640K, used 29598K [0x00000000a0000000, 0x00000000a6e00000, 0x00000000e0000000)
  object space 112640K, 26% used [0x00000000a0000000,0x00000000a1ce7a60,0x00000000a6e00000)
 Metaspace       used 56925K, capacity 59000K, committed 59160K, reserved 1099776K
  class space    used 7737K, capacity 8260K, committed 8368K, reserved 1048576K
}
Event: 9.253 GC heap before
{Heap before GC invocations=13 (full 3):
 PSYoungGen      total 199168K, used 16866K [0x00000000e0000000, 0x00000000ee080000, 0x0000000100000000)
  eden space 182272K, 0% used [0x00000000e0000000,0x00000000e0000000,0x00000000eb200000)
  from space 16896K, 99% used [0x00000000ec780000,0x00000000ed7f8840,0x00000000ed800000)
  to   space 22016K, 0% used [0x00000000eb200000,0x00000000eb200000,0x00000000ec780000)
 ParOldGen       total 112640K, used 29598K [0x00000000a0000000, 0x00000000a6e00000, 0x00000000e0000000)
  object space 112640K, 26% used [0x00000000a0000000,0x00000000a1ce7a60,0x00000000a6e00000)
 Metaspace       used 56925K, capacity 59000K, committed 59160K, reserved 1099776K
  class space    used 7737K, capacity 8260K, committed 8368K, reserved 1048576K
Event: 9.457 GC heap after
Heap after GC invocations=13 (full 3):
 PSYoungGen      total 199168K, used 0K [0x00000000e0000000, 0x00000000ee080000, 0x0000000100000000)
  eden space 182272K, 0% used [0x00000000e0000000,0x00000000e0000000,0x00000000eb200000)
  from space 16896K, 0% used [0x00000000ec780000,0x00000000ec780000,0x00000000ed800000)
  to   space 22016K, 0% used [0x00000000eb200000,0x00000000eb200000,0x00000000ec780000)
 ParOldGen       total 179712K, used 36500K [0x00000000a0000000, 0x00000000aaf80000, 0x00000000e0000000)
  object space 179712K, 20% used [0x00000000a0000000,0x00000000a23a5138,0x00000000aaf80000)
 Metaspace       used 56893K, capacity 58892K, committed 59160K, reserved 1099776K
  class space    used 7727K, capacity 8242K, committed 8368K, reserved 1048576K
}
Event: 10.940 GC heap before
{Heap before GC invocations=14 (full 3):
 PSYoungGen      total 199168K, used 182272K [0x00000000e0000000, 0x00000000ee080000, 0x0000000100000000)
  eden space 182272K, 100% used [0x00000000e0000000,0x00000000eb200000,0x00000000eb200000)
  from space 16896K, 0% used [0x00000000ec780000,0x00000000ec780000,0x00000000ed800000)
  to   space 22016K, 0% used [0x00000000eb200000,0x00000000eb200000,0x00000000ec780000)
 ParOldGen       total 179712K, used 36500K [0x00000000a0000000, 0x00000000aaf80000, 0x00000000e0000000)
  object space 179712K, 20% used [0x00000000a0000000,0x00000000a23a5138,0x00000000aaf80000)
 Metaspace       used 63440K, capacity 66572K, committed 66736K, reserved 1105920K
  class space    used 8700K, capacity 9386K, committed 9392K, reserved 1048576K
Event: 10.953 GC heap after
Heap after GC invocations=14 (full 3):
 PSYoungGen      total 204288K, used 16464K [0x00000000e0000000, 0x00000000ef900000, 0x0000000100000000)
  eden space 182272K, 0% used [0x00000000e0000000,0x00000000e0000000,0x00000000eb200000)
  from space 22016K, 74% used [0x00000000eb200000,0x00000000ec2141b0,0x00000000ec780000)
  to   space 23040K, 0% used [0x00000000ee280000,0x00000000ee280000,0x00000000ef900000)
 ParOldGen       total 179712K, used 36508K [0x00000000a0000000, 0x00000000aaf80000, 0x00000000e0000000)
  object space 179712K, 20% used [0x00000000a0000000,0x00000000a23a7138,0x00000000aaf80000)
 Metaspace       used 63440K, capacity 66572K, committed 66736K, reserved 1105920K
  class space    used 8700K, capacity 9386K, committed 9392K, reserved 1048576K
}

