# JRE version: OpenJDK Runtime Environment (8.0_242-b01) (build 1.8.0_242-release-1644-b01)
# Java VM: OpenJDK 64-Bit Server VM (25.242-b01 mixed mode windows-amd64 compressed oops)
Heap:
 PSYoungGen      total 184320K, used 76091K [0x00000000e0000000, 0x00000000ed680000, 0x0000000100000000)
  eden space 173056K, 37% used [0x00000000e0000000,0x00000000e3f8a110,0x00000000ea900000)
  from space 11264K, 97% used [0x00000000ecb80000,0x00000000ed644e80,0x00000000ed680000)
  to   space 13312K, 0% used [0x00000000ebc80000,0x00000000ebc80000,0x00000000ec980000)
 ParOldGen       total 70656K, used 7690K [0x00000000a0000000, 0x00000000a4500000, 0x00000000e0000000)
  object space 70656K, 10% used [0x00000000a0000000,0x00000000a0782a18,0x00000000a4500000)
 Metaspace       used 33350K, capacity 34272K, committed 34608K, reserved 1079296K
  class space    used 4584K, capacity 4839K, committed 4912K, reserved 1048576K
GC Heap History (10 events):
Event: 1.768 GC heap before
{Heap before GC invocations=3 (full 0):
 PSYoungGen      total 57344K, used 55777K [0x00000000e0000000, 0x00000000e4000000, 0x0000000100000000)
  eden space 49152K, 100% used [0x00000000e0000000,0x00000000e3000000,0x00000000e3000000)
  from space 8192K, 80% used [0x00000000e3800000,0x00000000e3e78578,0x00000000e4000000)
  to   space 8192K, 0% used [0x00000000e3000000,0x00000000e3000000,0x00000000e3800000)
 ParOldGen       total 131072K, used 24K [0x00000000a0000000, 0x00000000a8000000, 0x00000000e0000000)
  object space 131072K, 0% used [0x00000000a0000000,0x00000000a0006000,0x00000000a8000000)
 Metaspace       used 15719K, capacity 16146K, committed 16384K, reserved 1062912K
  class space    used 2134K, capacity 2285K, committed 2304K, reserved 1048576K
Event: 1.774 GC heap after
Heap after GC invocations=3 (full 0):
 PSYoungGen      total 57344K, used 8166K [0x00000000e0000000, 0x00000000e7000000, 0x0000000100000000)
  eden space 49152K, 0% used [0x00000000e0000000,0x00000000e0000000,0x00000000e3000000)
  from space 8192K, 99% used [0x00000000e3000000,0x00000000e37f9b70,0x00000000e3800000)
  to   space 8192K, 0% used [0x00000000e6800000,0x00000000e6800000,0x00000000e7000000)
 ParOldGen       total 131072K, used 586K [0x00000000a0000000, 0x00000000a8000000, 0x00000000e0000000)
  object space 131072K, 0% used [0x00000000a0000000,0x00000000a00929c8,0x00000000a8000000)
 Metaspace       used 15719K, capacity 16146K, committed 16384K, reserved 1062912K
  class space    used 2134K, capacity 2285K, committed 2304K, reserved 1048576K
}
Event: 2.242 GC heap before
{Heap before GC invocations=4 (full 0):
 PSYoungGen      total 57344K, used 57318K [0x00000000e0000000, 0x00000000e7000000, 0x0000000100000000)
  eden space 49152K, 100% used [0x00000000e0000000,0x00000000e3000000,0x00000000e3000000)
  from space 8192K, 99% used [0x00000000e3000000,0x00000000e37f9b70,0x00000000e3800000)
  to   space 8192K, 0% used [0x00000000e6800000,0x00000000e6800000,0x00000000e7000000)
 ParOldGen       total 131072K, used 586K [0x00000000a0000000, 0x00000000a8000000, 0x00000000e0000000)
  object space 131072K, 0% used [0x00000000a0000000,0x00000000a00929c8,0x00000000a8000000)
 Metaspace       used 20411K, capacity 21004K, committed 21248K, reserved 1067008K
  class space    used 2863K, capacity 3052K, committed 3072K, reserved 1048576K
Event: 2.250 GC heap after
Heap after GC invocations=4 (full 0):
 PSYoungGen      total 106496K, used 8173K [0x00000000e0000000, 0x00000000e7000000, 0x0000000100000000)
  eden space 98304K, 0% used [0x00000000e0000000,0x00000000e0000000,0x00000000e6000000)
  from space 8192K, 99% used [0x00000000e6800000,0x00000000e6ffb568,0x00000000e7000000)
  to   space 8192K, 0% used [0x00000000e6000000,0x00000000e6000000,0x00000000e6800000)
 ParOldGen       total 131072K, used 3523K [0x00000000a0000000, 0x00000000a8000000, 0x00000000e0000000)
  object space 131072K, 2% used [0x00000000a0000000,0x00000000a0370da8,0x00000000a8000000)
 Metaspace       used 20411K, capacity 21004K, committed 21248K, reserved 1067008K
  class space    used 2863K, capacity 3052K, committed 3072K, reserved 1048576K
}
Event: 2.286 GC heap before
{Heap before GC invocations=5 (full 0):
 PSYoungGen      total 106496K, used 14065K [0x00000000e0000000, 0x00000000e7000000, 0x0000000100000000)
  eden space 98304K, 5% used [0x00000000e0000000,0x00000000e05c10b0,0x00000000e6000000)
  from space 8192K, 99% used [0x00000000e6800000,0x00000000e6ffb568,0x00000000e7000000)
  to   space 8192K, 0% used [0x00000000e6000000,0x00000000e6000000,0x00000000e6800000)
 ParOldGen       total 131072K, used 3523K [0x00000000a0000000, 0x00000000a8000000, 0x00000000e0000000)
  object space 131072K, 2% used [0x00000000a0000000,0x00000000a0370da8,0x00000000a8000000)
 Metaspace       used 20707K, capacity 21260K, committed 21296K, reserved 1067008K
  class space    used 2908K, capacity 3116K, committed 3120K, reserved 1048576K
Event: 2.291 GC heap after
Heap after GC invocations=5 (full 0):
 PSYoungGen      total 106496K, used 7383K [0x00000000e0000000, 0x00000000ed700000, 0x0000000100000000)
  eden space 98304K, 0% used [0x00000000e0000000,0x00000000e0000000,0x00000000e6000000)
  from space 8192K, 90% used [0x00000000e6000000,0x00000000e6735ff0,0x00000000e6800000)
  to   space 11776K, 0% used [0x00000000ecb80000,0x00000000ecb80000,0x00000000ed700000)
 ParOldGen       total 131072K, used 3531K [0x00000000a0000000, 0x00000000a8000000, 0x00000000e0000000)
  object space 131072K, 2% used [0x00000000a0000000,0x00000000a0372da8,0x00000000a8000000)
 Metaspace       used 20707K, capacity 21260K, committed 21296K, reserved 1067008K
  class space    used 2908K, capacity 3116K, committed 3120K, reserved 1048576K
}
Event: 2.291 GC heap before
{Heap before GC invocations=6 (full 1):
 PSYoungGen      total 106496K, used 7383K [0x00000000e0000000, 0x00000000ed700000, 0x0000000100000000)
  eden space 98304K, 0% used [0x00000000e0000000,0x00000000e0000000,0x00000000e6000000)
  from space 8192K, 90% used [0x00000000e6000000,0x00000000e6735ff0,0x00000000e6800000)
  to   space 11776K, 0% used [0x00000000ecb80000,0x00000000ecb80000,0x00000000ed700000)
 ParOldGen       total 131072K, used 3531K [0x00000000a0000000, 0x00000000a8000000, 0x00000000e0000000)
  object space 131072K, 2% used [0x00000000a0000000,0x00000000a0372da8,0x00000000a8000000)
 Metaspace       used 20707K, capacity 21260K, committed 21296K, reserved 1067008K
  class space    used 2908K, capacity 3116K, committed 3120K, reserved 1048576K
Event: 2.315 GC heap after
Heap after GC invocations=6 (full 1):
 PSYoungGen      total 106496K, used 0K [0x00000000e0000000, 0x00000000ed700000, 0x0000000100000000)
  eden space 98304K, 0% used [0x00000000e0000000,0x00000000e0000000,0x00000000e6000000)
  from space 8192K, 0% used [0x00000000e6000000,0x00000000e6000000,0x00000000e6800000)
  to   space 11776K, 0% used [0x00000000ecb80000,0x00000000ecb80000,0x00000000ed700000)
 ParOldGen       total 70656K, used 7682K [0x00000000a0000000, 0x00000000a4500000, 0x00000000e0000000)
  object space 70656K, 10% used [0x00000000a0000000,0x00000000a0780a18,0x00000000a4500000)
 Metaspace       used 20707K, capacity 21260K, committed 21296K, reserved 1067008K
  class space    used 2908K, capacity 3116K, committed 3120K, reserved 1048576K
}
Event: 3.007 GC heap before
{Heap before GC invocations=7 (full 1):
 PSYoungGen      total 106496K, used 98304K [0x00000000e0000000, 0x00000000ed700000, 0x0000000100000000)
  eden space 98304K, 100% used [0x00000000e0000000,0x00000000e6000000,0x00000000e6000000)
  from space 8192K, 0% used [0x00000000e6000000,0x00000000e6000000,0x00000000e6800000)
  to   space 11776K, 0% used [0x00000000ecb80000,0x00000000ecb80000,0x00000000ed700000)
 ParOldGen       total 70656K, used 7682K [0x00000000a0000000, 0x00000000a4500000, 0x00000000e0000000)
  object space 70656K, 10% used [0x00000000a0000000,0x00000000a0780a18,0x00000000a4500000)
 Metaspace       used 31044K, capacity 31790K, committed 31920K, reserved 1077248K
  class space    used 4232K, capacity 4468K, committed 4528K, reserved 1048576K
Event: 3.016 GC heap after
Heap after GC invocations=7 (full 1):
 PSYoungGen      total 184320K, used 11027K [0x00000000e0000000, 0x00000000ed680000, 0x0000000100000000)
  eden space 173056K, 0% used [0x00000000e0000000,0x00000000e0000000,0x00000000ea900000)
  from space 11264K, 97% used [0x00000000ecb80000,0x00000000ed644e80,0x00000000ed680000)
  to   space 13312K, 0% used [0x00000000ebc80000,0x00000000ebc80000,0x00000000ec980000)
 ParOldGen       total 70656K, used 7690K [0x00000000a0000000, 0x00000000a4500000, 0x00000000e0000000)
  object space 70656K, 10% used [0x00000000a0000000,0x00000000a0782a18,0x00000000a4500000)
 Metaspace       used 31044K, capacity 31790K, committed 31920K, reserved 1077248K
  class space    used 4232K, capacity 4468K, committed 4528K, reserved 1048576K
}

